
 +++++++++++++++++++++++++++++++++++++++++++++++++++++++++++++++++++
 +  SHELXL -  CRYSTAL STRUCTURE REFINEMENT  -   MULTI-CPU VERSION  +
 +  Copyright(C) George M. Sheldrick 1993-2013     Version 2013/4  +
 +  mrmnd                      started at 15:29:12 on 07-May-2014  +
 +++++++++++++++++++++++++++++++++++++++++++++++++++++++++++++++++++

 Command line parameters: mrmnd -a50000 -b3000 -c624 -t2

 -a sets the approximate maximum number of atoms including hydrogens.
 -b sets the maximum number of full-matrix parameters (leave unchanged for
 CGLS). For example -b9000 allows refinement of 1000 anisotropic atoms or
 3000 with BLOC 1. For a 32-bit version, -b times the square root of the
 number of threads should not exceed about 65500. -c sets the reflection
 buffer size. This depends on the CPU cache size but will rarely need
 changing. -t sets the number of threads, otherwise the multi-CPU version
 sets this equal to the number of available CPUs. For optimal performance
 on systems with hyperthreading, usually the hyperthreading should be
 switched off or -t used to halve the number of threads; e.g. -t4 rather
 than -t8 for an Intel i7 processor.

 Running  2 threads on  2 processors

 TITL MRMND in Pbca
 CELL 0.71073 17.789217 15.812932 28.402528 90 90 90
 ZERR 8 0.00029 0.000276 0.000518 0 0 0
 LATT 1
 SYMM 0.5-X,-Y,0.5+Z
 SYMM 0.5+X,0.5-Y,-Z
 SYMM -X,0.5+Y,0.5-Z
  
 SFAC C H D O P Pt S
 UNIT 336 368 96 24 16 8 8

 V =     7989.62     F(000) =    3664.0     Mu =   3.68 mm-1      Cell Wt =     7296.36    Rho =  1.516

  
  
 L.S. 4 0 0
 PLAN  20
 MORE -1
 BOND $H
 CONF
 fmap 2 53
 acta 52
 REM <HKL>/Users/melanie/Desktop/Crystal%20structures%20from%20pc/MRMND/MRMND.h
 REM kl</HKL>
 WGHT 0.0645 82.618
 FVAR 0.80539
  
 Pt1   6     0.44250  0.37310  0.31939  11.00000  0.01293  0.02118  0.02287 =
  -0.00188  0.00155 -0.00132
 S7    7     0.21388  0.52031  0.46723  11.00000  0.01923  0.02641  0.02880 =
  -0.00337  0.01001  0.00046
 P12   5     0.47636  0.49014  0.36358  11.00000  0.01184  0.01868  0.02074 =
  0.00027  0.00181  0.00063
 P19   5     0.31587  0.34520  0.31177  11.00000  0.01063  0.02489  0.02054 =
  -0.00171  0.00249 -0.00107
 O2    4     0.54442  0.32827  0.29990  11.00000  0.01987  0.03248  0.04826 =
  -0.01466  0.00723  0.00397
  
 C13   1     0.26500  0.26097  0.57607  11.00000  0.05260  0.04279  0.04214 =
  -0.01094  0.01353 -0.01277
 AFIX 43
 D13   3     0.22662  0.26616  0.59811  11.00000 -1.20000
 AFIX 0
  
 C25   1     0.40829  0.76889  0.46290  11.00000  0.02919  0.01736  0.04432 =
  -0.00453 -0.00405  0.00003
 AFIX 137
 H25a  2     0.41669  0.76960  0.49628  11.00000 -1.50000
 H25b  2     0.36854  0.80753  0.45516  11.00000 -1.50000
 H25c  2     0.45346  0.78559  0.44692  11.00000 -1.50000
 AFIX 0
 O28   4     0.48557  0.27641  0.28144  11.00000  0.02156  0.03068  0.04153 =
  -0.01366  0.00308  0.00015
 O38   4     0.32443  0.43872  0.40530  11.00000  0.00990  0.01497  0.02434 =
  -0.00138 -0.00000  0.00206
  
 C48   1     0.27001  0.31675  0.53959  11.00000  0.03012  0.02918  0.05374 =
  -0.00857 -0.00108 -0.00436
 AFIX 43
 D48   3     0.23531  0.36050  0.53705  11.00000 -1.20000
 AFIX 0
  
 C52   1     0.22983  0.31129  0.22505  11.00000  0.02175  0.09005  0.02524 =
  -0.00779 -0.00153 -0.00844
 AFIX 137
 H52a  2     0.24415  0.25314  0.22873  11.00000 -1.50000
 H52b  2     0.22623  0.32458  0.19215  11.00000 -1.50000
 H52c  2     0.18199  0.32052  0.23983  11.00000 -1.50000
 AFIX 0
 C1    1     0.02454  0.40822  0.33933  11.00000  0.01284  0.06225  0.04211 =
  0.00208 -0.00150  0.00417
 AFIX 137
 H1a   2     0.02484  0.37744  0.31019  11.00000 -1.50000
 H1b   2     0.00236  0.46286  0.33441  11.00000 -1.50000
 H1c   2    -0.00423  0.37762  0.36230  11.00000 -1.50000
 AFIX 0
 C6    1     0.29936  0.56629  0.44831  11.00000  0.01654  0.02022  0.02228 =
  0.00031  0.00328  0.00297
 C12   1     0.36113  0.36022  0.21871  11.00000  0.02354  0.06466  0.01737 =
  -0.00288  0.00218  0.00069
 AFIX 137
 H12a  2     0.39876  0.39795  0.23080  11.00000 -1.50000
 H12b  2     0.35037  0.37449  0.18656  11.00000 -1.50000
 H12c  2     0.37926  0.30311  0.22032  11.00000 -1.50000
 AFIX 0
 C16   1     0.43201  0.63435  0.41783  11.00000  0.01889  0.01925  0.02455 =
  0.00051 -0.00254 -0.00178
 AFIX 43
 H16   2     0.47718  0.65801  0.40790  11.00000 -1.20000
 AFIX 0
 C28   1     0.28929  0.36841  0.24819  11.00000  0.01909  0.04792  0.02098 =
  -0.00137  0.00075 -0.00284
 C53   1     0.23861  0.39339  0.34533  11.00000  0.01199  0.02635  0.02178 =
  0.00146  0.00282  0.00154
  
 C59   1     0.31757  0.19626  0.58016  11.00000  0.07123  0.04209  0.02867 =
  0.01005 -0.00417 -0.01190
 AFIX 43
 D59   3     0.31495  0.15840  0.60516  11.00000 -1.20000
 AFIX 0
  
 C62   1     0.45004  0.84697  0.63125  11.00000  0.05120  0.02974  0.08303 =
  0.00822 -0.02652 -0.00277
 AFIX 43
 D62   3     0.47975  0.80665  0.64614  11.00000 -1.20000
 AFIX 0
  
 C65   1     0.36185  0.96484  0.58697  11.00000  0.05950  0.03600  0.06548 =
  -0.01393 -0.03008  0.00805
 AFIX 43
 D65   3     0.33217  1.00476  0.57171  11.00000 -1.20000
 AFIX 0
  
 C76   1     0.45607  0.62509  0.30211  11.00000  0.03694  0.03256  0.03033 =
  0.00943  0.00392  0.00197
 AFIX 137
 H76a  2     0.41599  0.58986  0.29081  11.00000 -1.50000
 H76b  2     0.47491  0.65910  0.27672  11.00000 -1.50000
 H76c  2     0.43757  0.66117  0.32670  11.00000 -1.50000
 AFIX 0
 C77   1     0.25166  0.43387  0.38775  11.00000  0.00732  0.01700  0.02567 =
  0.00384  0.00137 -0.00037
 C85   1     0.38658  0.68097  0.44773  11.00000  0.01971  0.01724  0.02672 =
  -0.00024 -0.00394  0.00196
 C94   1     0.58307  0.62667  0.34092  11.00000  0.03020  0.03002  0.04889 =
  -0.00171  0.01291 -0.01283
 AFIX 137
 H94a  2     0.56385  0.66018  0.36640  11.00000 -1.50000
 H94b  2     0.60084  0.66322  0.31634  11.00000 -1.50000
 H94c  2     0.62378  0.59221  0.35207  11.00000 -1.50000
 AFIX 0
  
 C95   1     0.34282  0.93786  0.62996  11.00000  0.03889  0.08156  0.06573 =
  -0.03676 -0.00785  0.00701
 AFIX 43
 D95   3     0.29991  0.95900  0.64450  11.00000 -1.20000
 AFIX 0
  
 C103  1     0.51975  0.56924  0.32149  11.00000  0.02210  0.02362  0.03129 =
  0.00340  0.00973 -0.00473
 C107  1     0.22028  0.19997  0.33023  11.00000  0.02774  0.03621  0.03674 =
  -0.00423  0.00756 -0.01667
 AFIX 137
 H10a  2     0.19211  0.23307  0.35240  11.00000 -1.50000
 H10b  2     0.21897  0.14157  0.33942  11.00000 -1.50000
 H10c  2     0.19860  0.20599  0.29946  11.00000 -1.50000
 AFIX 0
  
 C111  1     0.32616  0.30870  0.50648  11.00000  0.03967  0.02397  0.02920 =
  -0.00098 -0.00384 -0.00650
 AFIX 43
 D111  3     0.32878  0.34644  0.48142  11.00000 -1.20000
 AFIX 0
  
 C132  1     0.38714  0.87811  0.65305  11.00000  0.07016  0.08539  0.04547 =
  -0.00435 -0.00612 -0.02545
 AFIX 43
 D132  3     0.37411  0.85953  0.68302  11.00000 -1.20000
 AFIX 0
  
 C133  1     0.42462  0.93401  0.56543  11.00000  0.07113  0.04382  0.04862 =
  -0.00314 -0.01333 -0.01764
 AFIX 43
 D133  3     0.43761  0.95282  0.53549  11.00000 -1.20000
 AFIX 0
  
 C143  1     0.10379  0.41876  0.35666  11.00000  0.01103  0.03687  0.03422 =
  0.00607  0.00031  0.00018
 C155  1     0.54667  0.45187  0.40909  11.00000  0.01639  0.02181  0.02773 =
  -0.00164 -0.00474  0.00194
 C157  1     0.19290  0.46904  0.41383  11.00000  0.01452  0.02328  0.02688 =
  0.00233  0.00470  0.00264
  
 C162  1     0.37322  0.18868  0.54710  11.00000  0.03537  0.03698  0.05162 =
  0.00386 -0.01169  0.00428
 AFIX 43
 D162  3     0.40800  0.14497  0.54946  11.00000 -1.20000
 AFIX 0
  
 C165  1     0.31919  0.64662  0.46283  11.00000  0.02228  0.01848  0.02271 =
  -0.00301 -0.00032  0.00601
 AFIX 43
 H165  2     0.28759  0.67731  0.48254  11.00000 -1.20000
 AFIX 0
 C173  1     0.33339  0.22476  0.37950  11.00000  0.02975  0.02607  0.03154 =
  0.00287 -0.00049 -0.00076
 AFIX 137
 H17a  2     0.38487  0.24295  0.37978  11.00000 -1.50000
 H17b  2     0.33044  0.16724  0.39015  11.00000 -1.50000
 H17c  2     0.30433  0.26026  0.40000  11.00000 -1.50000
 AFIX 0
 C175  1     0.16323  0.38593  0.33092  11.00000  0.01457  0.03846  0.02873 =
  -0.00035  0.00129 -0.00854
 AFIX 43
 H175  2     0.15283  0.35776  0.30292  11.00000 -1.20000
 AFIX 0
 C184  1     0.34549  0.52007  0.41820  11.00000  0.01309  0.01732  0.01739 =
  0.00068 -0.00018  0.00251
 C189  1     0.26403  0.46093  0.24597  11.00000  0.02784  0.05690  0.03443 =
  0.01577  0.00219  0.00923
 AFIX 137
 H18a  2     0.21470  0.46611  0.25936  11.00000 -1.50000
 H18b  2     0.26293  0.47924  0.21375  11.00000 -1.50000
 H18c  2     0.29864  0.49543  0.26340  11.00000 -1.50000
 AFIX 0
 C220  1     0.61734  0.41577  0.38537  11.00000  0.02136  0.03438  0.04474 =
  -0.00629 -0.00196  0.01022
 AFIX 137
 H22a  2     0.60289  0.37484  0.36211  11.00000 -1.50000
 H22b  2     0.64851  0.38919  0.40865  11.00000 -1.50000
 H22c  2     0.64477  0.46075  0.37052  11.00000 -1.50000
 AFIX 0
 C222  1     0.41316  0.55293  0.40174  11.00000  0.01136  0.01982  0.01841 =
  0.00101  0.00061  0.00235
 C236  1     0.55291  0.51997  0.27973  11.00000  0.03642  0.02987  0.03578 =
  0.00002  0.01853 -0.00447
 AFIX 137
 H23a  2     0.58750  0.47816  0.29119  11.00000 -1.50000
 H23b  2     0.57885  0.55833  0.25918  11.00000 -1.50000
 H23c  2     0.51310  0.49263  0.26273  11.00000 -1.50000
 AFIX 0
 C237  1     0.11930  0.46204  0.39818  11.00000  0.01242  0.02709  0.03059 =
  0.00353  0.00505  0.00278
 AFIX 43
 H237  2     0.08040  0.48624  0.41542  11.00000 -1.20000
 AFIX 0
 C241  1     0.57083  0.51837  0.44522  11.00000  0.02546  0.02402  0.03556 =
  -0.00579 -0.01047  0.00269
 AFIX 137
 H24a  2     0.59424  0.56499  0.42929  11.00000 -1.50000
 H24b  2     0.60590  0.49367  0.46692  11.00000 -1.50000
 H24c  2     0.52752  0.53816  0.46210  11.00000 -1.50000
 AFIX 0
  
 C266  1     0.46851  0.87549  0.58779  11.00000  0.04226  0.04730  0.07296 =
  -0.01602 -0.00318  0.00047
 AFIX 43
 D266  3     0.51147  0.85505  0.57301  11.00000 -1.20000
 AFIX 0
  
 C272  1     0.30228  0.23088  0.32927  11.00000  0.01894  0.02569  0.02989 =
  -0.00502  0.00564 -0.00697
 C282  1     0.50614  0.37992  0.43519  11.00000  0.03214  0.02435  0.02862 =
  0.00277 -0.00692  0.00183
 AFIX 137
 H28a  2     0.46092  0.40130  0.44928  11.00000 -1.50000
 H28b  2     0.53845  0.35774  0.45928  11.00000 -1.50000
 H28c  2     0.49375  0.33581  0.41331  11.00000 -1.50000
 AFIX 0
  
 C287  1     0.37802  0.24528  0.51043  11.00000  0.03039  0.03470  0.04100 =
  -0.00286  0.00348 -0.00371
 AFIX 43
 D287  3     0.41644  0.24041  0.48839  11.00000 -1.20000
 AFIX 0
  
 C304  1     0.34695  0.17152  0.29684  11.00000  0.03288  0.02495  0.04452 =
  -0.01056  0.00907 -0.00551
 AFIX 137
 H30a  2     0.32663  0.17418  0.26556  11.00000 -1.50000
 H30b  2     0.34342  0.11462  0.30841  11.00000 -1.50000
 H30c  2     0.39871  0.18867  0.29627  11.00000 -1.50000
 AFIX 0
 HKLF 4


 Covalent radii and connectivity table for  MRMND in Pbca                                                              
 C    0.770
 H    0.320
 D    0.320
 O    0.660
 P    1.100
 PT   1.370
 S    1.030

 Pt1 - O28 O2 P19 P12
 S7 - C157 C6
 P12 - C222 C103 C155 Pt1
 P19 - C53 C272 C28 Pt1
 O2 - O28 Pt1
 C13 - C48 C59
 C25 - C85
 O28 - O2 Pt1
 O38 - C184 C77
 C48 - C13 C111
 C52 - C28
 C1 - C143
 C6 - C165 C184 S7
 C12 - C28
 C16 - C85 C222
 C28 - C189 C12 C52 P19
 C53 - C77 C175 P19
 C59 - C162 C13
 C62 - C266 C132
 C65 - C95 C133
 C76 - C103
 C77 - C53 O38 C157
 C85 - C165 C16 C25
 C94 - C103
 C95 - C65 C132
 C103 - C236 C76 C94 P12
 C107 - C272
 C111 - C287 C48
 C132 - C62 C95
 C133 - C65 C266
 C143 - C175 C237 C1
 C155 - C241 C220 C282 P12
 C157 - C237 C77 S7
 C162 - C59 C287
 C165 - C6 C85
 C173 - C272
 C175 - C143 C53
 C184 - O38 C222 C6
 C189 - C28
 C220 - C155
 C222 - C184 C16 P12
 C236 - C103
 C237 - C157 C143
 C241 - C155
 C266 - C62 C133
 C272 - C173 C304 C107 P19
 C282 - C155
 C287 - C111 C162
 C304 - C272


   h   k   l       Fo^2      Sigma      Why rejected

  21   0   3     3794.18    858.27     observed but should be systematically absent
  23   0   3     3607.35    643.57     observed but should be systematically absent
  24   0   1     5416.07   1005.25     observed but should be systematically absent
   0   3   1      325.67     72.00     observed but should be systematically absent
   0   3   1      292.04     66.54     observed but should be systematically absent
   0   3   1      272.25     58.84     observed but should be systematically absent
   0   3   1      212.58     48.72     observed but should be systematically absent
   0   5   0      191.61     38.38     observed but should be systematically absent
   0   5   6      139.17     32.64     observed but should be systematically absent
   0   5   6      173.49     43.35     observed but should be systematically absent
  13   6   0     1114.74    201.95     observed but should be systematically absent
  13   6   0      818.96    189.89     observed but should be systematically absent
   0   7   1      293.16     60.95     observed but should be systematically absent
   0   7   7      262.90     63.33     observed but should be systematically absent
   9   7   0      841.34    165.81     observed but should be systematically absent
   9   7   0      726.51    136.88     observed but should be systematically absent
   9   7   0      743.89    138.70     observed but should be systematically absent
   0   9   2      201.71     48.41     observed but should be systematically absent
   3   9   0      742.61    172.01     observed but should be systematically absent
   3  10   0     2624.36    432.44     observed but should be systematically absent
   3  10   0     1522.10    248.29     observed but should be systematically absent
   3  10   0     1866.93    297.42     observed but should be systematically absent
   3  10   0     1968.26    400.00     observed but should be systematically absent
   3  10   0     1941.24    295.37     observed but should be systematically absent
   3  10   0     3093.09    379.46     observed but should be systematically absent
   5  10   0      682.69    152.38     observed but should be systematically absent
   5  10   0      876.53    219.01     observed but should be systematically absent
   5  10   0      686.91    164.74     observed but should be systematically absent
   0  11   7      282.80     67.81     observed but should be systematically absent
   1  15   0     2663.42    562.86     observed but should be systematically absent
   1  15   0     3958.07    548.93     observed but should be systematically absent
   1  15   0     1718.48    325.36     observed but should be systematically absent
   1  15   0     2544.62    336.99     observed but should be systematically absent
   1  15   0     2115.55    440.87     observed but should be systematically absent


  123365  Reflections read, of which  5090  rejected

 -27 =< h =< 26,    -22 =< k =< 24,    -43 =< l =< 40,   Max. 2-theta =   65.88

      34  Systematic absence violations



 Inconsistent equivalents etc.

   h   k   l      Fo^2   Sigma(Fo^2)  N  Esd of mean(Fo^2)

   0   2   1   393527.00   1051.95    3   6038.46
   2   2   1    27407.87    144.58   12    728.83
   7   8   1     2582.53     59.80   16    335.60
   7   9   1      334.46     19.99   15    107.92
   0  12   1     6886.15    192.93    9   1045.73
   3  12   1     1810.11     64.48   10    481.16
   5  12   1      614.94     38.86   10    415.25
   8  12   1     4356.26    132.66   10   1034.39
  11  12   1      309.48     33.81   11    280.01
   2  16   1     4776.10    133.69   15    715.77
   5  16   1     4468.80    209.31    5   1191.99
   2   0   2   125748.62    736.98    2  17323.50
   0  10   2     1946.95     73.85    8    407.25
   5  10   2     6039.12    144.94   12    801.63
   7  10   2      511.23     34.83   11    197.76
   2  11   2     2028.34     63.85   15    353.47
   9  11   2     1342.39     45.94   16    242.33
   0  14   2     5918.88    167.45    9   1083.12
   8  14   2      484.37     35.01   10    415.94
  10  14   2     2509.73    119.55    6   1299.53
   2  15   2     2629.79     81.77   13    599.18
   0  18   2     1762.28    122.45    5    741.11
   3   1   3    91984.80    315.27   10   1776.66
   0   2   3    99600.24    403.71    6   2025.56
   3   2   3   212614.73    552.84    8   4154.37
  10   8   3      214.87     19.70   11    111.71
   0  12   3     3076.50     99.92   10    528.68
  10  16   3      241.96     62.57    7    328.15
   0   0   4   101719.77    705.72    2   9012.10
   5   0   4   233378.06    833.99    5   4481.69
   0   2   4    83224.07    355.15    7   2049.76
   3   2   4    71384.55    230.95   17   1378.08
  11  10   4     1930.28     81.02   12    476.80
  14  11   4      303.35     49.53    9    299.93
   2  12   5      213.69     17.31   19    113.36
   6  12   5      430.41     28.34   12    211.96
   8  12   5     1435.24     57.98   13    366.17
  10  12   5     1694.42     63.31    9    708.92
   4  13   5     4624.74    124.54   13    773.08
   5  16   5     2347.09     91.81   12    689.75
   3  10   6      732.37     30.85   16    227.44
  10  10   6     2227.28     93.78   10    608.93
   3  14   6     2339.03     86.75    9    478.05
   5  14   6     1702.80     53.33   13    633.97
  13  14   6     1826.55    114.97    8    613.26
   3  18   6      445.78     50.81   12    260.95
   2   2   7   224308.28    488.48   14   3230.60
   8   2   7   165869.56    616.97   13   3771.55
  10  12   7     2236.68    107.53    9    555.58
   0   0   8   391710.78   1963.27    2  15003.00

 ** etc. **

      59  Inconsistent equivalents

   14395  Unique reflections, of which      0  suppressed

 R(int) = 0.0668     R(sigma) = 0.0383      Friedel opposites merged

 Maximum memory for data reduction =     6291 /   145346


 Number of data for d > 0.654A (CIF: max) and d > 0.811A (CIF: full)
 (ignoring systematic absences):
 Unique reflections found (point group)      14395    7838
 Unique reflections possible (point group)   14996    7845
 Unique reflections found (Laue group)       14395    7838
 Unique reflections possible (Laue group)    14996    7845


 Default effective X-H and X-D distances for T =   20.0C 
 AFIX m =    1     2     3     4   4[N]  3[N]  15[B]  8[O]   9   9[N]   16
 d(X-H) =  0.98  0.97  0.96  0.93  0.86  0.89  1.10  0.82  0.93  0.86  0.93

 Note that these distances are chosen to give the best fit to the X-ray data
 and so avoid the introduction of systematic error.  The true internuclear
 distances are longer and do not vary with temperature!  The apparent
 variation with temperature is caused by libration.


 Least-squares cycle   1   Maximum vector length =  623   Memory required =     7683 /   705057

 wR2 = 0.1718 before cycle   1 for   14395 data and    456 /    456 parameters

 GooF = S =     1.102;     Restrained GooF =      1.102 for       0 restraints

 Weight = 1 / [ sigma^2(Fo^2) + ( 0.0645 * P )^2 +  82.62 * P ]   where  P = ( Max ( Fo^2, 0 ) + 2 * Fc^2 ) / 3


     N      value        esd    shift/esd  parameter

     1     0.80540     0.00119     0.005    OSF

 Mean shift/esd =   0.006  Maximum =     0.483 for   z  Pt1      

 Max. shift = 0.000 A for H1B      Max. dU = 0.000 for C95         


 Least-squares cycle   2   Maximum vector length =  623   Memory required =     7683 /   705057

 wR2 = 0.1718 before cycle   2 for   14395 data and    456 /    456 parameters

 GooF = S =     1.101;     Restrained GooF =      1.101 for       0 restraints

 Weight = 1 / [ sigma^2(Fo^2) + ( 0.0645 * P )^2 +  82.62 * P ]   where  P = ( Max ( Fo^2, 0 ) + 2 * Fc^2 ) / 3


     N      value        esd    shift/esd  parameter

     1     0.80539     0.00119    -0.002    OSF

 Mean shift/esd =   0.002  Maximum =     0.157 for   z  Pt1      

 Max. shift = 0.000 A for H52B      Max. dU = 0.000 for C65        


 Least-squares cycle   3   Maximum vector length =  623   Memory required =     7683 /   705057

 wR2 = 0.1718 before cycle   3 for   14395 data and    456 /    456 parameters

 GooF = S =     1.101;     Restrained GooF =      1.101 for       0 restraints

 Weight = 1 / [ sigma^2(Fo^2) + ( 0.0645 * P )^2 +  82.62 * P ]   where  P = ( Max ( Fo^2, 0 ) + 2 * Fc^2 ) / 3


     N      value        esd    shift/esd  parameter

     1     0.80539     0.00119     0.000    OSF

 Mean shift/esd =   0.000  Maximum =     0.010 for   y  Pt1      

 Max. shift = 0.000 A for H52B      Max. dU = 0.000 for C95        


 Least-squares cycle   4   Maximum vector length =  623   Memory required =     7683 /   705057

 wR2 = 0.1718 before cycle   4 for   14395 data and    456 /    456 parameters

 GooF = S =     1.101;     Restrained GooF =      1.101 for       0 restraints

 Weight = 1 / [ sigma^2(Fo^2) + ( 0.0645 * P )^2 +  82.62 * P ]   where  P = ( Max ( Fo^2, 0 ) + 2 * Fc^2 ) / 3


     N      value        esd    shift/esd  parameter

     1     0.80539     0.00119     0.000    OSF

 Mean shift/esd =   0.000  Maximum =     0.002 for   y  Pt1      

 Max. shift = 0.000 A for H1B      Max. dU = 0.000 for C95         


 Largest correlation matrix elements

     0.561 U11 Pt1 / OSF                     0.554 U33 Pt1 / OSF                     0.552 U22 Pt1 / OSF 



 Idealized hydrogen atom generation before cycle   5

 Name     x       y       z    AFIX  d(X-H)  shift  Bonded to  Conformation determined by

 D13   0.2266  0.2662  0.5981   43   0.930   0.000   C13             C48  C59  
 H25A  0.4167  0.7696  0.4963  137   0.960   0.000   C25             C85  H25A  
 H25B  0.3685  0.8075  0.4552  137   0.960   0.000   C25             C85  H25A  
 H25C  0.4535  0.7856  0.4469  137   0.960   0.000   C25             C85  H25A  
 D48   0.2353  0.3605  0.5370   43   0.930   0.000   C48             C13  C111  
 H52A  0.2442  0.2531  0.2287  137   0.960   0.000   C52             C28  H52A  
 H52B  0.2262  0.3246  0.1921  137   0.960   0.000   C52             C28  H52A  
 H52C  0.1820  0.3205  0.2398  137   0.960   0.000   C52             C28  H52A  
 H1A   0.0248  0.3774  0.3102  137   0.960   0.000   C1              C143  H1A  
 H1B   0.0024  0.4629  0.3344  137   0.960   0.000   C1              C143  H1A  
 H1C  -0.0042  0.3776  0.3623  137   0.960   0.000   C1              C143  H1A  
 H12A  0.3988  0.3979  0.2308  137   0.960   0.000   C12             C28  H12A  
 H12B  0.3504  0.3745  0.1866  137   0.960   0.000   C12             C28  H12A  
 H12C  0.3793  0.3031  0.2203  137   0.960   0.000   C12             C28  H12A  
 H16   0.4772  0.6580  0.4079   43   0.930   0.000   C16             C85  C222  
 D59   0.3150  0.1584  0.6052   43   0.930   0.000   C59             C162  C13  
 D62   0.4798  0.8066  0.6461   43   0.930   0.000   C62             C266  C132  
 D65   0.3322  1.0048  0.5717   43   0.930   0.000   C65             C95  C133  
 H76A  0.4160  0.5899  0.2908  137   0.960   0.000   C76             C103  H76A  
 H76B  0.4749  0.6591  0.2767  137   0.960   0.000   C76             C103  H76A  
 H76C  0.4376  0.6612  0.3267  137   0.960   0.000   C76             C103  H76A  
 H94A  0.5638  0.6602  0.3664  137   0.960   0.000   C94             C103  H94A  
 H94B  0.6008  0.6632  0.3163  137   0.960   0.000   C94             C103  H94A  
 H94C  0.6238  0.5922  0.3521  137   0.960   0.000   C94             C103  H94A  
 D95   0.2999  0.9590  0.6445   43   0.930   0.000   C95             C65  C132  
 H10A  0.1921  0.2331  0.3524  137   0.960   0.000   C107            C272  H10A  
 H10B  0.2190  0.1416  0.3394  137   0.960   0.000   C107            C272  H10A  
 H10C  0.1986  0.2060  0.2995  137   0.960   0.000   C107            C272  H10A  
 D111  0.3288  0.3464  0.4814   43   0.930   0.000   C111            C287  C48  
 D132  0.3741  0.8595  0.6830   43   0.930   0.000   C132            C62  C95  
 D133  0.4376  0.9528  0.5355   43   0.930   0.000   C133            C65  C266  
 D162  0.4080  0.1450  0.5495   43   0.930   0.000   C162            C59  C287  
 H165  0.2876  0.6773  0.4825   43   0.930   0.000   C165            C6  C85  
 H17A  0.3849  0.2429  0.3798  137   0.960   0.000   C173            C272  H17A  
 H17B  0.3304  0.1672  0.3901  137   0.960   0.000   C173            C272  H17A  
 H17C  0.3043  0.2603  0.4000  137   0.960   0.000   C173            C272  H17A  
 H175  0.1528  0.3578  0.3029   43   0.930   0.000   C175            C143  C53  
 H18A  0.2147  0.4661  0.2594  137   0.960   0.000   C189            C28  H18A  
 H18B  0.2629  0.4792  0.2137  137   0.960   0.000   C189            C28  H18A  
 H18C  0.2986  0.4954  0.2634  137   0.960   0.000   C189            C28  H18A  
 H22A  0.6029  0.3748  0.3621  137   0.960   0.000   C220            C155  H22A  
 H22B  0.6485  0.3892  0.4086  137   0.960   0.000   C220            C155  H22A  
 H22C  0.6448  0.4607  0.3705  137   0.960   0.000   C220            C155  H22A  
 H23A  0.5875  0.4782  0.2912  137   0.960   0.000   C236            C103  H23A  
 H23B  0.5788  0.5583  0.2592  137   0.960   0.000   C236            C103  H23A  
 H23C  0.5131  0.4926  0.2627  137   0.960   0.000   C236            C103  H23A  
 H237  0.0804  0.4862  0.4154   43   0.930   0.000   C237            C157  C143  
 H24A  0.5942  0.5650  0.4293  137   0.960   0.000   C241            C155  H24A  
 H24B  0.6059  0.4937  0.4669  137   0.960   0.000   C241            C155  H24A  
 H24C  0.5275  0.5382  0.4621  137   0.960   0.000   C241            C155  H24A  
 D266  0.5115  0.8550  0.5730   43   0.930   0.000   C266            C62  C133  
 H28A  0.4609  0.4013  0.4493  137   0.960   0.000   C282            C155  H28A  
 H28B  0.5385  0.3577  0.4593  137   0.960   0.000   C282            C155  H28A  
 H28C  0.4937  0.3358  0.4133  137   0.960   0.000   C282            C155  H28A  
 D287  0.4164  0.2404  0.4884   43   0.930   0.000   C287            C111  C162  
 H30A  0.3266  0.1742  0.2656  137   0.960   0.000   C304            C272  H30A  
 H30B  0.3434  0.1146  0.3084  137   0.960   0.000   C304            C272  H30A  
 H30C  0.3987  0.1887  0.2963  137   0.960   0.000   C304            C272  H30A  



  MRMND in Pbca                                                              

 ATOM           x         y         z          sof         U11       U22       U33       U23       U13       U12        Ueq

 Pt1         0.44250   0.37310   0.31939     1.00000     0.01293   0.02118   0.02287  -0.00188   0.00155  -0.00132    0.01899
   0.00033   0.00002   0.00002   0.00002     0.00000     0.00010   0.00010   0.00010   0.00006   0.00006   0.00006    0.00007

 S7          0.21388   0.52031   0.46722     1.00000     0.01923   0.02641   0.02880  -0.00337   0.01001   0.00046    0.02481
   0.00251   0.00008   0.00009   0.00005     0.00000     0.00056   0.00061   0.00061   0.00048   0.00047   0.00047    0.00025

 P12         0.47636   0.49014   0.36358     1.00000     0.01184   0.01868   0.02074   0.00027   0.00181   0.00063    0.01709
   0.00221   0.00007   0.00008   0.00004     0.00000     0.00048   0.00053   0.00054   0.00041   0.00041   0.00041    0.00022

 P19         0.31587   0.34520   0.31177     1.00000     0.01063   0.02489   0.02054  -0.00171   0.00249  -0.00107    0.01869
   0.00231   0.00007   0.00009   0.00005     0.00000     0.00050   0.00060   0.00054   0.00044   0.00041   0.00044    0.00023

 O2          0.54442   0.32827   0.29990     1.00000     0.01987   0.03248   0.04826  -0.01466   0.00723   0.00397    0.03354
   0.00815   0.00024   0.00031   0.00018     0.00000     0.00184   0.00235   0.00269   0.00196   0.00180   0.00167    0.00099

 C13         0.26500   0.26097   0.57607     1.00000     0.05260   0.04279   0.04214  -0.01094   0.01353  -0.01277    0.04584
   0.01365   0.00050   0.00051   0.00027     0.00000     0.00458   0.00402   0.00368   0.00305   0.00330   0.00345    0.00181

 D13         0.22662   0.26616   0.59811     1.00000     0.05501
                                             0.00000     0.00000

 C25         0.40828   0.76889   0.46289     1.00000     0.02919   0.01736   0.04432  -0.00453  -0.00405   0.00003    0.03029
   0.01026   0.00036   0.00035   0.00024     0.00000     0.00280   0.00231   0.00330   0.00212   0.00241   0.00204    0.00118

 H25A        0.41669   0.76960   0.49628     1.00000     0.04544
                                             0.00000     0.00000

 H25B        0.36854   0.80753   0.45516     1.00000     0.04544
                                             0.00000     0.00000

 H25C        0.45346   0.78559   0.44692     1.00000     0.04544
                                             0.00000     0.00000

 O28         0.48558   0.27641   0.28144     1.00000     0.02156   0.03068   0.04153  -0.01366   0.00308   0.00015    0.03126
   0.00734   0.00024   0.00028   0.00016     0.00000     0.00190   0.00217   0.00236   0.00177   0.00168   0.00161    0.00091

 O38         0.32443   0.43872   0.40530     1.00000     0.00990   0.01497   0.02434  -0.00138   0.00000   0.00206    0.01640
   0.00591   0.00018   0.00021   0.00012     0.00000     0.00136   0.00145   0.00159   0.00117   0.00117   0.00112    0.00060

 C48         0.27001   0.31675   0.53959     1.00000     0.03012   0.02918   0.05374  -0.00857  -0.00108  -0.00436    0.03768
   0.01144   0.00039   0.00044   0.00027     0.00000     0.00313   0.00305   0.00401   0.00271   0.00278   0.00248    0.00143

 D48         0.23531   0.36050   0.53705     1.00000     0.04522
                                             0.00000     0.00000

 C52         0.22983   0.31129   0.22505     1.00000     0.02175   0.09005   0.02524  -0.00779  -0.00153  -0.00844    0.04568
   0.01230   0.00037   0.00063   0.00023     0.00000     0.00286   0.00633   0.00286   0.00328   0.00223   0.00333    0.00196

 H52A        0.24415   0.25314   0.22873     1.00000     0.06852
                                             0.00000     0.00000

 H52B        0.22623   0.32458   0.19215     1.00000     0.06852
                                             0.00000     0.00000

 H52C        0.18200   0.32052   0.23983     1.00000     0.06852
                                             0.00000     0.00000

 C1          0.02454   0.40822   0.33933     1.00000     0.01284   0.06225   0.04211   0.00208  -0.00150   0.00417    0.03907
   0.01304   0.00033   0.00055   0.00026     0.00000     0.00238   0.00458   0.00353   0.00316   0.00226   0.00260    0.00152

 H1A         0.02484   0.37744   0.31019     1.00000     0.05860
                                             0.00000     0.00000

 H1B         0.00236   0.46286   0.33441     1.00000     0.05860
                                             0.00000     0.00000

 H1C        -0.00423   0.37762   0.36230     1.00000     0.05860
                                             0.00000     0.00000

 C6          0.29936   0.56629   0.44831     1.00000     0.01654   0.02022   0.02228   0.00031   0.00328   0.00297    0.01968
   0.00908   0.00028   0.00032   0.00018     0.00000     0.00207   0.00217   0.00215   0.00165   0.00166   0.00167    0.00087

 C12         0.36114   0.36022   0.21871     1.00000     0.02354   0.06466   0.01737  -0.00288   0.00218   0.00069    0.03519
   0.01183   0.00036   0.00051   0.00020     0.00000     0.00268   0.00459   0.00233   0.00246   0.00198   0.00272    0.00145

 H12A        0.39876   0.39795   0.23080     1.00000     0.05278
                                             0.00000     0.00000

 H12B        0.35037   0.37449   0.18656     1.00000     0.05278
                                             0.00000     0.00000

 H12C        0.37926   0.30311   0.22032     1.00000     0.05278
                                             0.00000     0.00000

 C16         0.43201   0.63434   0.41783     1.00000     0.01889   0.01925   0.02455   0.00051  -0.00254  -0.00178    0.02090
   0.00899   0.00030   0.00033   0.00019     0.00000     0.00214   0.00224   0.00231   0.00169   0.00176   0.00174    0.00091

 H16         0.47717   0.65801   0.40790     1.00000     0.02507
                                             0.00000     0.00000

 C28         0.28929   0.36841   0.24819     1.00000     0.01909   0.04792   0.02098  -0.00137   0.00075  -0.00284    0.02933
   0.01057   0.00033   0.00044   0.00020     0.00000     0.00233   0.00355   0.00233   0.00220   0.00186   0.00235    0.00117

 C53         0.23861   0.39339   0.34533     1.00000     0.01199   0.02635   0.02178   0.00146   0.00282   0.00154    0.02004
   0.00915   0.00028   0.00034   0.00018     0.00000     0.00189   0.00245   0.00215   0.00175   0.00161   0.00166    0.00089

 C59         0.31757   0.19626   0.58016     1.00000     0.07123   0.04209   0.02867   0.01005  -0.00417  -0.01190    0.04733
   0.01391   0.00054   0.00051   0.00025     0.00000     0.00554   0.00388   0.00306   0.00270   0.00328   0.00381    0.00189

 D59         0.31495   0.15840   0.60516     1.00000     0.05680
                                             0.00000     0.00000

 C62         0.45004   0.84697   0.63125     1.00000     0.05120   0.02974   0.08303   0.00822  -0.02652  -0.00277    0.05466
   0.01506   0.00052   0.00054   0.00039     0.00000     0.00483   0.00357   0.00665   0.00384   0.00448   0.00324    0.00236

 D62         0.47975   0.80665   0.64614     1.00000     0.06559
                                             0.00000     0.00000

 C65         0.36185   0.96484   0.58697     1.00000     0.05950   0.03600   0.06548  -0.01393  -0.03008   0.00805    0.05366
   0.01321   0.00054   0.00052   0.00034     0.00000     0.00517   0.00378   0.00539   0.00352   0.00435   0.00359    0.00224

 D65         0.33217   1.00476   0.57171     1.00000     0.06439
                                             0.00000     0.00000

 C76         0.45607   0.62509   0.30211     1.00000     0.03694   0.03256   0.03033   0.00943   0.00392   0.00197    0.03328
   0.01309   0.00040   0.00043   0.00024     0.00000     0.00320   0.00306   0.00294   0.00230   0.00249   0.00256    0.00127

 H76A        0.41599   0.58986   0.29081     1.00000     0.04991
                                             0.00000     0.00000

 H76B        0.47491   0.65910   0.27672     1.00000     0.04991
                                             0.00000     0.00000

 H76C        0.43757   0.66117   0.32670     1.00000     0.04991
                                             0.00000     0.00000

 C77         0.25166   0.43387   0.38775     1.00000     0.00732   0.01700   0.02567   0.00384   0.00137  -0.00037    0.01666
   0.00841   0.00025   0.00031   0.00017     0.00000     0.00173   0.00204   0.00220   0.00161   0.00151   0.00140    0.00082

 C85         0.38658   0.68097   0.44773     1.00000     0.01971   0.01724   0.02672  -0.00024  -0.00394   0.00196    0.02122
   0.00895   0.00030   0.00032   0.00019     0.00000     0.00221   0.00207   0.00238   0.00170   0.00179   0.00171    0.00091

 C94         0.58307   0.62667   0.34092     1.00000     0.03020   0.03002   0.04889  -0.00171   0.01291  -0.01283    0.03637
   0.01217   0.00039   0.00043   0.00027     0.00000     0.00306   0.00295   0.00385   0.00257   0.00275   0.00253    0.00143

 H94A        0.56385   0.66018   0.36641     1.00000     0.05455
                                             0.00000     0.00000

 H94B        0.60084   0.66322   0.31634     1.00000     0.05455
                                             0.00000     0.00000

 H94C        0.62378   0.59221   0.35207     1.00000     0.05455
                                             0.00000     0.00000

 C95         0.34282   0.93786   0.62996     1.00000     0.03889   0.08156   0.06573  -0.03676  -0.00785   0.00701    0.06206
   0.01490   0.00051   0.00071   0.00036     0.00000     0.00426   0.00695   0.00578   0.00517   0.00393   0.00433    0.00272

 D95         0.29991   0.95900   0.64450     1.00000     0.07447
                                             0.00000     0.00000

 C103        0.51975   0.56924   0.32149     1.00000     0.02210   0.02362   0.03129   0.00340   0.00973  -0.00473    0.02567
   0.01050   0.00034   0.00037   0.00020     0.00000     0.00250   0.00248   0.00270   0.00192   0.00196   0.00199    0.00107

 C107        0.22028   0.19997   0.33023     1.00000     0.02774   0.03621   0.03674  -0.00423   0.00756  -0.01667    0.03357
   0.01080   0.00036   0.00044   0.00024     0.00000     0.00292   0.00320   0.00301   0.00246   0.00237   0.00250    0.00132

 H10A        0.19211   0.23307   0.35240     1.00000     0.05035
                                             0.00000     0.00000

 H10B        0.21897   0.14157   0.33942     1.00000     0.05035
                                             0.00000     0.00000

 H10C        0.19860   0.20599   0.29946     1.00000     0.05035
                                             0.00000     0.00000

 C111        0.32616   0.30870   0.50648     1.00000     0.03967   0.02397   0.02920  -0.00098  -0.00384  -0.00650    0.03095
   0.01024   0.00039   0.00038   0.00021     0.00000     0.00329   0.00256   0.00269   0.00202   0.00236   0.00236    0.00120

 D111        0.32878   0.34644   0.48142     1.00000     0.03714
                                             0.00000     0.00000

 C132        0.38714   0.87811   0.65305     1.00000     0.07016   0.08539   0.04547  -0.00435  -0.00612  -0.02545    0.06700
   0.01689   0.00067   0.00076   0.00036     0.00000     0.00685   0.00760   0.00478   0.00457   0.00453   0.00583    0.00290

 D132        0.37411   0.85953   0.68302     1.00000     0.08040
                                             0.00000     0.00000

 C133        0.42462   0.93401   0.56543     1.00000     0.07113   0.04382   0.04862  -0.00314  -0.01333  -0.01764    0.05452
   0.01404   0.00060   0.00057   0.00033     0.00000     0.00593   0.00450   0.00449   0.00346   0.00417   0.00429    0.00218

 D133        0.43761   0.95282   0.53549     1.00000     0.06543
                                             0.00000     0.00000

 C143        0.10379   0.41876   0.35666     1.00000     0.01103   0.03687   0.03422   0.00607   0.00031   0.00018    0.02737
   0.01066   0.00029   0.00041   0.00021     0.00000     0.00204   0.00303   0.00281   0.00225   0.00188   0.00196    0.00110

 C155        0.54667   0.45187   0.40909     1.00000     0.01639   0.02181   0.02773  -0.00164  -0.00474   0.00194    0.02198
   0.00915   0.00029   0.00035   0.00019     0.00000     0.00205   0.00233   0.00245   0.00184   0.00180   0.00175    0.00094

 C157        0.19290   0.46904   0.41383     1.00000     0.01452   0.02328   0.02688   0.00233   0.00470   0.00264    0.02156
   0.00960   0.00028   0.00034   0.00019     0.00000     0.00203   0.00231   0.00238   0.00178   0.00174   0.00172    0.00092

 C162        0.37322   0.18868   0.54710     1.00000     0.03537   0.03698   0.05162   0.00386  -0.01169   0.00428    0.04132
   0.01302   0.00042   0.00048   0.00028     0.00000     0.00348   0.00350   0.00408   0.00293   0.00301   0.00282    0.00155

 D162        0.40800   0.14497   0.54946     1.00000     0.04959
                                             0.00000     0.00000

 C165        0.31919   0.64662   0.46283     1.00000     0.02228   0.01848   0.02271  -0.00301  -0.00032   0.00601    0.02116
   0.00916   0.00031   0.00032   0.00018     0.00000     0.00232   0.00210   0.00221   0.00165   0.00180   0.00175    0.00091

 H165        0.28759   0.67731   0.48254     1.00000     0.02539
                                             0.00000     0.00000

 C173        0.33339   0.22476   0.37949     1.00000     0.02975   0.02607   0.03154   0.00287  -0.00049  -0.00076    0.02912
   0.01072   0.00036   0.00038   0.00021     0.00000     0.00281   0.00262   0.00274   0.00206   0.00221   0.00217    0.00112

 H17A        0.38487   0.24295   0.37978     1.00000     0.04368
                                             0.00000     0.00000

 H17B        0.33044   0.16724   0.39015     1.00000     0.04368
                                             0.00000     0.00000

 H17C        0.30433   0.26026   0.40000     1.00000     0.04368
                                             0.00000     0.00000

 C175        0.16323   0.38593   0.33092     1.00000     0.01457   0.03846   0.02873  -0.00035   0.00129  -0.00854    0.02725
   0.01010   0.00031   0.00040   0.00021     0.00000     0.00219   0.00316   0.00254   0.00218   0.00191   0.00206    0.00111

 H175        0.15283   0.35776   0.30292     1.00000     0.03270
                                             0.00000     0.00000

 C184        0.34549   0.52007   0.41820     1.00000     0.01309   0.01732   0.01739   0.00068  -0.00018   0.00251    0.01593
   0.00818   0.00026   0.00030   0.00016     0.00000     0.00185   0.00196   0.00190   0.00149   0.00148   0.00152    0.00078

 C189        0.26403   0.46093   0.24597     1.00000     0.02784   0.05690   0.03443   0.01577   0.00219   0.00923    0.03972
   0.01433   0.00039   0.00051   0.00025     0.00000     0.00300   0.00441   0.00313   0.00296   0.00248   0.00295    0.00156

 H18A        0.21470   0.46611   0.25936     1.00000     0.05959
                                             0.00000     0.00000

 H18B        0.26293   0.47924   0.21375     1.00000     0.05959
                                             0.00000     0.00000

 H18C        0.29864   0.49543   0.26340     1.00000     0.05959
                                             0.00000     0.00000

 C220        0.61734   0.41577   0.38537     1.00000     0.02136   0.03438   0.04474  -0.00629  -0.00196   0.01022    0.03349
   0.01176   0.00034   0.00043   0.00025     0.00000     0.00259   0.00313   0.00345   0.00254   0.00233   0.00230    0.00129

 H22A        0.60290   0.37484   0.36211     1.00000     0.05024
                                             0.00000     0.00000

 H22B        0.64851   0.38919   0.40865     1.00000     0.05024
                                             0.00000     0.00000

 H22C        0.64477   0.46075   0.37052     1.00000     0.05024
                                             0.00000     0.00000

 C222        0.41316   0.55293   0.40174     1.00000     0.01136   0.01982   0.01841   0.00101   0.00061   0.00235    0.01653
   0.00834   0.00026   0.00031   0.00016     0.00000     0.00183   0.00205   0.00195   0.00154   0.00149   0.00153    0.00079

 C236        0.55291   0.51997   0.27973     1.00000     0.03642   0.02987   0.03578   0.00002   0.01853  -0.00447    0.03402
   0.01254   0.00038   0.00043   0.00024     0.00000     0.00333   0.00303   0.00311   0.00236   0.00251   0.00240    0.00137

 H23A        0.58750   0.47816   0.29119     1.00000     0.05104
                                             0.00000     0.00000

 H23B        0.57885   0.55833   0.25918     1.00000     0.05104
                                             0.00000     0.00000

 H23C        0.51310   0.49263   0.26273     1.00000     0.05104
                                             0.00000     0.00000

 C237        0.11930   0.46205   0.39818     1.00000     0.01242   0.02709   0.03059   0.00353   0.00505   0.00278    0.02336
   0.00998   0.00028   0.00036   0.00020     0.00000     0.00200   0.00249   0.00258   0.00194   0.00177   0.00176    0.00098

 H237        0.08040   0.48624   0.41542     1.00000     0.02804
                                             0.00000     0.00000

 C241        0.57083   0.51837   0.44522     1.00000     0.02546   0.02402   0.03556  -0.00579  -0.01047   0.00269    0.02835
   0.00971   0.00035   0.00038   0.00022     0.00000     0.00253   0.00256   0.00292   0.00211   0.00221   0.00209    0.00112

 H24A        0.59424   0.56499   0.42929     1.00000     0.04252
                                             0.00000     0.00000

 H24B        0.60590   0.49367   0.46692     1.00000     0.04252
                                             0.00000     0.00000

 H24C        0.52752   0.53816   0.46211     1.00000     0.04252
                                             0.00000     0.00000

 C266        0.46851   0.87549   0.58779     1.00000     0.04226   0.04730   0.07296  -0.01602  -0.00318   0.00047    0.05417
   0.01542   0.00053   0.00057   0.00038     0.00000     0.00439   0.00458   0.00613   0.00410   0.00410   0.00364    0.00216

 D266        0.51147   0.85505   0.57301     1.00000     0.06501
                                             0.00000     0.00000

 C272        0.30228   0.23088   0.32927     1.00000     0.01894   0.02569   0.02989  -0.00502   0.00564  -0.00697    0.02484
   0.00951   0.00031   0.00037   0.00020     0.00000     0.00231   0.00252   0.00252   0.00197   0.00192   0.00191    0.00102

 C282        0.50614   0.37992   0.43519     1.00000     0.03214   0.02435   0.02862   0.00277  -0.00692   0.00183    0.02837
   0.01046   0.00037   0.00036   0.00021     0.00000     0.00289   0.00253   0.00267   0.00198   0.00220   0.00219    0.00111

 H28A        0.46092   0.40130   0.44928     1.00000     0.04256
                                             0.00000     0.00000

 H28B        0.53845   0.35774   0.45928     1.00000     0.04256
                                             0.00000     0.00000

 H28C        0.49375   0.33580   0.41331     1.00000     0.04256
                                             0.00000     0.00000

 C287        0.37802   0.24528   0.51043     1.00000     0.03039   0.03470   0.04100  -0.00286   0.00348  -0.00371    0.03536
   0.01174   0.00038   0.00044   0.00025     0.00000     0.00304   0.00319   0.00342   0.00256   0.00252   0.00252    0.00133

 D287        0.41644   0.24041   0.48839     1.00000     0.04244
                                             0.00000     0.00000

 C304        0.34695   0.17152   0.29684     1.00000     0.03288   0.02495   0.04452  -0.01056   0.00907  -0.00551    0.03411
   0.01129   0.00038   0.00040   0.00025     0.00000     0.00310   0.00274   0.00349   0.00237   0.00260   0.00232    0.00133

 H30A        0.32663   0.17418   0.26556     1.00000     0.05117
                                             0.00000     0.00000

 H30B        0.34341   0.11462   0.30841     1.00000     0.05117
                                             0.00000     0.00000

 H30C        0.39871   0.18867   0.29627     1.00000     0.05117
                                             0.00000     0.00000



 Final Structure Factor Calculation for  MRMND in Pbca                                                              

 Total number of l.s. parameters =   456  Maximum vector length =  623   Memory required =     7227 /    31773

 wR2 = 0.1718 before cycle   5 for   14395 data and      0 /    456 parameters

 GooF = S =     1.101;     Restrained GooF =      1.101 for       0 restraints

 Weight = 1 / [ sigma^2(Fo^2) + ( 0.0645 * P )^2 +  82.62 * P ]   where  P = ( Max ( Fo^2, 0 ) + 2 * Fc^2 ) / 3

 R1 =  0.0638 for   11302 Fo > 4sig(Fo)  and  0.0824 for all   14395 data
 wR2 =  0.1718,  GooF = S =   1.101,  Restrained GooF =    1.101  for all data

 Occupancy sum of asymmetric unit =    49.00 for non-hydrogen and    58.00 for H and D atoms



 Principal mean square atomic displacements U

   0.0244   0.0200   0.0126   Pt1  
   0.0358   0.0260   0.0126   S7  
   0.0212   0.0187   0.0114   P12  
   0.0257   0.0203   0.0100   P19  
   0.0575   0.0290   0.0142   O2  
   0.0716   0.0345   0.0314   C13  
   0.0460   0.0283   0.0166   C25  
   0.0510   0.0232   0.0195   O28  
   0.0245   0.0155   0.0092   O38  
   0.0564   0.0331   0.0235   C48  
   0.0919   0.0256   0.0195   C52  
   0.0628   0.0420   0.0124   C1  
   0.0244   0.0207   0.0140   C6  
   0.0648   0.0242   0.0165   C12  
   0.0257   0.0200   0.0169   C16  
   0.0483   0.0211   0.0187   C28  
   0.0271   0.0218   0.0112   C53  
   0.0766   0.0422   0.0232   C59  
   0.0991   0.0365   0.0284   C62  
   0.0968   0.0354   0.0288   C65  
   0.0435   0.0346   0.0218   C76  
   0.0272   0.0156   0.0072   C77  
   0.0286   0.0193   0.0158   C85  
   0.0577   0.0362   0.0152   C94  
   0.1127   0.0386   0.0349   C95  
   0.0375   0.0267   0.0128   C103  
   0.0531   0.0333   0.0142   C107  
   0.0428   0.0290   0.0210   C111  
   0.1043   0.0564   0.0403   C132  
   0.0832   0.0500   0.0304   C133  
   0.0418   0.0293   0.0110   C143  
   0.0301   0.0214   0.0144   C155  
   0.0299   0.0221   0.0126   C157  
   0.0578   0.0398   0.0263   C162  
   0.0276   0.0224   0.0135   C165  
   0.0329   0.0296   0.0248   C173  
   0.0412   0.0288   0.0118   C175  
   0.0187   0.0172   0.0119   C184  
   0.0672   0.0282   0.0237   C189  
   0.0493   0.0355   0.0157   C220  
   0.0209   0.0179   0.0107   C222  
   0.0550   0.0302   0.0168   C236  
   0.0343   0.0249   0.0109   C237  
   0.0441   0.0222   0.0187   C241  
   0.0809   0.0423   0.0393   C266  
   0.0373   0.0230   0.0142   C272  
   0.0375   0.0271   0.0204   C282  
   0.0437   0.0343   0.0280   C287  
   0.0543   0.0279   0.0201   C304  

     0  atoms may be split and     0  atoms NPD



 Analysis of variance for reflections employed in refinement      K = Mean[Fo^2] / Mean[Fc^2]  for group


 Fc/Fc(max)       0.000    0.011    0.020    0.031    0.044    0.060    0.082    0.109    0.146    0.209    1.000

 Number in group      1558.    1389.    1450.    1391.    1404.    1474.    1445.    1415.    1430.    1439.

            GooF      1.176    1.160    1.207    1.161    1.074    1.007    0.967    0.958    0.976    1.273

             K        2.856    1.269    1.058    1.009    1.044    1.050    1.044    1.033    1.013    1.011


 Resolution(A)    0.65     0.69     0.71     0.75     0.79     0.83     0.90     0.99     1.13     1.42     inf

 Number in group      1445.    1434.    1463.    1452.    1413.    1432.    1439.    1439.    1433.    1445.

            GooF      0.933    0.909    1.020    0.982    0.975    0.959    1.043    1.120    1.207    1.660

             K        0.948    1.042    1.077    1.059    1.047    1.028    1.011    0.980    0.947    1.051

             R1       0.166    0.117    0.108    0.094    0.079    0.068    0.064    0.062    0.062    0.063


 Recommended weighting scheme:  WGHT      0.0646     82.6191
 Note that in most cases convergence will be faster if fixed weights (e.g. the
 default WGHT 0.1) are retained until the refinement is virtually complete, and
 only then should the above recommended values be used.



 Most Disagreeable Reflections (* if suppressed or used for Rfree).
 Error/esd is calculated as sqrt(wD^2/<wD^2>) where w is given by the weight
 formula, D = Fo^2-Fc^2 and <> refers to the average over all reflections.

     h   k   l          Fo^2          Fc^2    Error/esd  Fc/Fc(max)  Resolution(A)

     3  10   2       4473.54         18.54       7.20       0.006       1.52
     5  10   4       6483.40        414.92       7.13       0.028       1.42
     5  14   4      11101.96       2391.91       7.06       0.067       1.06
     3  10   4       4700.17        143.69       6.88       0.016       1.49
     2  10   0       4488.39        319.70       6.78       0.024       1.56
     3  12   3       4979.17        950.90       6.38       0.042       1.27
    10   8   1       3022.81         49.37       6.38       0.010       1.32
    18  14   0       7047.15        280.11       5.90       0.023       0.74
     2  14   8       2675.15         24.55       5.80       0.007       1.07
     0  16   7       3992.02        764.68       5.66       0.038       0.96
    18   6   0       4568.59        481.24       5.65       0.030       0.93
     5  12   3       6038.95        212.56       5.62       0.020       1.23
     9   0   2      26208.78      15356.61       5.57       0.170       1.96
     3  16   3       6973.08       1865.98       5.50       0.059       0.97
     3  14   4      10207.38       2687.32       5.50       0.071       1.10
     5   8   3       5194.09        218.40       5.46       0.020       1.70
    13   6   2       1739.53         11.95       5.39       0.005       1.21
     2  12   7       2096.75         27.82       5.29       0.007       1.24
     5  16   3      14165.67       6166.63       5.23       0.108       0.95
    13  12   3       5935.06         35.30       5.23       0.008       0.94
     3   1   4       7156.84       3188.38       5.21       0.077       4.37
     0   8   7       2238.18        341.15       5.21       0.025       1.78
     2  16   1       7363.03        625.68       5.09       0.034       0.98
    21  12   3       2222.93         21.20       5.09       0.006       0.71
     2  10   2       5180.86        651.90       5.07       0.035       1.55
    13  16   3       3918.63        503.15       5.00       0.031       0.80
     3   1   1      84889.31      57719.33       4.98       0.329       5.45
     2  15   0       8464.52       3428.32       4.97       0.080       1.05
     0  12   1      10615.97       1262.77       4.95       0.049       1.32
     0  14   0      12065.53       4702.38       4.78       0.094       1.13
     3  18   4       7594.79       2193.44       4.76       0.064       0.86
     3  14   2      10168.74        565.42       4.74       0.033       1.11
     9   0   6      66293.25      43158.49       4.72       0.284       1.82
     5  14  10       3512.08        366.38       4.71       0.026       1.01
     2  16   7       5831.53       2555.26       4.60       0.069       0.95
    23   2   2       8819.35        878.80       4.58       0.041       0.77
     8   1   3      34652.23      23222.36       4.53       0.209       2.14
    13  18   4       3382.26        655.83       4.51       0.035       0.74
     2   1   1     128115.27      91368.04       4.47       0.414       7.48
     0  14   8       3531.29        156.30       4.45       0.017       1.08
     0  20   1       3905.19        202.69       4.43       0.019       0.79
     3   2   4     110049.34      78017.20       4.43       0.382       3.94
     0  16   1      14166.97       1506.76       4.37       0.053       0.99
     4   0   2      80756.55      57548.63       4.35       0.328       4.24
     5  18   4       4108.07       1405.58       4.34       0.051       0.85
     6   5   5      11904.97       7112.56       4.30       0.115       2.02
     5   3   5      53825.91      37717.39       4.27       0.266       2.62
    13  14   4       6950.04       1314.06       4.25       0.050       0.86
     2  12   1       2751.15        201.14       4.21       0.019       1.30
     7   1   4     157390.08     115147.32       4.20       0.465       2.37



 Bond lengths and angles

 Pt1 -       Distance       Angles
 O28       2.0216 (0.0041) 
 O2        2.0239 (0.0041)   41.38 (0.18)
 P19       2.3056 (0.0013)  100.11 (0.13) 141.49 (0.14)
 P12       2.3158 (0.0013)  142.64 (0.13) 101.26 (0.14) 117.26 (0.05)
               Pt1 -         O28           O2            P19          

 S7 -        Distance       Angles
 C157      1.7597 (0.0057) 
 C6        1.7691 (0.0052)   96.31 (0.24)
               S7 -          C157         

 P12 -       Distance       Angles
 C222      1.8505 (0.0048) 
 C103      1.8947 (0.0054)  105.24 (0.24)
 C155      1.8976 (0.0053)   99.94 (0.23) 111.83 (0.26)
 Pt1       2.3158 (0.0013)  126.03 (0.16) 106.95 (0.19) 106.60 (0.17)
               P12 -         C222          C103          C155         

 P19 -       Distance       Angles
 C53       1.8379 (0.0051) 
 C272      1.8905 (0.0060)   99.46 (0.24)
 C28       1.9022 (0.0060)  103.09 (0.25) 113.72 (0.28)
 Pt1       2.3056 (0.0013)  127.05 (0.18) 106.45 (0.18) 107.17 (0.19)
               P19 -         C53           C272          C28          

 O2 -        Distance       Angles
 O28       1.4294 (0.0062) 
 Pt1       2.0239 (0.0041)   69.22 (0.24)
               O2 -          O28          

 C13 -       Distance       Angles
 C48       1.3636 (0.0108) 
 C59       1.3911 (0.0125)  119.69 (0.72)
 D13       0.9300           120.16        120.16       
               C13 -         C48           C59          

 C25 -       Distance       Angles
 C85       1.5058 (0.0075) 
 H25A      0.9600           109.47       
 H25B      0.9600           109.47        109.47       
 H25C      0.9600           109.47        109.47        109.47       
               C25 -         C85           H25A          H25B         

 O28 -       Distance       Angles
 O2        1.4294 (0.0062) 
 Pt1       2.0216 (0.0041)   69.40 (0.23)
               O28 -         O2           

 O38 -       Distance       Angles
 C184      1.3889 (0.0057) 
 C77       1.3894 (0.0055)  113.39 (0.36)
               O38 -         C184         

 C48 -       Distance       Angles
 C13       1.3636 (0.0108) 
 C111      1.3778 (0.0097)  120.42 (0.70)
 D48       0.9300           119.79        119.79       
               C48 -         C13           C111         

 C52 -       Distance       Angles
 C28       1.5385 (0.0093) 
 H52A      0.9600           109.47       
 H52B      0.9600           109.47        109.47       
 H52C      0.9600           109.47        109.47        109.47       
               C52 -         C28           H52A          H52B         

 C1 -        Distance       Angles
 C143      1.5026 (0.0082) 
 H1A       0.9600           109.47       
 H1B       0.9600           109.47        109.47       
 H1C       0.9600           109.47        109.47        109.47       
               C1 -          C143          H1A           H1B          

 C6 -        Distance       Angles
 C165      1.3813 (0.0072) 
 C184      1.3925 (0.0065)  121.04 (0.47)
 S7        1.7691 (0.0052)  120.45 (0.39) 118.51 (0.39)
               C6 -          C165          C184         

 C12 -       Distance       Angles
 C28       1.5334 (0.0083) 
 H12A      0.9600           109.47       
 H12B      0.9600           109.47        109.47       
 H12C      0.9600           109.47        109.47        109.47       
               C12 -         C28           H12A          H12B         

 C16 -       Distance       Angles
 C85       1.3849 (0.0074) 
 C222      1.4066 (0.0069)  123.18 (0.49)
 H16       0.9300           118.41        118.41       
               C16 -         C85           C222         

 C28 -       Distance       Angles
 C189      1.5318 (0.0100) 
 C12       1.5334 (0.0083)  107.61 (0.55)
 C52       1.5385 (0.0093)  109.96 (0.59) 106.87 (0.51)
 P19       1.9022 (0.0060)  107.24 (0.43) 107.15 (0.41) 117.60 (0.48)
               C28 -         C189          C12           C52          

 C53 -       Distance       Angles
 C77       1.3842 (0.0071) 
 C175      1.4069 (0.0073)  116.85 (0.47)
 P19       1.8379 (0.0051)  121.19 (0.37) 121.81 (0.42)
               C53 -         C77           C175         

 C59 -       Distance       Angles
 C162      1.3696 (0.0117) 
 C13       1.3911 (0.0125)  119.54 (0.67)
 D59       0.9300           120.23        120.23       
               C59 -         C162          C13          

 C62 -       Distance       Angles
 C266      1.3546 (0.0147) 
 C132      1.3703 (0.0156)  119.35 (0.88)
 D62       0.9300           120.32        120.32       
               C62 -         C266          C132         

 C65 -       Distance       Angles
 C95       1.3369 (0.0147) 
 C133      1.3635 (0.0142)  120.20 (0.86)
 D65       0.9300           119.90        119.90       
               C65 -         C95           C133         

 C76 -       Distance       Angles
 C103      1.5383 (0.0091) 
 H76A      0.9600           109.47       
 H76B      0.9600           109.47        109.47       
 H76C      0.9600           109.47        109.47        109.47       
               C76 -         C103          H76A          H76B         

 C77 -       Distance       Angles
 C53       1.3842 (0.0071) 
 O38       1.3894 (0.0055)  119.60 (0.41)
 C157      1.3965 (0.0067)  121.36 (0.45) 119.03 (0.45)
               C77 -         C53           O38          

 C85 -       Distance       Angles
 C165      1.3843 (0.0076) 
 C16       1.3849 (0.0074)  119.11 (0.48)
 C25       1.5058 (0.0075)  119.71 (0.49) 121.15 (0.50)
               C85 -         C165          C16          

 C94 -       Distance       Angles
 C103      1.5486 (0.0089) 
 H94A      0.9600           109.47       
 H94B      0.9600           109.47        109.47       
 H94C      0.9600           109.47        109.47        109.47       
               C94 -         C103          H94A          H94B         

 C95 -       Distance       Angles
 C65       1.3369 (0.0147) 
 C132      1.3945 (0.0158)  120.17 (0.91)
 D95       0.9300           119.92        119.92       
               C95 -         C65           C132         

 C103 -      Distance       Angles
 C236      1.5367 (0.0083) 
 C76       1.5383 (0.0091)  107.31 (0.53)
 C94       1.5486 (0.0089)  107.05 (0.50) 109.05 (0.53)
 P12       1.8947 (0.0054)  107.98 (0.40) 107.75 (0.40) 117.29 (0.44)
               C103 -        C236          C76           C94          

 C107 -      Distance       Angles
 C272      1.5387 (0.0079) 
 H10A      0.9600           109.47       
 H10B      0.9600           109.47        109.47       
 H10C      0.9600           109.47        109.47        109.47       
               C107 -        C272          H10A          H10B         

 C111 -      Distance       Angles
 C287      1.3674 (0.0096) 
 C48       1.3778 (0.0097)  120.05 (0.63)
 D111      0.9300           119.97        119.97       
               C111 -        C287          C48          

 C132 -      Distance       Angles
 C62       1.3703 (0.0156) 
 C95       1.3945 (0.0158)  119.52 (0.97)
 D132      0.9300           120.24        120.24       
               C132 -        C62           C95          

 C133 -      Distance       Angles
 C65       1.3635 (0.0142) 
 C266      1.3671 (0.0136)  120.09 (0.93)
 D133      0.9300           119.96        119.96       
               C133 -        C65           C266         

 C143 -      Distance       Angles
 C175      1.3865 (0.0081) 
 C237      1.3912 (0.0085)  118.68 (0.50)
 C1        1.5026 (0.0081)  120.09 (0.58) 121.23 (0.53)
               C143 -        C175          C237         

 C155 -      Distance       Angles
 C241      1.5309 (0.0078) 
 C220      1.5364 (0.0080)  108.62 (0.47)
 C282      1.5373 (0.0082)  108.47 (0.48) 108.68 (0.49)
 P12       1.8976 (0.0053)  115.00 (0.38) 111.04 (0.41) 104.79 (0.36)
               C155 -        C241          C220          C282         

 C157 -      Distance       Angles
 C237      1.3871 (0.0072) 
 C77       1.3965 (0.0067)  120.32 (0.50)
 S7        1.7597 (0.0057)  120.87 (0.40) 118.80 (0.39)
               C157 -        C237          C77          

 C162 -      Distance       Angles
 C59       1.3696 (0.0117) 
 C287      1.3759 (0.0102)  120.46 (0.70)
 D162      0.9300           119.77        119.77       
               C162 -        C59           C287         

 C165 -      Distance       Angles
 C6        1.3813 (0.0072) 
 C85       1.3843 (0.0076)  119.30 (0.47)
 H165      0.9300           120.35        120.35       
               C165 -        C6            C85          

 C173 -      Distance       Angles
 C272      1.5331 (0.0084) 
 H17A      0.9600           109.47       
 H17B      0.9600           109.47        109.47       
 H17C      0.9600           109.47        109.47        109.47       
               C173 -        C272          H17A          H17B         

 C175 -      Distance       Angles
 C143      1.3865 (0.0081) 
 C53       1.4069 (0.0073)  122.84 (0.55)
 H175      0.9300           118.58        118.58       
               C175 -        C143          C53          

 C184 -      Distance       Angles
 O38       1.3889 (0.0057) 
 C222      1.3921 (0.0065)  119.37 (0.41)
 C6        1.3925 (0.0065)  119.28 (0.42) 121.32 (0.45)
               C184 -        O38           C222         

 C189 -      Distance       Angles
 C28       1.5318 (0.0100) 
 H18A      0.9600           109.47       
 H18B      0.9600           109.47        109.47       
 H18C      0.9600           109.47        109.47        109.47       
               C189 -        C28           H18A          H18B         

 C220 -      Distance       Angles
 C155      1.5364 (0.0080) 
 H22A      0.9600           109.47       
 H22B      0.9600           109.47        109.47       
 H22C      0.9600           109.47        109.47        109.47       
               C220 -        C155          H22A          H22B         

 C222 -      Distance       Angles
 C184      1.3921 (0.0065) 
 C16       1.4066 (0.0069)  116.03 (0.44)
 P12       1.8505 (0.0048)  121.45 (0.37) 122.45 (0.37)
               C222 -        C184          C16          

 C236 -      Distance       Angles
 C103      1.5367 (0.0083) 
 H23A      0.9600           109.47       
 H23B      0.9600           109.47        109.47       
 H23C      0.9600           109.47        109.47        109.47       
               C236 -        C103          H23A          H23B         

 C237 -      Distance       Angles
 C157      1.3871 (0.0072) 
 C143      1.3912 (0.0085)  119.87 (0.48)
 H237      0.9300           120.06        120.06       
               C237 -        C157          C143         

 C241 -      Distance       Angles
 C155      1.5309 (0.0078) 
 H24A      0.9600           109.47       
 H24B      0.9600           109.47        109.47       
 H24C      0.9600           109.47        109.47        109.47       
               C241 -        C155          H24A          H24B         

 C266 -      Distance       Angles
 C62       1.3546 (0.0147) 
 C133      1.3671 (0.0136)  120.67 (0.94)
 D266      0.9300           119.67        119.67       
               C266 -        C62           C133         

 C272 -      Distance       Angles
 C173      1.5331 (0.0084) 
 C304      1.5366 (0.0082)  109.43 (0.53)
 C107      1.5387 (0.0079)  107.80 (0.49) 107.87 (0.49)
 P19       1.8905 (0.0060)  105.00 (0.37) 111.12 (0.40) 115.44 (0.45)
               C272 -        C173          C304          C107         

 C282 -      Distance       Angles
 C155      1.5373 (0.0082) 
 H28A      0.9600           109.47       
 H28B      0.9600           109.47        109.47       
 H28C      0.9600           109.47        109.47        109.47       
               C282 -        C155          H28A          H28B         

 C287 -      Distance       Angles
 C111      1.3674 (0.0096) 
 C162      1.3759 (0.0102)  119.83 (0.66)
 D287      0.9300           120.09        120.09       
               C287 -        C111          C162         

 C304 -      Distance       Angles
 C272      1.5366 (0.0082) 
 H30A      0.9600           109.47       
 H30B      0.9600           109.47        109.47       
 H30C      0.9600           109.47        109.47        109.47       
               C304 -        C272          H30A          H30B         



 Selected torsion angles

     0.87 ( 1.12)  C59 - C13 - C48 - C111
   142.45 ( 0.45)  C157 - S7 - C6 - C165
   -36.87 ( 0.44)  C157 - S7 - C6 - C184
   100.21 ( 0.46)  C272 - P19 - C53 - C77
  -142.56 ( 0.45)  C28 - P19 - C53 - C77
   -18.84 ( 0.53)  Pt1 - P19 - C53 - C77
   -75.33 ( 0.50)  C272 - P19 - C53 - C175
    41.89 ( 0.53)  C28 - P19 - C53 - C175
   165.62 ( 0.38)  Pt1 - P19 - C53 - C175
    -0.86 ( 1.20)  C48 - C13 - C59 - C162
   176.11 ( 0.46)  C175 - C53 - C77 - O38
     0.35 ( 0.66)  P19 - C53 - C77 - O38
    -2.91 ( 0.76)  C175 - C53 - C77 - C157
  -178.67 ( 0.39)  P19 - C53 - C77 - C157
   129.45 ( 0.47)  C184 - O38 - C77 - C53
   -51.51 ( 0.57)  C184 - O38 - C77 - C157
     0.03 ( 0.79)  C222 - C16 - C85 - C165
  -178.30 ( 0.50)  C222 - C16 - C85 - C25
     0.09 ( 1.36)  C133 - C65 - C95 - C132
  -162.67 ( 0.42)  C222 - P12 - C103 - C236
    89.76 ( 0.47)  C155 - P12 - C103 - C236
   -26.59 ( 0.47)  Pt1 - P12 - C103 - C236
   -47.05 ( 0.47)  C222 - P12 - C103 - C76
  -154.62 ( 0.41)  C155 - P12 - C103 - C76
    89.03 ( 0.42)  Pt1 - P12 - C103 - C76
    76.37 ( 0.50)  C222 - P12 - C103 - C94
   -31.20 ( 0.55)  C155 - P12 - C103 - C94
  -147.55 ( 0.43)  Pt1 - P12 - C103 - C94
    -1.00 ( 1.00)  C13 - C48 - C111 - C287
     0.69 ( 1.42)  C266 - C62 - C132 - C95
    -0.36 ( 1.45)  C65 - C95 - C132 - C62
    -0.17 ( 1.29)  C95 - C65 - C133 - C266
   -42.00 ( 0.47)  C222 - P12 - C155 - C241
    68.96 ( 0.49)  C103 - P12 - C155 - C241
  -174.48 ( 0.39)  Pt1 - P12 - C155 - C241
  -165.84 ( 0.42)  C222 - P12 - C155 - C220
   -54.88 ( 0.48)  C103 - P12 - C155 - C220
    61.68 ( 0.43)  Pt1 - P12 - C155 - C220
    77.00 ( 0.39)  C222 - P12 - C155 - C282
  -172.04 ( 0.37)  C103 - P12 - C155 - C282
   -55.48 ( 0.38)  Pt1 - P12 - C155 - C282
     1.76 ( 0.78)  C53 - C77 - C157 - C237
  -177.27 ( 0.46)  O38 - C77 - C157 - C237
  -179.48 ( 0.40)  C53 - C77 - C157 - S7
     1.49 ( 0.64)  O38 - C77 - C157 - S7
  -144.03 ( 0.46)  C6 - S7 - C157 - C237
    37.21 ( 0.46)  C6 - S7 - C157 - C77
     0.98 ( 1.19)  C13 - C59 - C162 - C287
    -1.04 ( 0.77)  C184 - C6 - C165 - C85
   179.65 ( 0.40)  S7 - C6 - C165 - C85
     0.94 ( 0.77)  C16 - C85 - C165 - C6
   179.29 ( 0.50)  C25 - C85 - C165 - C6
     0.97 ( 0.92)  C237 - C143 - C175 - C53
  -179.75 ( 0.60)  C1 - C143 - C175 - C53
     1.57 ( 0.86)  C77 - C53 - C175 - C143
   177.30 ( 0.48)  P19 - C53 - C175 - C143
  -129.74 ( 0.45)  C77 - O38 - C184 - C222
    51.90 ( 0.57)  C77 - O38 - C184 - C6
   178.48 ( 0.44)  C165 - C6 - C184 - O38
    -2.20 ( 0.62)  S7 - C6 - C184 - O38
     0.15 ( 0.75)  C165 - C6 - C184 - C222
   179.47 ( 0.37)  S7 - C6 - C184 - C222
  -177.55 ( 0.42)  O38 - C184 - C222 - C16
     0.78 ( 0.69)  C6 - C184 - C222 - C16
    -0.74 ( 0.61)  O38 - C184 - C222 - P12
   177.59 ( 0.37)  C6 - C184 - C222 - P12
    -0.88 ( 0.74)  C85 - C16 - C222 - C184
  -177.65 ( 0.41)  C85 - C16 - C222 - P12
   144.91 ( 0.41)  C103 - P12 - C222 - C184
   -99.05 ( 0.42)  C155 - P12 - C222 - C184
    20.04 ( 0.48)  Pt1 - P12 - C222 - C184
   -38.49 ( 0.48)  C103 - P12 - C222 - C16
    77.56 ( 0.45)  C155 - P12 - C222 - C16
  -163.35 ( 0.34)  Pt1 - P12 - C222 - C16
     0.91 ( 0.82)  C77 - C157 - C237 - C143
  -177.83 ( 0.44)  S7 - C157 - C237 - C143
    -2.21 ( 0.86)  C175 - C143 - C237 - C157
   178.52 ( 0.58)  C1 - C143 - C237 - C157
    -0.78 ( 1.37)  C132 - C62 - C266 - C133
     0.52 ( 1.32)  C65 - C133 - C266 - C62
   -76.09 ( 0.40)  C53 - P19 - C272 - C173
   175.01 ( 0.37)  C28 - P19 - C272 - C173
    57.24 ( 0.38)  Pt1 - P19 - C272 - C173
   165.70 ( 0.44)  C53 - P19 - C272 - C304
    56.79 ( 0.50)  C28 - P19 - C272 - C304
   -60.97 ( 0.45)  Pt1 - P19 - C272 - C304
    42.46 ( 0.48)  C53 - P19 - C272 - C107
   -66.44 ( 0.49)  C28 - P19 - C272 - C107
   175.79 ( 0.39)  Pt1 - P19 - C272 - C107
     1.11 ( 1.00)  C48 - C111 - C287 - C162
    -1.11 ( 1.11)  C59 - C162 - C287 - C111

 R1 =  0.0798 for  14395 unique reflections after merging for Fourier


 Electron density synthesis with coefficients Fo-Fc

 Highest peak    7.62  at  0.0796  0.9167  0.3195  [  0.79 A from PT1 ]
 Deepest hole   -3.05  at  0.9417  0.6168  0.6808  [  0.65 A from H1A ]

 Mean =    0.00,   Rms deviation from mean =    0.23,   Highest memory used =     7673 /   114642


 Fourier peaks appended to .res file

              x       y       z       sof     U      Peak   Distances to nearest atoms (including eq.)

 Q1    1   0.4204  0.4167  0.3195   1.00000  0.05    7.62   0.79 PT1  1.98 P12  2.19 P19  2.56 H12A
 Q2    1   0.4417  0.3176  0.3181   1.00000  0.05    3.52   0.88 PT1  1.45 O28  1.91 O2  2.26 H30C
 Q3    1   0.4419  0.3548  0.3427   1.00000  0.05    2.73   0.72 PT1  2.23 H28C  2.23 O2  2.27 O28
 Q4    1   0.4406  0.1273  0.5395   1.00000  0.05    2.09   0.70 D162  1.56 C162  2.32 C287  2.34 D287
 Q5    1   0.0472  0.3561  0.3215   1.00000  0.05    1.90   0.61 H1A  1.05 C1  1.52 H1C  1.73 C143
 Q6    1   0.4936  0.3772  0.3241   1.00000  0.05    1.76   0.92 PT1  1.37 O2  2.01 O28  2.13 P12
 Q7    1   0.0569  0.4206  0.3209   1.00000  0.05    1.56   0.80 C1  0.94 H1A  1.24 H1B  1.31 C143
 Q8    1   0.3371  0.5200  0.3001   1.00000  0.05    1.20   1.31 H18C  1.80 H76A  2.22 C189  2.44 H10B
 Q9    1   0.3143  0.3071  0.3073   1.00000  0.05    1.18   0.62 P19  1.37 C272  1.99 C28  2.20 C53
 Q10   1   0.2093  0.5141  0.4483   1.00000  0.05    1.15   0.55 S7  1.25 C157  1.80 C6  2.27 C77
 Q11   1   0.3175  0.3979  0.3196   1.00000  0.05    0.95   0.86 P19  1.58 C53  2.14 C28  2.24 H18C
 Q12   1   0.2041  0.3380  0.1831   1.00000  0.05    0.93   0.52 H52B  1.35 C52  1.68 H52C  2.00 H52A
 Q13   1   0.1707  0.3751  0.1812   1.00000  0.05    0.88   1.31 H52B  1.72 H22A  1.89 H52C  1.92 C52
 Q14   1   0.1163  0.4382  0.3777   1.00000  0.05    0.84   0.70 C237  0.71 C143  1.46 H237  1.77 C175
 Q15   1   0.2399  0.4168  0.3593   1.00000  0.05    0.83   0.54 C53  0.88 C77  1.66 C175  1.95 C157
 Q16   1   0.2283  0.4027  0.3233   1.00000  0.05    0.79   0.67 C53  1.21 C175  1.63 H175  1.83 P19
 Q17   1   0.3071  0.3579  0.2819   1.00000  0.05    0.79   0.89 P19  1.02 C28  2.04 C12  2.07 C189
 Q18   1   0.5382  0.2977  0.2789   1.00000  0.05    0.73   0.78 O2  1.00 O28  2.38 PT1  2.64 H52C
 Q19   1   0.3983  0.7047  0.4557   1.00000  0.05    0.73   0.49 C85  1.05 C25  1.58 H25A  1.63 H25C
 Q20   1   0.5596  0.3561  0.4564   1.00000  0.05    0.72   0.39 H28B  1.19 C282  1.72 H28C  1.91 H28A

 Shortest distances between peaks (including symmetry equivalents)

     12  13  0.84      2   3  0.91      5   7  1.03     15  16  1.06      9  17  1.09      3   6  1.12      1   3  1.24
     11  17  1.26      2   6  1.33      1   6  1.45      9  11  1.48     11  16  1.59      1   2  1.61     11  15  1.81
      1  11  1.85      7  14  1.95     16  17  1.96      6  18  1.96      8  11  2.04      2  18  2.07      9  16  2.20
      1   8  2.27     14  15  2.29      2   9  2.29      5  14  2.40      3  11  2.41      1  17  2.46      2  11  2.55
     14  16  2.58      1   9  2.59      3   9  2.60      9  15  2.63      3  18  2.65      8  17  2.67     15  17  2.67
      2  17  2.68      8  16  2.76     19  20  2.78     10  14  2.86     13  18  2.89      8  15  2.91      3  17  2.96


 Time profile in seconds
 -----------------------

      0.00: Read and process instructions
      0.00: Fit rigid groups
      0.00: Interpret restraints etc.
      0.00: Generate connectivity array
      0.00: Analyse DFIX and DANG restraints
      0.00: Analyse SAME and SADI restraints
      0.00: Generate CHIV restraints
      0.00: Check if bonds in residues restrained
      0.00: Generate DELU and RIGU restraints
      0.00: Generate SIMU restraints
      0.00: Generate ISOR restraints
      0.00: Generate NCSY restraints
      0.00: Analyse other restraints etc.
      0.56: Read intensity data, sort/merge etc.
      0.01: Set up constraints
      0.00: OSF, H-atoms from difference map
      0.02: Set up l.s. refinement
      0.00: Generate idealized H-atoms
      0.86: Structure factors and derivatives
      1.91: Sum l.s. matrices
      0.00: Generate and apply antibumping restraints
      0.00: Apply other restraints
      0.10: Solve l.s. equations
      0.00: Generate HTAB table
      1.05: Other dependent quantities, CIF, tables
      0.07: Analysis of variance
      0.12: Merge reflections for Fourier and .fcf
      0.04: Fourier summations
      0.35: Peaksearch
      0.02: Analyse peaklist

 ** WARNING: These times are only approximate for multiple threads.
             To get better estimates run with -t1 **

 +++++++++++++++++++++++++++++++++++++++++++++++++++++++++++++++++++++++++++++
 +  mrmnd         finished at 15:29:17   Total elapsed time:      5.12 secs  +
 +++++++++++++++++++++++++++++++++++++++++++++++++++++++++++++++++++++++++++++
