
 +++++++++++++++++++++++++++++++++++++++++++++++++++++++++++++++++++
 +  SHELXL -  CRYSTAL STRUCTURE REFINEMENT  -   MULTI-CPU VERSION  +
 +  Copyright(C) George M. Sheldrick 1993-2013     Version 2013/4  +
 +  mrmnea                     started at 20:58:47 on 04-Mar-2014  +
 +++++++++++++++++++++++++++++++++++++++++++++++++++++++++++++++++++

 Command line parameters: mrmnea -a50000 -b3000 -c624 -t2

 -a sets the approximate maximum number of atoms including hydrogens.
 -b sets the maximum number of full-matrix parameters (leave unchanged for
 CGLS). For example -b9000 allows refinement of 1000 anisotropic atoms or
 3000 with BLOC 1. For a 32-bit version, -b times the square root of the
 number of threads should not exceed about 65500. -c sets the reflection
 buffer size. This depends on the CPU cache size but will rarely need
 changing. -t sets the number of threads, otherwise the multi-CPU version
 sets this equal to the number of available CPUs. For optimal performance
 on systems with hyperthreading, usually the hyperthreading should be
 switched off or -t used to halve the number of threads; e.g. -t4 rather
 than -t8 for an Intel i7 processor.

 Running  2 threads on  2 processors

 TITL MRMNEa in P21 #4
 CELL 1.54184 8.669665 15.44173 11.948243 90 99.6997 90
 ZERR 2 0.000281 0.000551 0.000428 0 0.0032 0
 LATT -1
 SYMM -X,0.5+Y,-Z
  
 SFAC C H Ag Cl O P S
 UNIT 60 92 2 2 2 4 2

 V =     1576.70     F(000) =     688.0     Mu =   7.64 mm-1      Cell Wt =     1319.97    Rho =  1.390

  
  
 L.S. 4
 PLAN  20
 REM reset to P21 #4
 BOND
 MORE -1
 CONF
 fmap 2
 ACTA
 OMIT 0 -19 1
 OMIT -1 -19 1
 OMIT -8 4 11
 REM <HKL>/Users/melanie/Desktop/Memory%20Stick/Crystal%20Structures/MRMNE/MRMN
 REM Ea.hkl</HKL>
 WGHT 0.1077 1.2535
 FVAR 7.09561
  
 Ag1   3     0.16965  0.23997  0.33856  11.00000  0.02556  0.01783  0.01777 =
  -0.00011  0.00473 -0.00267
 P1    6     0.03315  0.17984  0.16102  11.00000  0.02260  0.01515  0.01750 =
  -0.00071  0.00324 -0.00330
 P2    6     0.30543  0.37725  0.37768  11.00000  0.02329  0.01345  0.01393 =
  0.00041  0.00288 -0.00081
 C7    1     0.07767  0.23194  0.03123  11.00000  0.02454  0.01276  0.01883 =
  0.00075  0.00624 -0.00268
 O9    5     0.30869  0.29947  0.13745  11.00000  0.02475  0.01593  0.01404 =
  0.00373  0.00227 -0.00021
 C13   1     0.37835  0.38127  0.15327  11.00000  0.01801  0.00682  0.01883 =
  0.00494 -0.00540 -0.00372
 C20   1     0.39209  0.42270  0.25868  11.00000  0.02337  0.01794  0.01853 =
  0.00449  0.00443 -0.00139
 S1    7     0.42993  0.36776 -0.06616  11.00000  0.03099  0.03058  0.01816 =
  -0.00235  0.01248 -0.00648
 C3    1     0.52297  0.49771  0.08363  11.00000  0.02622  0.02884  0.01947 =
  0.00420  0.00357 -0.00639
 AFIX 43
 H3    2     0.56626  0.52202  0.02480  11.00000 -1.20000
 AFIX 0
 C4    1     0.01612  0.25373 -0.17555  11.00000  0.03924  0.01480  0.02644 =
  -0.00658 -0.00019  0.00170
 C5    1     0.44391  0.41841  0.06610  11.00000  0.02436  0.02844  0.01783 =
  0.00218  0.00178 -0.00442
 C6    1    -0.08949  0.23886 -0.28690  11.00000  0.04990  0.03269  0.02490 =
  0.00803 -0.01068  0.00670
 AFIX 137
 H6a   2    -0.11279  0.29327 -0.32485  11.00000 -1.50000
 H6b   2    -0.18490  0.21229 -0.27366  11.00000 -1.50000
 H6c   2    -0.03837  0.20150 -0.33344  11.00000 -1.50000
 AFIX 0
 C8    1     0.04699  0.41946  0.47644  11.00000  0.04166  0.04400  0.04400 =
  -0.00661  0.01923  0.01157
 AFIX 137
 H8a   2    -0.00072  0.37072  0.43424  11.00000 -1.50000
 H8b   2    -0.03248  0.46016  0.48811  11.00000 -1.50000
 H8c   2     0.10206  0.40015  0.54861  11.00000 -1.50000
 AFIX 0
 C9    1     0.53798  0.54053  0.18640  11.00000  0.03418  0.02215  0.02523 =
  -0.00279  0.00178 -0.00963
 C10   1     0.15084  0.30288 -0.17152  11.00000  0.03176  0.02237  0.01406 =
  0.00278  0.00975  0.00305
 AFIX 43
 H10   2     0.17629  0.32646 -0.23768  11.00000 -1.20000
 AFIX 0
 C11   1     0.47629  0.36062  0.49605  11.00000  0.02867  0.02386  0.01897 =
  0.00072 -0.00352 -0.00221
 C12   1     0.47341  0.50153  0.27247  11.00000  0.03069  0.02421  0.01314 =
  -0.00682  0.00644 -0.00715
 AFIX 43
 H12   2     0.48463  0.52900  0.34264  11.00000 -1.20000
 AFIX 0
 C1    1     0.21056  0.28351  0.03358  11.00000  0.02038  0.00935  0.01744 =
  -0.00001  0.00348 -0.00082
 C14   1     0.41294  0.33916  0.60428  11.00000  0.04214  0.04573  0.00906 =
  0.00312 -0.00214 -0.01211
 AFIX 137
 H14a  2     0.36559  0.38984  0.63039  11.00000 -1.50000
 H14b  2     0.49718  0.32010  0.66169  11.00000 -1.50000
 H14c  2     0.33616  0.29401  0.58895  11.00000 -1.50000
 AFIX 0
 C15   1    -0.01475  0.21964 -0.07491  11.00000  0.03498  0.02800  0.02505 =
  0.00364 -0.00111 -0.00592
 AFIX 43
 H15   2    -0.10416  0.18582 -0.07811  11.00000 -1.20000
 AFIX 0
 C16   1     0.16337  0.46359  0.40925  11.00000  0.02732  0.03002  0.02678 =
  0.00215  0.00826  0.00925
 C17   1     0.24863  0.31680 -0.06667  11.00000  0.02328  0.01623  0.01667 =
  -0.00126  0.00245  0.00430
 C18   1     0.56244  0.28146  0.45714  11.00000  0.04364  0.04139  0.03579 =
  -0.00381  0.00198  0.01208
 AFIX 137
 H18a  2     0.49635  0.23134  0.45418  11.00000 -1.50000
 H18b  2     0.65716  0.27144  0.50993  11.00000 -1.50000
 H18c  2     0.58735  0.29239  0.38312  11.00000 -1.50000
 AFIX 0
 C19   1     0.59438  0.43564  0.52140  11.00000  0.03263  0.03980  0.02678 =
  0.00746 -0.00736 -0.00597
 AFIX 137
 H19a  2     0.64078  0.44709  0.45542  11.00000 -1.50000
 H19b  2     0.67465  0.41995  0.58364  11.00000 -1.50000
 H19c  2     0.54124  0.48657  0.54094  11.00000 -1.50000
 AFIX 0
 C1A   1    -0.18488  0.19105  0.15653  11.00000  0.02976  0.03209  0.03326 =
  -0.00127 -0.00114 -0.00264
 C1B   1    -0.21944  0.28672  0.13453  11.00000  0.03469  0.05597  0.05059 =
  0.00643  0.00608  0.01954
 AFIX 137
 H1Ba  2    -0.14646  0.32084  0.18573  11.00000 -1.50000
 H1Bb  2    -0.32398  0.29923  0.14632  11.00000 -1.50000
 H1Bc  2    -0.20968  0.30046  0.05768  11.00000 -1.50000
 AFIX 0
 C1C   1     0.04618  0.02382  0.02663  11.00000  0.07720  0.02486  0.02982 =
  -0.00745  0.01055 -0.00411
 AFIX 137
 H1Ca  2    -0.06598  0.02091  0.01039  11.00000 -1.50000
 H1Cb  2     0.08879 -0.03354  0.02626  11.00000 -1.50000
 H1Cc  2     0.08346  0.05833 -0.03009  11.00000 -1.50000
 AFIX 0
 C1D   1     0.07188  0.49190  0.29397  11.00000  0.03705  0.01441  0.04671 =
  -0.00283 -0.00274  0.00192
 AFIX 137
 H1Da  2     0.13377  0.53194  0.25889  11.00000 -1.50000
 H1Db  2    -0.02383  0.51939  0.30478  11.00000 -1.50000
 H1Dc  2     0.04840  0.44210  0.24603  11.00000 -1.50000
 AFIX 0
 C1E   1     0.03897  0.00736  0.23286  11.00000  0.05658  0.02428  0.03070 =
  0.00619  0.00996 -0.01091
 AFIX 137
 H1Ea  2     0.05952  0.03581  0.30528  11.00000 -1.50000
 H1Eb  2     0.09261 -0.04725  0.23770  11.00000 -1.50000
 H1Ec  2    -0.07152 -0.00215  0.21165  11.00000 -1.50000
 AFIX 0
 C1F   1     0.27540  0.06781  0.16904  11.00000  0.04554  0.02890  0.03176 =
  -0.00051  0.01139  0.01997
 AFIX 137
 H1Fa  2     0.31319  0.10838  0.11911  11.00000 -1.50000
 H1Fb  2     0.31694  0.01138  0.15818  11.00000 -1.50000
 H1Fc  2     0.30828  0.08566  0.24634  11.00000 -1.50000
 AFIX 0
 C1G   1     0.09730  0.06464  0.14282  11.00000  0.03691  0.02991  0.02366 =
  0.00721  0.01009  0.00235
 C1H   1     0.23561  0.54260  0.47569  11.00000  0.04156  0.02253  0.03165 =
  -0.00997  0.00747  0.00511
 AFIX 137
 H1Ha  2     0.30358  0.52375  0.54315  11.00000 -1.50000
 H1Hb  2     0.15393  0.57814  0.49626  11.00000 -1.50000
 H1Hc  2     0.29463  0.57546  0.42933  11.00000 -1.50000
 AFIX 0
 C1I   1     0.62228  0.62553  0.20328  11.00000  0.05331  0.03245  0.02600 =
  -0.00200  0.00813 -0.01747
 AFIX 137
 H1Ia  2     0.66679  0.63230  0.28197  11.00000 -1.50000
 H1Ib  2     0.54992  0.67183  0.18040  11.00000 -1.50000
 H1Ic  2     0.70411  0.62690  0.15826  11.00000 -1.50000
 AFIX 0
 C1J   1    -0.21494  0.16793  0.27601  11.00000  0.03793  0.06781  0.03452 =
  0.00032  0.02223 -0.00367
 AFIX 137
 H1Ja  2    -0.18582  0.10874  0.29259  11.00000 -1.50000
 H1Jb  2    -0.32398  0.17547  0.27937  11.00000 -1.50000
 H1Jc  2    -0.15382  0.20513  0.33073  11.00000 -1.50000
 AFIX 0
 C1K   1    -0.29365  0.13494  0.07218  11.00000  0.02524  0.07916  0.05387 =
  -0.01932 -0.00007 -0.02287
 AFIX 137
 H1Ka  2    -0.28290  0.15065 -0.00386  11.00000 -1.50000
 H1Kb  2    -0.39995  0.14384  0.08246  11.00000 -1.50000
 H1Kc  2    -0.26642  0.07507  0.08494  11.00000 -1.50000
 AFIX 0
 Cl1   4     0.17976  0.13854  0.50172  11.00000  0.05416  0.03206  0.02602 =
  0.01075 -0.00208 -0.01331
 HKLF 4


 Covalent radii and connectivity table for  MRMNEa in P21 #4                                                           
 C    0.770
 H    0.320
 AG   1.440
 CL   0.990
 O    0.660
 P    1.100
 S    1.030

 Ag1 - P2 P1 Cl1
 P1 - C7 C1G C1A Ag1
 P2 - C20 C11 C16 Ag1
 C7 - C15 C1 P1
 O9 - C13 C1
 C13 - C5 O9 C20
 C20 - C13 C12 P2
 S1 - C5 C17
 C3 - C9 C5
 C4 - C15 C10 C6
 C5 - C13 C3 S1
 C6 - C4
 C8 - C16
 C9 - C3 C12 C1I
 C10 - C4 C17
 C11 - C14 C19 C18 P2
 C12 - C9 C20
 C1 - C17 C7 O9
 C14 - C11
 C15 - C4 C7
 C16 - C1H C1D C8 P2
 C17 - C1 C10 S1
 C18 - C11
 C19 - C11
 C1A - C1B C1K C1J P1
 C1B - C1A
 C1C - C1G
 C1D - C16
 C1E - C1G
 C1F - C1G
 C1G - C1C C1F C1E P1
 C1H - C16
 C1I - C9
 C1J - C1A
 C1K - C1A
 Cl1 - Ag1


 Floating origin restraints generated



   h   k   l       Fo^2      Sigma      Why rejected

   0  -1   0      546.17     78.82     observed but should be systematically absent
   0   1   0      394.79     71.01     observed but should be systematically absent


   12471  Reflections read, of which    20  rejected

 -10 =< h =< 10,    -19 =< k =< 16,    -14 =< l =< 14,   Max. 2-theta =  147.89

       2  Systematic absence violations



 Inconsistent equivalents etc.

   h   k   l      Fo^2   Sigma(Fo^2)  N  Esd of mean(Fo^2)

   1 -18   0    40458.96    977.50    2  32570.60
   4  -9   0   341943.66   3575.23    6  22832.64
   4  -7   0   176065.81   4535.63    2  25985.00
   0  -6   0   184741.30   3402.40    2  18929.00
   0  -4   0   219260.50   2903.37    2  33403.50
   3  -4   0   281942.12   2913.40    4  20421.75
   6  -4   0   109329.14   1909.49    6  10414.98
   1   0   0   150862.31   1565.95    2  11304.50
   2   1   0   188541.80   2595.08    2  19542.00
   2   6   0   199380.50   3524.77    2  18045.00
   2 -18   1    12547.91    299.10    2  15548.20
   0 -10   1   147570.58   4381.49    2  22978.50
  -6  -8   1    96206.20   2202.29    4  13108.59
  -3  -7   1   378236.66   5626.25    2  39585.00
  -1  -7   1    48856.12   1819.09    2  11065.20
  -4  -6   1   192221.03   4300.00    2  23250.50
  -1  -6   1   320229.53   2730.04    4  25518.59
   9  -5   1    55006.70   1995.78    2  13023.65
  10  -4   1    50922.18   1521.78    2   8702.50
  -4  -3   1   259140.53   4408.18    2  27248.50
  -2  -1   1    95597.30   1641.86    2   9413.20
   2  -1   1   873094.31   8150.44    2 121371.50
  -3   0   1   431877.78   4970.21    2  27126.50
  -3   2   1   445258.91   5218.83    2  26626.00
   2   2   1   156803.55   2521.89    2  16611.50
   6   2   1    27109.41   1730.33    2   9738.45
  -4   3   1   333118.28   5174.60    2  41963.50
   3   3   1   444102.34   5516.52    2  86425.00
   3   5   1   322668.81   4995.53    2  25638.00
  -1   6   1   353127.94   4211.64    2  33712.00
   1   6   1   486354.09   4540.17    2  27440.50
   9   6   1    36308.74   1452.91    2  11394.95
  -3   9   1   249205.39   4991.44    2  28136.00
  -2  -9   2    39516.41   1942.79    2  13976.45
  -1  -8   2   407123.41   6733.27    2  52951.50
  -4  -6   2    85193.70   2746.44    2  17385.85
   2  -6   2   279321.00   4894.83    2  37508.00
   3  -6   2    52214.59   2036.19    2  11480.35
   5  -6   2    90588.28   1746.91    6  10395.07
  -5  -5   2   111505.32   3534.08    2  23773.05
   5  -5   2    73145.93   3139.74    2  22991.90
  -2  -4   2   424087.16   4327.99    2  32722.00
   0  -4   2   326315.16   2281.16    6  15586.59
  -1  -2   2   636474.12   5355.07    2  27420.50
  10  -2   2    10403.85    248.90    2   8781.58
   0  -1   2   229670.14   2456.01    2  14469.50
  10   0   2    13436.26    521.39    2   8316.42
  10   1   2     5326.57    363.41    2   2692.84
  -9   3   2    17244.61    809.43    2  12834.64
   0   3   2   157223.08   1689.45    2  27516.50

 ** etc. **

     289  Inconsistent equivalents

    5815  Unique reflections, of which      0  suppressed

 R(int) = 0.0724     R(sigma) = 0.0651      Friedel opposites not merged

 Maximum memory for data reduction =     4636 /    57639


 Number of data for d > 0.802A (CIF: max) and d > 0.833A (CIF: full)
 (ignoring systematic absences):
 Unique reflections found (point group)       5815    5367
 Unique reflections possible (point group)    6386    5718
 Unique reflections found (Laue group)        3261    2970
 Unique reflections possible (Laue group)     3316    2975
 Unique Friedel pairs found                   2554    2397
 Unique Friedel pairs possible                3070    2743


 Default effective X-H and X-D distances for T =   20.0C 
 AFIX m =    1     2     3     4   4[N]  3[N]  15[B]  8[O]   9   9[N]   16
 d(X-H) =  0.98  0.97  0.96  0.93  0.86  0.89  1.10  0.82  0.93  0.86  0.93

 Note that these distances are chosen to give the best fit to the X-ray data
 and so avoid the introduction of systematic error.  The true internuclear
 distances are longer and do not vary with temperature!  The apparent
 variation with temperature is caused by libration.


 Least-squares cycle   1   Maximum vector length =  623   Memory required =     5674 /   512475

 wR2 = 0.1574 before cycle   1 for    5815 data and    339 /    339 parameters

 GooF = S =     1.126;     Restrained GooF =      1.126 for       1 restraints

 Weight = 1 / [ sigma^2(Fo^2) + ( 0.1077 * P )^2 +   1.25 * P ]   where  P = ( Max ( Fo^2, 0 ) + 2 * Fc^2 ) / 3


     N      value        esd    shift/esd  parameter

     1     7.09561     0.02378     0.000    OSF

 Mean shift/esd =   0.002  Maximum =     0.021 for   y  P1       

 Max. shift = 0.000 A for H1BB      Max. dU = 0.000 for C17        


 Least-squares cycle   2   Maximum vector length =  623   Memory required =     5674 /   512475

 wR2 = 0.1574 before cycle   2 for    5815 data and    339 /    339 parameters

 GooF = S =     1.126;     Restrained GooF =      1.125 for       1 restraints

 Weight = 1 / [ sigma^2(Fo^2) + ( 0.1077 * P )^2 +   1.25 * P ]   where  P = ( Max ( Fo^2, 0 ) + 2 * Fc^2 ) / 3


     N      value        esd    shift/esd  parameter

     1     7.09562     0.02377     0.000    OSF

 Mean shift/esd =   0.001  Maximum =     0.007 for   y  P1       

 Max. shift = 0.000 A for H1CA      Max. dU = 0.000 for C1K        


 Least-squares cycle   3   Maximum vector length =  623   Memory required =     5674 /   512475

 wR2 = 0.1574 before cycle   3 for    5815 data and    339 /    339 parameters

 GooF = S =     1.126;     Restrained GooF =      1.125 for       1 restraints

 Weight = 1 / [ sigma^2(Fo^2) + ( 0.1077 * P )^2 +   1.25 * P ]   where  P = ( Max ( Fo^2, 0 ) + 2 * Fc^2 ) / 3


     N      value        esd    shift/esd  parameter

     1     7.09562     0.02377     0.000    OSF

 Mean shift/esd =   0.000  Maximum =     0.000 for  U13 C5       

 Max. shift = 0.000 A for H1KB      Max. dU = 0.000 for C1K        


 Least-squares cycle   4   Maximum vector length =  623   Memory required =     5674 /   512475

 wR2 = 0.1574 before cycle   4 for    5815 data and    339 /    339 parameters

 GooF = S =     1.125;     Restrained GooF =      1.125 for       1 restraints

 Weight = 1 / [ sigma^2(Fo^2) + ( 0.1077 * P )^2 +   1.25 * P ]   where  P = ( Max ( Fo^2, 0 ) + 2 * Fc^2 ) / 3


     N      value        esd    shift/esd  parameter

     1     7.09561     0.02377     0.000    OSF

 Mean shift/esd =   0.000  Maximum =     0.000 for  OSF          

 Max. shift = 0.000 A for H1BB      Max. dU = 0.000 for C15        


 Largest correlation matrix elements

     0.581 U11 Ag1 / OSF                     0.569 U33 Ag1 / OSF                     0.549 U22 Ag1 / OSF 



 Idealized hydrogen atom generation before cycle   5

 Name     x       y       z    AFIX  d(X-H)  shift  Bonded to  Conformation determined by

 H3    0.5663  0.5220  0.0248   43   0.930   0.000   C3              C9  C5  
 H6A  -0.1128  0.2933 -0.3248  137   0.960   0.000   C6              C4  H6A  
 H6B  -0.1849  0.2123 -0.2737  137   0.960   0.000   C6              C4  H6A  
 H6C  -0.0384  0.2015 -0.3334  137   0.960   0.000   C6              C4  H6A  
 H8A  -0.0007  0.3707  0.4342  137   0.960   0.000   C8              C16  H8A  
 H8B  -0.0325  0.4602  0.4881  137   0.960   0.000   C8              C16  H8A  
 H8C   0.1021  0.4002  0.5486  137   0.960   0.000   C8              C16  H8A  
 H10   0.1763  0.3265 -0.2377   43   0.930   0.000   C10             C4  C17  
 H12   0.4846  0.5290  0.3426   43   0.930   0.000   C12             C9  C20  
 H14A  0.3656  0.3898  0.6304  137   0.960   0.000   C14             C11  H14A  
 H14B  0.4972  0.3201  0.6617  137   0.960   0.000   C14             C11  H14A  
 H14C  0.3362  0.2940  0.5889  137   0.960   0.000   C14             C11  H14A  
 H15  -0.1042  0.1858 -0.0781   43   0.930   0.000   C15             C4  C7  
 H18A  0.4964  0.2313  0.4542  137   0.960   0.000   C18             C11  H18A  
 H18B  0.6572  0.2714  0.5099  137   0.960   0.000   C18             C11  H18A  
 H18C  0.5873  0.2924  0.3831  137   0.960   0.000   C18             C11  H18A  
 H19A  0.6408  0.4471  0.4554  137   0.960   0.000   C19             C11  H19A  
 H19B  0.6746  0.4200  0.5836  137   0.960   0.000   C19             C11  H19A  
 H19C  0.5412  0.4866  0.5409  137   0.960   0.000   C19             C11  H19A  
 H1BA -0.1465  0.3208  0.1857  137   0.960   0.000   C1B             C1A  H1BA  
 H1BB -0.3240  0.2992  0.1463  137   0.960   0.000   C1B             C1A  H1BA  
 H1BC -0.2097  0.3005  0.0577  137   0.960   0.000   C1B             C1A  H1BA  
 H1CA -0.0660  0.0209  0.0104  137   0.960   0.000   C1C             C1G  H1CA  
 H1CB  0.0888 -0.0335  0.0263  137   0.960   0.000   C1C             C1G  H1CA  
 H1CC  0.0835  0.0583 -0.0301  137   0.960   0.000   C1C             C1G  H1CA  
 H1DA  0.1338  0.5319  0.2589  137   0.960   0.000   C1D             C16  H1DA  
 H1DB -0.0238  0.5194  0.3048  137   0.960   0.000   C1D             C16  H1DA  
 H1DC  0.0484  0.4421  0.2460  137   0.960   0.000   C1D             C16  H1DA  
 H1EA  0.0595  0.0358  0.3053  137   0.960   0.000   C1E             C1G  H1EA  
 H1EB  0.0926 -0.0473  0.2377  137   0.960   0.000   C1E             C1G  H1EA  
 H1EC -0.0715 -0.0021  0.2116  137   0.960   0.000   C1E             C1G  H1EA  
 H1FA  0.3132  0.1084  0.1191  137   0.960   0.000   C1F             C1G  H1FA  
 H1FB  0.3169  0.0114  0.1582  137   0.960   0.000   C1F             C1G  H1FA  
 H1FC  0.3083  0.0857  0.2463  137   0.960   0.000   C1F             C1G  H1FA  
 H1HA  0.3036  0.5237  0.5432  137   0.960   0.000   C1H             C16  H1HA  
 H1HB  0.1539  0.5781  0.4963  137   0.960   0.000   C1H             C16  H1HA  
 H1HC  0.2946  0.5755  0.4293  137   0.960   0.000   C1H             C16  H1HA  
 H1IA  0.6668  0.6323  0.2820  137   0.960   0.000   C1I             C9  H1IA  
 H1IB  0.5499  0.6718  0.1804  137   0.960   0.000   C1I             C9  H1IA  
 H1IC  0.7041  0.6269  0.1583  137   0.960   0.000   C1I             C9  H1IA  
 H1JA -0.1858  0.1087  0.2926  137   0.960   0.000   C1J             C1A  H1JA  
 H1JB -0.3240  0.1755  0.2794  137   0.960   0.000   C1J             C1A  H1JA  
 H1JC -0.1538  0.2051  0.3307  137   0.960   0.000   C1J             C1A  H1JA  
 H1KA -0.2829  0.1507 -0.0039  137   0.960   0.000   C1K             C1A  H1KA  
 H1KB -0.4000  0.1438  0.0825  137   0.960   0.000   C1K             C1A  H1KA  
 H1KC -0.2664  0.0751  0.0849  137   0.960   0.000   C1K             C1A  H1KA  



  MRMNEa in P21 #4                                                           

 ATOM           x         y         z          sof         U11       U22       U33       U23       U13       U12        Ueq

 Ag1         0.16965   0.23997   0.33856     1.00000     0.02556   0.01783   0.01777  -0.00011   0.00473  -0.00267    0.02026
   0.00088   0.00006   0.00003   0.00004     0.00000     0.00029   0.00031   0.00028   0.00022   0.00019   0.00023    0.00019

 P1          0.03315   0.17984   0.16102     1.00000     0.02260   0.01515   0.01750  -0.00071   0.00324  -0.00330    0.01843
   0.00364   0.00023   0.00013   0.00017     0.00000     0.00094   0.00099   0.00092   0.00073   0.00073   0.00071    0.00041

 P2          0.30543   0.37725   0.37768     1.00000     0.02329   0.01345   0.01393   0.00041   0.00288  -0.00081    0.01692
   0.00360   0.00023   0.00013   0.00016     0.00000     0.00089   0.00091   0.00086   0.00072   0.00070   0.00074    0.00039

 C7          0.07767   0.23194   0.03123     1.00000     0.02454   0.01276   0.01883   0.00075   0.00624  -0.00268    0.01841
   0.01460   0.00085   0.00062   0.00062     0.00000     0.00326   0.00372   0.00344   0.00319   0.00268   0.00336    0.00144

 O9          0.30869   0.29947   0.13745     1.00000     0.02475   0.01593   0.01404   0.00373   0.00227  -0.00021    0.01835
   0.01083   0.00063   0.00040   0.00048     0.00000     0.00249   0.00289   0.00230   0.00217   0.00203   0.00216    0.00108

 C13         0.37835   0.38127   0.15327     1.00000     0.01801   0.00682   0.01883   0.00494  -0.00540  -0.00372    0.01554
   0.01341   0.00089   0.00050   0.00065     0.00000     0.00331   0.00340   0.00362   0.00274   0.00263   0.00284    0.00144

 C20         0.39209   0.42270   0.25868     1.00000     0.02337   0.01794   0.01853   0.00449   0.00443  -0.00139    0.01984
   0.01538   0.00093   0.00056   0.00070     0.00000     0.00373   0.00412   0.00381   0.00307   0.00301   0.00308    0.00158

 S1          0.42993   0.36776  -0.06616     1.00000     0.03099   0.03058   0.01816  -0.00235   0.01248  -0.00648    0.02561
   0.00400   0.00025   0.00015   0.00017     0.00000     0.00101   0.00117   0.00094   0.00083   0.00075   0.00086    0.00045

 C3          0.52297   0.49771   0.08363     1.00000     0.02622   0.02884   0.01947   0.00420   0.00357  -0.00639    0.02487
   0.01614   0.00100   0.00063   0.00075     0.00000     0.00403   0.00486   0.00389   0.00344   0.00318   0.00346    0.00178

 H3          0.56626   0.52202   0.02480     1.00000     0.02985
                                             0.00000     0.00000

 C4          0.01612   0.25373  -0.17555     1.00000     0.03924   0.01480   0.02644  -0.00658  -0.00019   0.00170    0.02749
   0.01572   0.00110   0.00057   0.00076     0.00000     0.00440   0.00502   0.00414   0.00328   0.00351   0.00337    0.00193

 C5          0.44391   0.41841   0.06610     1.00000     0.02436   0.02844   0.01783   0.00218   0.00178  -0.00442    0.02375
   0.01585   0.00097   0.00063   0.00072     0.00000     0.00387   0.00479   0.00387   0.00332   0.00312   0.00340    0.00174

 C6         -0.08949   0.23886  -0.28690     1.00000     0.04990   0.03269   0.02490   0.00803  -0.01068   0.00670    0.03779
   0.01998   0.00117   0.00087   0.00075     0.00000     0.00506   0.00488   0.00421   0.00500   0.00371   0.00580    0.00208

 H6A        -0.11279   0.29327  -0.32485     1.00000     0.05669
                                             0.00000     0.00000

 H6B        -0.18490   0.21229  -0.27366     1.00000     0.05669
                                             0.00000     0.00000

 H6C        -0.03837   0.20150  -0.33344     1.00000     0.05669
                                             0.00000     0.00000

 C8          0.04699   0.41946   0.47644     1.00000     0.04166   0.04400   0.04400  -0.00661   0.01923   0.01157    0.04183
   0.02368   0.00133   0.00081   0.00103     0.00000     0.00554   0.00660   0.00617   0.00496   0.00480   0.00478    0.00256

 H8A        -0.00072   0.37072   0.43424     1.00000     0.06275
                                             0.00000     0.00000

 H8B        -0.03248   0.46016   0.48811     1.00000     0.06275
                                             0.00000     0.00000

 H8C         0.10206   0.40015   0.54861     1.00000     0.06275
                                             0.00000     0.00000

 C9          0.53798   0.54053   0.18640     1.00000     0.03418   0.02215   0.02523  -0.00279   0.00178  -0.00963    0.02756
   0.01606   0.00109   0.00063   0.00080     0.00000     0.00452   0.00473   0.00447   0.00360   0.00359   0.00359    0.00191

 C10         0.15084   0.30288  -0.17152     1.00000     0.03176   0.02237   0.01406   0.00278   0.00975   0.00305    0.02205
   0.01698   0.00101   0.00066   0.00067     0.00000     0.00403   0.00457   0.00383   0.00310   0.00322   0.00326    0.00170

 H10         0.17629   0.32646  -0.23768     1.00000     0.02646
                                             0.00000     0.00000

 C11         0.47629   0.36062   0.49605     1.00000     0.02867   0.02386   0.01897   0.00072  -0.00352  -0.00221    0.02470
   0.01569   0.00102   0.00062   0.00074     0.00000     0.00397   0.00471   0.00387   0.00320   0.00319   0.00338    0.00177

 C12         0.47341   0.50153   0.27247     1.00000     0.03069   0.02421   0.01314  -0.00682   0.00644  -0.00715    0.02236
   0.01492   0.00100   0.00059   0.00069     0.00000     0.00400   0.00456   0.00361   0.00318   0.00305   0.00337    0.00168

 H12         0.48463   0.52900   0.34264     1.00000     0.02683
                                             0.00000     0.00000

 C1          0.21056   0.28351   0.03358     1.00000     0.02038   0.00935   0.01744  -0.00001   0.00348  -0.00082    0.01569
   0.01408   0.00087   0.00050   0.00065     0.00000     0.00333   0.00365   0.00358   0.00278   0.00285   0.00279    0.00143

 C14         0.41294   0.33916   0.60428     1.00000     0.04214   0.04573   0.00906   0.00312  -0.00214  -0.01211    0.03306
   0.01724   0.00122   0.00075   0.00071     0.00000     0.00516   0.00596   0.00368   0.00364   0.00349   0.00438    0.00220

 H14A        0.36559   0.38984   0.63039     1.00000     0.04959
                                             0.00000     0.00000

 H14B        0.49718   0.32010   0.66169     1.00000     0.04959
                                             0.00000     0.00000

 H14C        0.33616   0.29401   0.58895     1.00000     0.04959
                                             0.00000     0.00000

 C15        -0.01475   0.21964  -0.07491     1.00000     0.03498   0.02800   0.02505   0.00364  -0.00111  -0.00592    0.03006
   0.01693   0.00114   0.00061   0.00079     0.00000     0.00443   0.00582   0.00433   0.00343   0.00354   0.00345    0.00212

 H15        -0.10416   0.18582  -0.07811     1.00000     0.03607
                                             0.00000     0.00000

 C16         0.16337   0.46359   0.40925     1.00000     0.02732   0.03002   0.02678   0.00215   0.00826   0.00925    0.02761
   0.01833   0.00105   0.00065   0.00079     0.00000     0.00420   0.00501   0.00446   0.00382   0.00346   0.00355    0.00188

 C17         0.24863   0.31680  -0.06667     1.00000     0.02328   0.01623   0.01667  -0.00126   0.00245   0.00430    0.01883
   0.01529   0.00093   0.00055   0.00069     0.00000     0.00351   0.00403   0.00372   0.00290   0.00298   0.00290    0.00156

 C18         0.56244   0.28146   0.45714     1.00000     0.04364   0.04139   0.03579  -0.00381   0.00198   0.01208    0.04082
   0.02168   0.00132   0.00080   0.00095     0.00000     0.00565   0.00642   0.00556   0.00485   0.00454   0.00479    0.00248

 H18A        0.49636   0.23134   0.45418     1.00000     0.06123
                                             0.00000     0.00000

 H18B        0.65715   0.27144   0.50993     1.00000     0.06123
                                             0.00000     0.00000

 H18C        0.58735   0.29239   0.38312     1.00000     0.06123
                                             0.00000     0.00000

 C19         0.59438   0.43564   0.52140     1.00000     0.03263   0.03980   0.02678   0.00746  -0.00736  -0.00597    0.03450
   0.01814   0.00115   0.00073   0.00085     0.00000     0.00467   0.00600   0.00468   0.00413   0.00375   0.00425    0.00223

 H19A        0.64078   0.44709   0.45542     1.00000     0.05175
                                             0.00000     0.00000

 H19B        0.67465   0.41995   0.58364     1.00000     0.05175
                                             0.00000     0.00000

 H19C        0.54124   0.48657   0.54094     1.00000     0.05175
                                             0.00000     0.00000

 C1A        -0.18488   0.19105   0.15653     1.00000     0.02976   0.03209   0.03326  -0.00127  -0.00114  -0.00264    0.03245
   0.01952   0.00120   0.00082   0.00088     0.00000     0.00498   0.00640   0.00578   0.00385   0.00424   0.00373    0.00250

 C1B        -0.21944   0.28672   0.13453     1.00000     0.03469   0.05597   0.05059   0.00643   0.00608   0.01954    0.04721
   0.02710   0.00142   0.00093   0.00118     0.00000     0.00556   0.00827   0.00677   0.00608   0.00544   0.00553    0.00314

 H1BA       -0.14646   0.32084   0.18572     1.00000     0.07081
                                             0.00000     0.00000

 H1BB       -0.32398   0.29923   0.14632     1.00000     0.07081
                                             0.00000     0.00000

 H1BC       -0.20968   0.30046   0.05768     1.00000     0.07081
                                             0.00000     0.00000

 C1C         0.04618   0.02382   0.02663     1.00000     0.07720   0.02486   0.02982  -0.00745   0.01055  -0.00411    0.04378
   0.02091   0.00160   0.00075   0.00092     0.00000     0.00817   0.00555   0.00544   0.00409   0.00526   0.00511    0.00271

 H1CA       -0.06598   0.02091   0.01039     1.00000     0.06567
                                             0.00000     0.00000

 H1CB        0.08879  -0.03354   0.02626     1.00000     0.06567
                                             0.00000     0.00000

 H1CC        0.08346   0.05833  -0.03009     1.00000     0.06567
                                             0.00000     0.00000

 C1D         0.07188   0.49190   0.29397     1.00000     0.03705   0.01441   0.04671  -0.00283  -0.00274   0.00192    0.03385
   0.01860   0.00119   0.00063   0.00095     0.00000     0.00492   0.00449   0.00609   0.00401   0.00439   0.00366    0.00222

 H1DA        0.13377   0.53194   0.25889     1.00000     0.05078
                                             0.00000     0.00000

 H1DB       -0.02383   0.51939   0.30479     1.00000     0.05078
                                             0.00000     0.00000

 H1DC        0.04840   0.44210   0.24603     1.00000     0.05078
                                             0.00000     0.00000

 C1E         0.03897   0.00736   0.23286     1.00000     0.05658   0.02428   0.03070   0.00619   0.00996  -0.01091    0.03688
   0.02021   0.00139   0.00070   0.00088     0.00000     0.00630   0.00530   0.00523   0.00419   0.00451   0.00447    0.00231

 H1EA        0.05952   0.03581   0.30528     1.00000     0.05532
                                             0.00000     0.00000

 H1EB        0.09261  -0.04725   0.23770     1.00000     0.05532
                                             0.00000     0.00000

 H1EC       -0.07152  -0.00215   0.21165     1.00000     0.05532
                                             0.00000     0.00000

 C1F         0.27540   0.06781   0.16904     1.00000     0.04554   0.02890   0.03176  -0.00051   0.01139   0.01997    0.03484
   0.02090   0.00125   0.00069   0.00089     0.00000     0.00570   0.00535   0.00520   0.00396   0.00414   0.00454    0.00228

 H1FA        0.31319   0.10838   0.11911     1.00000     0.05226
                                             0.00000     0.00000

 H1FB        0.31694   0.01138   0.15818     1.00000     0.05226
                                             0.00000     0.00000

 H1FC        0.30828   0.08566   0.24634     1.00000     0.05226
                                             0.00000     0.00000

 C1G         0.09730   0.06464   0.14282     1.00000     0.03691   0.02991   0.02366   0.00721   0.01009   0.00235    0.02958
   0.01932   0.00115   0.00067   0.00081     0.00000     0.00468   0.00520   0.00454   0.00377   0.00366   0.00390    0.00196

 C1H         0.23561   0.54260   0.47569     1.00000     0.04156   0.02253   0.03165  -0.00997   0.00747   0.00511    0.03176
   0.01835   0.00120   0.00065   0.00087     0.00000     0.00505   0.00482   0.00501   0.00388   0.00404   0.00381    0.00205

 H1HA        0.30358   0.52375   0.54315     1.00000     0.04764
                                             0.00000     0.00000

 H1HB        0.15393   0.57814   0.49625     1.00000     0.04764
                                             0.00000     0.00000

 H1HC        0.29463   0.57546   0.42933     1.00000     0.04764
                                             0.00000     0.00000

 C1I         0.62228   0.62553   0.20328     1.00000     0.05331   0.03245   0.02600  -0.00200   0.00813  -0.01747    0.03708
   0.01816   0.00137   0.00071   0.00087     0.00000     0.00623   0.00610   0.00475   0.00405   0.00430   0.00455    0.00240

 H1IA        0.66679   0.63230   0.28197     1.00000     0.05563
                                             0.00000     0.00000

 H1IB        0.54992   0.67183   0.18040     1.00000     0.05563
                                             0.00000     0.00000

 H1IC        0.70411   0.62690   0.15826     1.00000     0.05563
                                             0.00000     0.00000

 C1J        -0.21494   0.16793   0.27601     1.00000     0.03793   0.06781   0.03452   0.00032   0.02223  -0.00367    0.04489
   0.02353   0.00132   0.00092   0.00096     0.00000     0.00547   0.00836   0.00549   0.00550   0.00446   0.00521    0.00278

 H1JA       -0.18582   0.10874   0.29260     1.00000     0.06733
                                             0.00000     0.00000

 H1JB       -0.32398   0.17547   0.27937     1.00000     0.06733
                                             0.00000     0.00000

 H1JC       -0.15382   0.20513   0.33073     1.00000     0.06733
                                             0.00000     0.00000

 C1K        -0.29365   0.13494   0.07218     1.00000     0.02524   0.07916   0.05387  -0.01932  -0.00007  -0.02287    0.05354
   0.01989   0.00128   0.00106   0.00114     0.00000     0.00477   0.00978   0.00715   0.00678   0.00463   0.00547    0.00345

 H1KA       -0.28289   0.15065  -0.00387     1.00000     0.08031
                                             0.00000     0.00000

 H1KB       -0.39995   0.14384   0.08246     1.00000     0.08031
                                             0.00000     0.00000

 H1KC       -0.26642   0.07507   0.08494     1.00000     0.08031
                                             0.00000     0.00000

 Cl1         0.17976   0.13854   0.50172     1.00000     0.05416   0.03206   0.02602   0.01075  -0.00208  -0.01331    0.03844
   0.00445   0.00032   0.00017   0.00020     0.00000     0.00144   0.00126   0.00107   0.00092   0.00097   0.00109    0.00058



 Final Structure Factor Calculation for  MRMNEa in P21 #4                                                           

 Total number of l.s. parameters =   339  Maximum vector length =  623   Memory required =     5337 /    34272

 wR2 = 0.1574 before cycle   5 for    5815 data and      2 /    339 parameters

 GooF = S =     1.126;     Restrained GooF =      1.125 for       1 restraints

 Weight = 1 / [ sigma^2(Fo^2) + ( 0.1077 * P )^2 +   1.25 * P ]   where  P = ( Max ( Fo^2, 0 ) + 2 * Fc^2 ) / 3

 R1 =  0.0540 for    5659 Fo > 4sig(Fo)  and  0.0557 for all    5815 data
 wR2 =  0.1574,  GooF = S =   1.126,  Restrained GooF =    1.125  for all data

 Flack x =   -0.008(13) by hole-in-one fit to all intensities
             -0.017(13) from 2367 selected quotients (Parsons' method)

 Occupancy sum of asymmetric unit =    36.00 for non-hydrogen and    46.00 for H and D atoms



 Principal mean square atomic displacements U

   0.0264   0.0177   0.0167   Ag1  
   0.0239   0.0175   0.0139   P1  
   0.0235   0.0142   0.0131   P2  
   0.0256   0.0179   0.0117   C7  
   0.0252   0.0187   0.0111   O9  
   0.0306   0.0112   0.0049   C13  
   0.0239   0.0225   0.0131   C20  
   0.0390   0.0256   0.0123   S1  
   0.0355   0.0225   0.0166   C3  
   0.0434   0.0273   0.0118   C4  
   0.0323   0.0216   0.0174   C5  
   0.0621   0.0374   0.0139   C6  
   0.0551   0.0506   0.0199   C8  
   0.0402   0.0266   0.0159   C9  
   0.0338   0.0215   0.0108   C10  
   0.0349   0.0233   0.0159   C11  
   0.0361   0.0212   0.0098   C12  
   0.0204   0.0173   0.0093   C1  
   0.0584   0.0322   0.0086   C14  
   0.0430   0.0247   0.0225   C15  
   0.0387   0.0257   0.0184   C16  
   0.0259   0.0169   0.0137   C17  
   0.0578   0.0344   0.0303   C18  
   0.0530   0.0320   0.0185   C19  
   0.0396   0.0330   0.0248   C1A  
   0.0681   0.0506   0.0230   C1B  
   0.0776   0.0343   0.0195   C1C  
   0.0551   0.0324   0.0141   C1D  
   0.0601   0.0343   0.0163   C1E  
   0.0589   0.0318   0.0138   C1F  
   0.0398   0.0313   0.0177   C1G  
   0.0435   0.0374   0.0143   C1H  
   0.0633   0.0255   0.0225   C1I  
   0.0683   0.0498   0.0166   C1J  
   0.0925   0.0535   0.0145   C1K  
   0.0672   0.0308   0.0173   Cl1  

     0  atoms may be split and     0  atoms NPD



 Analysis of variance for reflections employed in refinement      K = Mean[Fo^2] / Mean[Fc^2]  for group


 Fc/Fc(max)       0.000    0.069    0.101    0.129    0.156    0.182    0.210    0.246    0.297    0.382    1.000

 Number in group       582.     589.     582.     571.     598.     579.     575.     575.     580.     584.

            GooF      0.926    1.092    1.207    1.258    1.252    1.204    1.276    1.084    0.984    0.893

             K        1.060    1.036    1.019    1.023    1.033    1.007    1.013    1.020    1.004    0.981


 Resolution(A)    0.80     0.84     0.88     0.92     0.97     1.03     1.11     1.23     1.41     1.76     inf

 Number in group       582.     593.     584.     572.     580.     584.     573.     588.     576.     583.

            GooF      1.901    1.341    0.991    1.000    1.055    0.930    0.953    0.901    0.895    0.872

             K        0.960    1.009    1.056    1.053    1.060    1.032    0.981    0.957    0.996    0.991

             R1       0.105    0.076    0.065    0.063    0.064    0.052    0.053    0.047    0.045    0.038


 Recommended weighting scheme:  WGHT      0.1077      1.2535
 Note that in most cases convergence will be faster if fixed weights (e.g. the
 default WGHT 0.1) are retained until the refinement is virtually complete, and
 only then should the above recommended values be used.



 Most Disagreeable Reflections (* if suppressed or used for Rfree).
 Error/esd is calculated as sqrt(wD^2/<wD^2>) where w is given by the weight
 formula, D = Fo^2-Fc^2 and <> refers to the average over all reflections.

     h   k   l          Fo^2          Fc^2    Error/esd  Fc/Fc(max)  Resolution(A)

    -8   2  10         98.22        808.50       9.15       0.200       0.86
     5  13   7         50.25        430.41       8.90       0.146       0.81
     2  -5  13         69.40        570.57       8.62       0.168       0.83
    -9   5   7         72.97        537.27       8.47       0.163       0.86
     4  11   9         53.74        400.28       8.45       0.141       0.84
     1  -8  13        212.67       1046.91       8.28       0.227       0.80
     4  16   4         37.14        314.43       8.24       0.125       0.83
     4  14   7        102.92        476.35       7.43       0.153       0.82
    10   4   1        299.04        990.03       7.01       0.221       0.82
     4  13   8         57.46        278.30       6.96       0.117       0.82
     3  12   9        226.46        730.66       6.60       0.190       0.84
    -8   1  11         -8.05         88.29       6.60       0.066       0.83
     4  15   6         51.46        239.48       6.58       0.109       0.82
    10   1   3         35.49        175.25       6.42       0.093       0.81
    10   2   2         79.29        264.88       5.77       0.114       0.82
   -10   1   7        215.12        566.46       5.51       0.167       0.82
    -8   4  10        345.43        890.02       5.43       0.210       0.85
     3 -11   8        552.34       1302.95       5.42       0.254       0.92
     0  -8  13        180.90        506.49       5.38       0.158       0.82
    -8   6  10        152.90        434.58       5.34       0.146       0.82
     3  13   8        489.89       1133.65       5.31       0.236       0.85
   -10  -1   7        271.12        652.76       5.30       0.179       0.82
    10   3   2         78.08        223.83       5.05       0.105       0.82
     3  11  10         48.23        155.25       4.94       0.088       0.83
    -7   2  11        441.65       1002.89       4.91       0.222       0.88
     3  15   7         56.58        174.46       4.85       0.093       0.82
     1 -18   1         53.31        358.34       4.84       0.133       0.85
     2  14   9        158.58        379.58       4.84       0.137       0.81
     3  16   5        167.60        415.12       4.83       0.143       0.84
    -3   8  13        550.50       1163.51       4.80       0.240       0.82
     3  13   9         42.46        139.25       4.73       0.083       0.81
     3  16   3        407.85        859.71       4.62       0.206       0.88
    -9   2   9        481.03        984.10       4.56       0.220       0.83
     3  14   8         38.60        127.14       4.49       0.079       0.82
    -1   6  14        292.42        607.67       4.48       0.173       0.81
    -3 -18   3        464.58        933.71       4.47       0.215       0.81
     2  11  10        564.52       1102.67       4.42       0.233       0.86
     0 -19   2          3.35         45.51       4.16       0.047       0.81
     3  15   6         46.18        140.68       4.16       0.083       0.85
     3  11   9        102.00        247.16       4.16       0.110       0.88
     5   9   0       1007.34       1777.99       3.98       0.296       1.21
    -3   5  14        355.16        678.29       3.97       0.183       0.82
    -2   7   1        713.14       1283.49       3.97       0.252       1.96
   -10   5   4        567.56       1007.90       3.87       0.223       0.83
    -8   0   3        359.98        668.88       3.73       0.182       1.08
     0   0   3        372.64        219.66       3.67       0.104       3.93
     2  13   9        151.35        293.71       3.48       0.120       0.84
    -5  -2  10        762.33       1300.79       3.44       0.253       1.05
    -8   8   9         44.91        118.32       3.41       0.076       0.82
     2  -9   1       7535.29       5066.46       3.39       0.500       1.56



 Bond lengths and angles

 Ag1 -       Distance       Angles
 P2        2.4316 (0.0021) 
 P1        2.4324 (0.0020)  130.47 (0.07)
 Cl1       2.4907 (0.0023)  116.47 (0.07) 112.98 (0.08)
               Ag1 -         P2            P1           

 P1 -        Distance       Angles
 C7        1.8446 (0.0081) 
 C1G       1.8873 (0.0104)  101.93 (0.41)
 C1A       1.8899 (0.0106)  106.63 (0.42) 113.32 (0.49)
 Ag1       2.4324 (0.0020)  115.26 (0.27) 110.53 (0.32) 109.09 (0.33)
               P1 -          C7            C1G           C1A          

 P2 -        Distance       Angles
 C20       1.8543 (0.0083) 
 C11       1.8853 (0.0084)  104.96 (0.40)
 C16       1.8955 (0.0093)  104.31 (0.41) 113.65 (0.42)
 Ag1       2.4316 (0.0021)  115.35 (0.28) 108.61 (0.30) 109.98 (0.32)
               P2 -          C20           C11           C16          

 C7 -        Distance       Angles
 C15       1.3943 (0.0112) 
 C1        1.3969 (0.0110)  116.21 (0.74)
 P1        1.8446 (0.0081)  122.38 (0.65) 121.36 (0.57)
               C7 -          C15           C1           

 O9 -        Distance       Angles
 C13       1.3992 (0.0096) 
 C1        1.4031 (0.0093)  117.49 (0.60)
               O9 -          C13          

 C13 -       Distance       Angles
 C5        1.3915 (0.0116) 
 O9        1.3992 (0.0096)  119.49 (0.74)
 C20       1.3997 (0.0114)  120.10 (0.73) 120.24 (0.70)
               C13 -         C5            O9           

 C20 -       Distance       Angles
 C13       1.3997 (0.0114) 
 C12       1.4024 (0.0119)  117.86 (0.73)
 P2        1.8543 (0.0083)  122.20 (0.61) 119.94 (0.63)
               C20 -         C13           C12          

 S1 -        Distance       Angles
 C5        1.7490 (0.0091) 
 C17       1.7568 (0.0087)   97.42 (0.39)
               S1 -          C5           

 C3 -        Distance       Angles
 C9        1.3814 (0.0129) 
 C5        1.4017 (0.0130)  121.43 (0.84)
               C3 -          C9           

 C4 -        Distance       Angles
 C15       1.3796 (0.0132) 
 C10       1.3869 (0.0132)  117.68 (0.79)
 C6        1.5002 (0.0114)  122.38 (0.88) 119.94 (0.87)
               C4 -          C15           C10          

 C5 -        Distance       Angles
 C13       1.3915 (0.0116) 
 C3        1.4017 (0.0130)  119.95 (0.81)
 S1        1.7490 (0.0091)  121.14 (0.68) 118.91 (0.68)
               C5 -          C13           C3           

 C6 -        Distance       Angles
 C4        1.5002 (0.0114) 
               C6 -         

 C8 -        Distance       Angles
 C16       1.5492 (0.0147) 
               C8 -         

 C9 -        Distance       Angles
 C3        1.3814 (0.0129) 
 C12       1.3883 (0.0128)  117.48 (0.81)
 C1I       1.4994 (0.0129)  120.62 (0.86) 121.90 (0.83)
               C9 -          C3            C12          

 C10 -       Distance       Angles
 C4        1.3869 (0.0132) 
 C17       1.4059 (0.0114)  119.50 (0.78)
               C10 -         C4           

 C11 -       Distance       Angles
 C14       1.5242 (0.0125) 
 C19       1.5418 (0.0132)  108.60 (0.75)
 C18       1.5444 (0.0140)  110.18 (0.86) 108.36 (0.84)
 P2        1.8853 (0.0084)  108.43 (0.61) 117.18 (0.64) 103.93 (0.62)
               C11 -         C14           C19           C18          

 C12 -       Distance       Angles
 C9        1.3883 (0.0128) 
 C20       1.4024 (0.0119)  123.16 (0.76)
               C12 -         C9           

 C1 -        Distance       Angles
 C17       1.3933 (0.0114) 
 C7        1.3969 (0.0110)  120.47 (0.73)
 O9        1.4031 (0.0093)  119.97 (0.68) 119.54 (0.67)
               C1 -          C17           C7           

 C14 -       Distance       Angles
 C11       1.5242 (0.0125) 
               C14 -        

 C15 -       Distance       Angles
 C4        1.3796 (0.0132) 
 C7        1.3943 (0.0112)  125.07 (0.85)
               C15 -         C4           

 C16 -       Distance       Angles
 C1H       1.5309 (0.0135) 
 C1D       1.5327 (0.0138)  110.08 (0.82)
 C8        1.5492 (0.0147)  109.09 (0.82) 107.91 (0.83)
 P2        1.8955 (0.0093)  116.17 (0.65) 106.08 (0.65) 107.19 (0.70)
               C16 -         C1H           C1D           C8           

 C17 -       Distance       Angles
 C1        1.3933 (0.0114) 
 C10       1.4059 (0.0114)  121.00 (0.77)
 S1        1.7568 (0.0087)  120.24 (0.62) 118.45 (0.64)
               C17 -         C1            C10          

 C18 -       Distance       Angles
 C11       1.5444 (0.0140) 
               C18 -        

 C19 -       Distance       Angles
 C11       1.5418 (0.0132) 
               C19 -        

 C1A -       Distance       Angles
 C1B       1.5215 (0.0169) 
 C1K       1.5283 (0.0146)  110.79 (1.14)
 C1J       1.5357 (0.0145)  109.09 (1.08) 107.38 (1.02)
 P1        1.8899 (0.0106)  105.11 (0.82) 118.02 (0.85) 106.14 (0.73)
               C1A -         C1B           C1K           C1J          

 C1B -       Distance       Angles
 C1A       1.5215 (0.0169) 
               C1B -        

 C1C -       Distance       Angles
 C1G       1.5211 (0.0139) 
               C1C -        

 C1D -       Distance       Angles
 C16       1.5327 (0.0138) 
               C1D -        

 C1E -       Distance       Angles
 C1G       1.5424 (0.0125) 
               C1E -        

 C1F -       Distance       Angles
 C1G       1.5237 (0.0137) 
               C1F -        

 C1G -       Distance       Angles
 C1C       1.5211 (0.0139) 
 C1F       1.5237 (0.0137)  109.28 (0.86)
 C1E       1.5424 (0.0125)  108.64 (0.88) 108.36 (0.84)
 P1        1.8873 (0.0104)  116.71 (0.73) 104.72 (0.68) 108.82 (0.68)
               C1G -         C1C           C1F           C1E          

 C1H -       Distance       Angles
 C16       1.5309 (0.0135) 
               C1H -        

 C1I -       Distance       Angles
 C9        1.4994 (0.0129) 
               C1I -        

 C1J -       Distance       Angles
 C1A       1.5357 (0.0145) 
               C1J -        

 C1K -       Distance       Angles
 C1A       1.5283 (0.0146) 
               C1K -        

 Cl1 -       Distance       Angles
 Ag1       2.4907 (0.0023) 
               Cl1 -        



 Selected torsion angles

    75.38 ( 0.85)  C1G - P1 - C7 - C15
   -43.66 ( 0.95)  C1A - P1 - C7 - C15
  -164.88 ( 0.70)  Ag1 - P1 - C7 - C15
  -102.02 ( 0.79)  C1G - P1 - C7 - C1
   138.94 ( 0.76)  C1A - P1 - C7 - C1
    17.72 ( 0.83)  Ag1 - P1 - C7 - C1
   -44.18 ( 0.98)  C1 - O9 - C13 - C5
   140.41 ( 0.74)  C1 - O9 - C13 - C20
    -0.14 ( 1.19)  C5 - C13 - C20 - C12
   175.24 ( 0.72)  O9 - C13 - C20 - C12
   179.28 ( 0.63)  C5 - C13 - C20 - P2
    -5.35 ( 1.06)  O9 - C13 - C20 - P2
   120.28 ( 0.71)  C11 - P2 - C20 - C13
  -119.94 ( 0.73)  C16 - P2 - C20 - C13
     0.80 ( 0.78)  Ag1 - P2 - C20 - C13
   -60.31 ( 0.77)  C11 - P2 - C20 - C12
    59.47 ( 0.77)  C16 - P2 - C20 - C12
  -179.80 ( 0.59)  Ag1 - P2 - C20 - C12
  -175.82 ( 0.76)  O9 - C13 - C5 - C3
    -0.41 ( 1.27)  C20 - C13 - C5 - C3
     4.10 ( 1.08)  O9 - C13 - C5 - S1
   179.51 ( 0.64)  C20 - C13 - C5 - S1
     0.08 ( 1.39)  C9 - C3 - C5 - C13
  -179.84 ( 0.73)  C9 - C3 - C5 - S1
    31.09 ( 0.79)  C17 - S1 - C5 - C13
  -148.99 ( 0.75)  C17 - S1 - C5 - C3
     0.79 ( 1.40)  C5 - C3 - C9 - C12
  -179.68 ( 0.94)  C5 - C3 - C9 - C1I
    -0.68 ( 1.32)  C15 - C4 - C10 - C17
   179.68 ( 0.89)  C6 - C4 - C10 - C17
   169.67 ( 0.67)  C20 - P2 - C11 - C14
    56.32 ( 0.79)  C16 - P2 - C11 - C14
   -66.44 ( 0.70)  Ag1 - P2 - C11 - C14
    46.37 ( 0.84)  C20 - P2 - C11 - C19
   -66.98 ( 0.86)  C16 - P2 - C11 - C19
   170.26 ( 0.67)  Ag1 - P2 - C11 - C19
   -73.12 ( 0.74)  C20 - P2 - C11 - C18
   173.53 ( 0.68)  C16 - P2 - C11 - C18
    50.77 ( 0.72)  Ag1 - P2 - C11 - C18
    -1.39 ( 1.42)  C3 - C9 - C12 - C20
   179.09 ( 0.94)  C1I - C9 - C12 - C20
     1.08 ( 1.32)  C13 - C20 - C12 - C9
  -178.35 ( 0.74)  P2 - C20 - C12 - C9
    -2.54 ( 1.26)  C15 - C7 - C1 - C17
   175.01 ( 0.61)  P1 - C7 - C1 - C17
   179.47 ( 0.76)  C15 - C7 - C1 - O9
    -2.98 ( 1.11)  P1 - C7 - C1 - O9
    37.85 ( 0.99)  C13 - O9 - C1 - C17
  -144.15 ( 0.78)  C13 - O9 - C1 - C7
     1.16 ( 1.46)  C10 - C4 - C15 - C7
  -179.22 ( 0.99)  C6 - C4 - C15 - C7
     0.45 ( 1.45)  C1 - C7 - C15 - C4
  -177.07 ( 0.75)  P1 - C7 - C15 - C4
   -76.96 ( 0.76)  C20 - P2 - C16 - C1H
    36.78 ( 0.86)  C11 - P2 - C16 - C1H
   158.79 ( 0.63)  Ag1 - P2 - C16 - C1H
    45.70 ( 0.74)  C20 - P2 - C16 - C1D
   159.44 ( 0.64)  C11 - P2 - C16 - C1D
   -78.55 ( 0.67)  Ag1 - P2 - C16 - C1D
   160.80 ( 0.69)  C20 - P2 - C16 - C8
   -85.46 ( 0.77)  C11 - P2 - C16 - C8
    36.54 ( 0.74)  Ag1 - P2 - C16 - C8
     3.07 ( 1.24)  C7 - C1 - C17 - C10
  -178.95 ( 0.76)  O9 - C1 - C17 - C10
  -170.49 ( 0.65)  C7 - C1 - C17 - S1
     7.50 ( 1.03)  O9 - C1 - C17 - S1
    -1.38 ( 1.29)  C4 - C10 - C17 - C1
   172.29 ( 0.69)  C4 - C10 - C17 - S1
   -36.74 ( 0.75)  C5 - S1 - C17 - C1
   149.54 ( 0.74)  C5 - S1 - C17 - C10
   -51.14 ( 0.92)  C7 - P1 - C1A - C1B
  -162.47 ( 0.80)  C1G - P1 - C1A - C1B
    73.93 ( 0.86)  Ag1 - P1 - C1A - C1B
    72.92 ( 1.09)  C7 - P1 - C1A - C1K
   -38.40 ( 1.13)  C1G - P1 - C1A - C1K
  -162.00 ( 0.92)  Ag1 - P1 - C1A - C1K
  -166.66 ( 0.79)  C7 - P1 - C1A - C1J
    82.01 ( 0.88)  C1G - P1 - C1A - C1J
   -41.58 ( 0.90)  Ag1 - P1 - C1A - C1J
   -45.79 ( 0.86)  C7 - P1 - C1G - C1C
    68.40 ( 0.88)  C1A - P1 - C1G - C1C
  -168.80 ( 0.72)  Ag1 - P1 - C1G - C1C
    75.18 ( 0.66)  C7 - P1 - C1G - C1F
  -170.64 ( 0.62)  C1A - P1 - C1G - C1F
   -47.84 ( 0.66)  Ag1 - P1 - C1G - C1F
  -169.12 ( 0.67)  C7 - P1 - C1G - C1E
   -54.94 ( 0.82)  C1A - P1 - C1G - C1E
    67.86 ( 0.72)  Ag1 - P1 - C1G - C1E


 FMAP and GRID set by program

 FMAP   2   1  21
 GRID    -2.778  -2  -2     2.778   2   2

 R1 =  0.0465 for   3261 unique reflections after merging for Fourier


 Electron density synthesis with coefficients Fo-Fc

 Highest peak    0.93  at  0.1078  0.2389  0.4174  [  1.16 A from AG1 ]
 Deepest hole   -1.89  at  0.0808  0.2409  0.3434  [  0.78 A from AG1 ]

 Mean =    0.00,   Rms deviation from mean =    0.14,   Highest memory used =     5227 /    27363


 Fourier peaks appended to .res file

              x       y       z       sof     U      Peak   Distances to nearest atoms (including eq.)

 Q1    1   0.1078  0.2389  0.4174   1.00000  0.05    0.93   1.16 AG1  1.90 CL1  2.27 H8A  2.39 H1JC
 Q2    1   0.2322  0.2002  0.3043   1.00000  0.05    0.89   0.96 AG1  2.05 H1FC  2.24 P1  2.65 CL1
 Q3    1   0.2531  0.2289  0.2805   1.00000  0.05    0.83   1.10 AG1  2.15 O9  2.31 P1  2.31 H1FC
 Q4    1   0.2647  0.2398  0.4061   1.00000  0.05    0.82   1.05 AG1  2.00 H18A  2.14 CL1  2.19 P2
 Q5    1   0.2286  0.2805  0.3048   1.00000  0.05    0.82   0.94 AG1  1.80 P2  2.24 O9  2.69 P1
 Q6    1   0.1038  0.2781  0.3721   1.00000  0.05    0.78   0.95 AG1  1.91 H8A  2.32 P2  2.48 H1JC
 Q7    1   0.0758  0.2378  0.2796   1.00000  0.05    0.71   0.98 AG1  1.66 P1  2.24 H1JC  2.43 H1BA
 Q8    1  -0.0049  0.2386  0.3186   1.00000  0.05    0.69   1.42 H1JC  1.49 AG1  2.11 C1J  2.17 P1
 Q9    1   0.1023  0.1946  0.3683   1.00000  0.05    0.58   1.01 AG1  1.84 CL1  2.20 H1JC  2.46 P1
 Q10   1   0.3468  0.1626  0.4003   1.00000  0.05    0.57   1.72 H18A  1.99 AG1  2.07 CL1  2.17 H1FC
 Q11   1   0.1514  0.2369  0.2211   1.00000  0.05    0.56   1.39 AG1  1.45 P1  2.06 O9  2.25 C7
 Q12   1   0.0000  0.2209  0.4588   1.00000  0.05    0.54   1.87 H1JC  2.01 CL1  2.24 AG1  2.33 H8A
 Q13   1   0.0568  0.3633  0.5333   1.00000  0.05    0.54   0.70 H8C  1.10 C8  1.21 H8A  1.73 H8B
 Q14   1   0.2890  0.2399  0.6459   1.00000  0.05    0.53   1.19 H14C  1.88 H1IA  1.98 C14  2.17 H14B
 Q15   1   0.0093  0.2403  0.0865   1.00000  0.05    0.52   0.97 C7  1.28 P1  1.93 C15  2.06 C1
 Q16   1   0.1773  0.1651  0.4022   1.00000  0.05    0.52   1.25 CL1  1.38 AG1  2.44 H1EA  2.64 H1FC
 Q17   1   0.3666  0.3825  0.3007   1.00000  0.05    0.51   0.85 C20  1.14 P2  1.78 C13  2.11 C12
 Q18   1   0.1863  0.3769  0.3227   1.00000  0.05    0.50   1.13 P2  1.71 H1DC  1.72 C16  2.03 C1D
 Q19   1  -0.0244  0.2049  0.4152   1.00000  0.05    0.49   1.38 H1JC  2.12 AG1  2.15 CL1  2.21 C1J
 Q20   1   0.3378  0.2398  0.3520   1.00000  0.05    0.48   1.44 AG1  1.68 H18A  2.17 P2  2.23 C18

 Shortest distances between peaks (including symmetry equivalents)

      2   3  0.57     12  19  0.58      1   6  0.81      9  16  0.84      3   5  0.89      1   9  0.90      7   8  0.90
      4  20  0.98      7  11  1.04      3  11  1.04      3  20  1.04      1  12  1.16      2  20  1.17      5  20  1.19
      6   8  1.21      8   9  1.22      2   5  1.24      7   9  1.24      2  11  1.25      1  19  1.26      6   7  1.26
      6   9  1.29      5  11  1.29      8  19  1.30      1  16  1.32     10  20  1.32      9  19  1.32      2   4  1.35
      4   5  1.35      4  16  1.38      1   4  1.39      4  10  1.40      1   8  1.40      2  16  1.44      5   6  1.45
      2   7  1.46      5   7  1.46      2   9  1.47     10  16  1.47      3   4  1.50      2  10  1.50      4   6  1.51
      3   7  1.54      5  18  1.56      9  12  1.56      4   9  1.57      1   7  1.62     17  18  1.63      8  12  1.69
      6  19  1.72      6  12  1.72      6  18  1.82      3  10  1.83     11  15  1.85      6  16  1.87     16  19  1.88
      3   9  1.88      2   6  1.91      8  11  1.93      7  16  1.94      1   5  1.95      5   9  1.95      1   2  1.96
      3  16  1.96     16  20  1.98     12  16  1.98      3   6  1.98      5  17  1.98      9  11  1.99      6  11  2.02
      7  19  2.03      4   7  2.03     11  20  2.05      8  16  2.06      9  10  2.15      5   8  2.16      6  20  2.16
      2   8  2.17      9  20  2.20      5  16  2.21      1   3  2.23      1  20  2.26      4  11  2.26      7  15  2.28
      7  20  2.29      5  10  2.30     17  20  2.31      7  12  2.36      3   8  2.36      7  18  2.37      4  18  2.39
     12  13  2.39      4   8  2.39     11  16  2.41      1  10  2.42      6  13  2.42      3  18  2.43      1  11  2.44
      1  13  2.45     11  18  2.47     18  20  2.48      4  12  2.50      1  18  2.56      3  17  2.56      4  19  2.58
      8  18  2.70      6  10  2.74     10  11  2.75      4  17  2.75      2  18  2.77      2  19  2.78      7  10  2.79
      8  15  2.80      4  14  2.84     13  19  2.85      3  15  2.87      1  14  2.91     13  14  2.93      8  20  2.93
     13  18  2.93      2  12  2.97     11  17  2.97      5  19  2.98      9  18  2.98


 Time profile in seconds
 -----------------------

      0.01: Read and process instructions
      0.00: Fit rigid groups
      0.00: Interpret restraints etc.
      0.00: Generate connectivity array
      0.00: Analyse DFIX and DANG restraints
      0.00: Analyse SAME and SADI restraints
      0.00: Generate CHIV restraints
      0.00: Check if bonds in residues restrained
      0.00: Generate DELU and RIGU restraints
      0.00: Generate SIMU restraints
      0.00: Generate ISOR restraints
      0.00: Generate NCSY restraints
      0.00: Analyse other restraints etc.
      0.05: Read intensity data, sort/merge etc.
      0.01: Set up constraints
      0.00: OSF, H-atoms from difference map
      0.02: Set up l.s. refinement
      0.00: Generate idealized H-atoms
      0.21: Structure factors and derivatives
      0.48: Sum l.s. matrices
      0.00: Generate and apply antibumping restraints
      0.00: Apply other restraints
      0.05: Solve l.s. equations
      0.00: Generate HTAB table
      0.17: Other dependent quantities, CIF, tables
      0.02: Analysis of variance
      0.05: Merge reflections for Fourier and .fcf
      0.00: Fourier summations
      0.02: Peaksearch
      0.00: Analyse peaklist

 ** WARNING: These times are only approximate for multiple threads.
             To get better estimates run with -t1 **

 +++++++++++++++++++++++++++++++++++++++++++++++++++++++++++++++++++++++++++++
 +  mrmnea        finished at 20:58:48   Total elapsed time:      1.06 secs  +
 +++++++++++++++++++++++++++++++++++++++++++++++++++++++++++++++++++++++++++++
