
 +++++++++++++++++++++++++++++++++++++++++++++++++++++++++++++++++++
 +  SHELXL -  CRYSTAL STRUCTURE REFINEMENT  -   MULTI-CPU VERSION  +
 +  Copyright(C) George M. Sheldrick 1993-2013     Version 2013/4  +
 +  mrmn-c                     started at 13:40:53 on 07-May-2014  +
 +++++++++++++++++++++++++++++++++++++++++++++++++++++++++++++++++++

 Command line parameters: mrmn-c -a50000 -b3000 -c624 -t2

 -a sets the approximate maximum number of atoms including hydrogens.
 -b sets the maximum number of full-matrix parameters (leave unchanged for
 CGLS). For example -b9000 allows refinement of 1000 anisotropic atoms or
 3000 with BLOC 1. For a 32-bit version, -b times the square root of the
 number of threads should not exceed about 65500. -c sets the reflection
 buffer size. This depends on the CPU cache size but will rarely need
 changing. -t sets the number of threads, otherwise the multi-CPU version
 sets this equal to the number of available CPUs. For optimal performance
 on systems with hyperthreading, usually the hyperthreading should be
 switched off or -t used to halve the number of threads; e.g. -t4 rather
 than -t8 for an Intel i7 processor.

 Running  2 threads on  2 processors

 TITL MRMN-C in P2(1)/c
 CELL 0.71073 15.26769 10.986502 19.051339 90 95.2318 90
 ZERR 4 0.000081 0.000069 0.000127 0 0.0005 0
 LATT 1
 SYMM -X,0.5+Y,0.5-Z
  
 SFAC C H Cl O P Pt S
 UNIT 120 184 8 4 8 4 4

 V =     3182.33     F(000) =    1568.0     Mu =   4.77 mm-1      Cell Wt =     3130.62    Rho =  1.634

  
  
 L.S. 4 0 0
 PLAN  20
 MORE -1
 BOND $H
 CONF
 fmap 2 53
 acta 52
 REM <HKL>/Users/melanie/Desktop/Crystal%20structures%20from%20pc/MRMNC/MRMN-C.
 REM HKL</HKL>
 WGHT 0.0141 1.4034
 FVAR 1.46092
  
 Pt2   6     0.25492  0.45541  0.22244  11.00000  0.01028  0.01057  0.01208 =
  0.00095  0.00151  0.00078
 S2    7     0.27759 -0.01566  0.34310  11.00000  0.02590  0.01258  0.02055 =
  0.00485  0.00209 -0.00148
 Cl9   3     0.16142  0.61677  0.23733  11.00000  0.01821  0.01438  0.02102 =
  -0.00050  0.00073  0.00593
 Cl12  3     0.36483  0.33035  0.18636  11.00000  0.01385  0.01871  0.01767 =
  -0.00106  0.00328  0.00392
 P14   5     0.15521  0.34277  0.14971  11.00000  0.01184  0.01389  0.01288 =
  0.00079  0.00142 -0.00075
 P19   5     0.34457  0.48222  0.32657  11.00000  0.01143  0.01101  0.01316 =
  0.00102  0.00111 -0.00021
 C3    1     0.13823 -0.13114  0.09047  11.00000  0.06087  0.02014  0.02414 =
  -0.00471  0.00292 -0.01234
 AFIX 137
 H3a   2     0.18732 -0.17941  0.07890  11.00000 -1.50000
 H3b   2     0.11089 -0.09388  0.04846  11.00000 -1.50000
 H3c   2     0.09636 -0.18221  0.11097  11.00000 -1.50000
 AFIX 0
 O5    4     0.24239  0.23495  0.29476  11.00000  0.01439  0.01238  0.01498 =
  -0.00024  0.00096  0.00076
 C12   1     0.20972 -0.06420  0.20855  11.00000  0.02829  0.01388  0.02189 =
  0.00082  0.00472 -0.00325
 AFIX 43
 H12   2     0.22030 -0.14553  0.21991  11.00000 -1.20000
 AFIX 0
 C16   1     0.16999 -0.03318  0.14269  11.00000  0.03246  0.01582  0.02098 =
  -0.00220  0.00544 -0.00619
 C17   1     0.23377  0.02612  0.25767  11.00000  0.01943  0.01429  0.01916 =
  0.00171  0.00416 -0.00174
 C1    1     0.35017  0.10753  0.35836  11.00000  0.01873  0.01301  0.01484 =
  0.00216  0.00361  0.00130
 C8    1     0.15814  0.08937  0.12683  11.00000  0.02804  0.01721  0.01679 =
  0.00060  0.00174 -0.00534
 AFIX 43
 H8    2     0.13259  0.11023  0.08227  11.00000 -1.20000
 AFIX 0
 C11   1     0.33785  0.49583  0.47595  11.00000  0.02213  0.02010  0.01372 =
  0.00082  0.00112 -0.00055
 AFIX 137
 H11a  2     0.34901  0.40983  0.47711  11.00000 -1.50000
 H11b  2     0.30446  0.51761  0.51439  11.00000 -1.50000
 H11c  2     0.39271  0.53907  0.48013  11.00000 -1.50000
 AFIX 0
 C2    1     0.58001  0.16716  0.44517  11.00000  0.02423  0.02781  0.03063 =
  0.00148 -0.00853  0.00703
 AFIX 137
 H2a   2     0.57670  0.14475  0.49356  11.00000 -1.50000
 H2b   2     0.61344  0.24084  0.44295  11.00000 -1.50000
 H2c   2     0.60815  0.10322  0.42124  11.00000 -1.50000
 AFIX 0
 C19   1     0.16876  0.50603  0.04261  11.00000  0.02693  0.02087  0.01774 =
  0.00350  0.00038 -0.00156
 AFIX 137
 H19a  2     0.11552  0.54279  0.05558  11.00000 -1.50000
 H19b  2     0.17628  0.52499 -0.00566  11.00000 -1.50000
 H19c  2     0.21788  0.53698  0.07235  11.00000 -1.50000
 AFIX 0
 C22   1     0.24935  0.31184  0.03017  11.00000  0.02465  0.02643  0.01609 =
  -0.00013  0.00614  0.00185
 AFIX 137
 H22a  2     0.29828  0.34934  0.05712  11.00000 -1.50000
 H22b  2     0.25370  0.32606 -0.01911  11.00000 -1.50000
 H22c  2     0.24994  0.22583  0.03911  11.00000 -1.50000
 AFIX 0
 C30   1     0.43250  0.08943  0.39439  11.00000  0.02222  0.01495  0.01775 =
  0.00351  0.00189  0.00593
 AFIX 43
 H30   2     0.45019  0.01127  0.40800  11.00000 -1.20000
 AFIX 0
 C31   1     0.32379  0.22310  0.33399  11.00000  0.01477  0.01282  0.01206 =
  0.00125  0.00215  0.00211
 C38   1    -0.01813  0.23893  0.14083  11.00000  0.01873  0.03557  0.02961 =
  0.00032  0.00224 -0.01139
 AFIX 137
 H38a  2    -0.01471  0.23390  0.09084  11.00000 -1.50000
 H38b  2    -0.07839  0.24898  0.15032  11.00000 -1.50000
 H38c  2     0.00489  0.16557  0.16280  11.00000 -1.50000
 AFIX 0
 C41   1     0.49273  0.62535  0.39008  11.00000  0.01948  0.02123  0.02016 =
  0.00073 -0.00146 -0.00626
 AFIX 137
 H41a  2     0.45284  0.67371  0.41452  11.00000 -1.50000
 H41b  2     0.54265  0.67381  0.38066  11.00000 -1.50000
 H41c  2     0.51202  0.55685  0.41872  11.00000 -1.50000
 AFIX 0
 C44   1     0.26570  0.66672  0.40471  11.00000  0.02154  0.01699  0.02040 =
  -0.00143  0.00228  0.00279
 AFIX 137
 H44a  2     0.31974  0.71137  0.41262  11.00000 -1.50000
 H44b  2     0.22837  0.68579  0.44111  11.00000 -1.50000
 H44c  2     0.23658  0.68868  0.35970  11.00000 -1.50000
 AFIX 0
 C48   1     0.51345  0.51509  0.27849  11.00000  0.01589  0.02605  0.02495 =
  0.00098  0.00618 -0.00346
 AFIX 137
 H48a  2     0.53708  0.44626  0.30488  11.00000 -1.50000
 H48b  2     0.56017  0.57041  0.27043  11.00000 -1.50000
 H48c  2     0.48542  0.48799  0.23408  11.00000 -1.50000
 AFIX 0
 C54   1    -0.00902  0.46596  0.14231  11.00000  0.01408  0.03507  0.02761 =
  0.00315  0.00026  0.00450
 AFIX 137
 H54a  2     0.02592  0.53498  0.15819  11.00000 -1.50000
 H54b  2    -0.06611  0.47211  0.15936  11.00000 -1.50000
 H54c  2    -0.01511  0.46411  0.09172  11.00000 -1.50000
 AFIX 0
 C62   1     0.18276  0.18394  0.17465  11.00000  0.01735  0.01368  0.01582 =
  0.00039  0.00245 -0.00280
 C66   1     0.08739  0.31878  0.00021  11.00000  0.02730  0.02367  0.01855 =
  0.00063 -0.00322 -0.00324
 AFIX 137
 H66a  2     0.08421  0.23178  0.00390  11.00000 -1.50000
 H66b  2     0.09761  0.34081 -0.04712  11.00000 -1.50000
 H66c  2     0.03299  0.35395  0.01183  11.00000 -1.50000
 AFIX 0
 C68   1     0.22087  0.14887  0.24168  11.00000  0.01581  0.01173  0.01666 =
  -0.00098  0.00302 -0.00178
 C73   1     0.03611  0.34566  0.25120  11.00000  0.01553  0.03355  0.02148 =
  0.00253  0.00582 -0.00128
 AFIX 137
 H73a  2     0.06932  0.27669  0.26957  11.00000 -1.50000
 H73b  2    -0.02329  0.33940  0.26355  11.00000 -1.50000
 H73c  2     0.06227  0.41901  0.27084  11.00000 -1.50000
 AFIX 0
 C76   1     0.03617  0.34870  0.17055  11.00000  0.01210  0.02606  0.02026 =
  0.00249  0.00187 -0.00142
 C77   1     0.28555  0.52943  0.40581  11.00000  0.01586  0.01480  0.01398 =
  -0.00051  0.00250 -0.00037
 C82   1     0.19792  0.45953  0.40139  11.00000  0.01624  0.02100  0.01686 =
  0.00091  0.00527 -0.00106
 AFIX 137
 H82a  2     0.16207  0.48392  0.35975  11.00000 -1.50000
 H82b  2     0.16773  0.47734  0.44223  11.00000 -1.50000
 H82c  2     0.20926  0.37371  0.39943  11.00000 -1.50000
 AFIX 0
 C94   1     0.48842  0.18708  0.41020  11.00000  0.01915  0.02068  0.01583 =
  0.00223 -0.00108  0.00542
 C96   1     0.37748  0.32474  0.35134  11.00000  0.01458  0.01324  0.01366 =
  0.00188  0.00152  0.00208
 C99   1     0.16330  0.36659  0.05155  11.00000  0.02002  0.01929  0.01285 =
  0.00072  0.00123 -0.00065
 C101  1     0.45827  0.30297  0.39031  11.00000  0.01701  0.01703  0.01623 =
  0.00077 -0.00067  0.00094
 AFIX 43
 H101  2     0.49371  0.36940  0.40364  11.00000 -1.20000
 AFIX 0
 C108  1     0.41193  0.69131  0.27607  11.00000  0.02194  0.01930  0.02281 =
  0.00615 -0.00065 -0.00556
 AFIX 137
 H10a  2     0.38591  0.66435  0.23097  11.00000 -1.50000
 H10b  2     0.46016  0.74495  0.26955  11.00000 -1.50000
 H10c  2     0.36868  0.73375  0.30028  11.00000 -1.50000
 AFIX 0
 C114  1     0.44579  0.58003  0.32020  11.00000  0.01350  0.01597  0.01689 =
  0.00292  0.00090 -0.00321
 HKLF 4


 Covalent radii and connectivity table for  MRMN-C in P2(1)/c                                                          
 C    0.770
 H    0.320
 CL   0.990
 O    0.660
 P    1.100
 PT   1.370
 S    1.030

 Pt2 - Cl9 P14 Cl12 P19
 S2 - C1 C17
 Cl9 - Pt2
 Cl12 - Pt2
 P14 - C62 C76 C99 Pt2
 P19 - C96 C114 C77 Pt2
 C3 - C16
 O5 - C31 C68
 C12 - C16 C17
 C16 - C12 C8 C3
 C17 - C12 C68 S2
 C1 - C30 C31 S2
 C8 - C16 C62
 C11 - C77
 C2 - C94
 C19 - C99
 C22 - C99
 C30 - C94 C1
 C31 - O5 C1 C96
 C38 - C76
 C41 - C114
 C44 - C77
 C48 - C114
 C54 - C76
 C62 - C68 C8 P14
 C66 - C99
 C68 - C17 O5 C62
 C73 - C76
 C76 - C54 C73 C38 P14
 C77 - C11 C44 C82 P19
 C82 - C77
 C94 - C30 C101 C2
 C96 - C101 C31 P19
 C99 - C22 C66 C19 P14
 C101 - C94 C96
 C108 - C114
 C114 - C48 C41 C108 P19


   h   k   l       Fo^2      Sigma      Why rejected

   0   0   5      380.02     65.98     observed but should be systematically absent
   0   0   7      247.01     23.82     observed but should be systematically absent
   0   0   7      536.42     41.78     observed but should be systematically absent
   4   0   1      166.89     39.77     observed but should be systematically absent
  -5   0   5      443.51     90.59     observed but should be systematically absent
  -5   0   5      362.15     85.44     observed but should be systematically absent
  -7   0   7     1742.66    185.12     observed but should be systematically absent
  -7   0   7     1683.34    197.82     observed but should be systematically absent


   50534  Reflections read, of which  1193  rejected

 -25 =< h =< 25,    -15 =< k =< 18,    -32 =< l =< 31,   Max. 2-theta =   75.52

       8  Systematic absence violations



 Inconsistent equivalents etc.

   h   k   l      Fo^2   Sigma(Fo^2)  N  Esd of mean(Fo^2)

  -2   0   2   707029.69   1201.80    2   7775.50
   1   0   4    75239.10    346.60    2   1906.80
   1   0   6   210671.17    703.51    2   3582.00
   1   2  10   111225.35    416.23    4   2295.98
   2   0  14    81233.41    624.08    2   8289.25

       5  Inconsistent equivalents

   16242  Unique reflections, of which      0  suppressed

 R(int) = 0.0277     R(sigma) = 0.0333      Friedel opposites merged

 Maximum memory for data reduction =     5063 /   161171


 Number of data for d > 0.580A (CIF: max) and d > 0.811A (CIF: full)
 (ignoring systematic absences):
 Unique reflections found (point group)      16242    6243
 Unique reflections possible (point group)   17050    6251
 Unique reflections found (Laue group)       16242    6243
 Unique reflections possible (Laue group)    17050    6251


 Default effective X-H and X-D distances for T =   20.0C 
 AFIX m =    1     2     3     4   4[N]  3[N]  15[B]  8[O]   9   9[N]   16
 d(X-H) =  0.98  0.97  0.96  0.93  0.86  0.89  1.10  0.82  0.93  0.86  0.93

 Note that these distances are chosen to give the best fit to the X-ray data
 and so avoid the introduction of systematic error.  The true internuclear
 distances are longer and do not vary with temperature!  The apparent
 variation with temperature is caused by libration.


 Least-squares cycle   1   Maximum vector length =  623   Memory required =     6131 /   526803

 wR2 = 0.0485 before cycle   1 for   16242 data and    348 /    348 parameters

 GooF = S =     1.074;     Restrained GooF =      1.074 for       0 restraints

 Weight = 1 / [ sigma^2(Fo^2) + ( 0.0141 * P )^2 +   1.40 * P ]   where  P = ( Max ( Fo^2, 0 ) + 2 * Fc^2 ) / 3


     N      value        esd    shift/esd  parameter

     1     1.46091     0.00051    -0.015    OSF

 Mean shift/esd =   0.015  Maximum =     0.868 for   z  Pt2      

 Max. shift = 0.000 A for H44B      Max. dU = 0.000 for C17        


 Least-squares cycle   2   Maximum vector length =  623   Memory required =     6131 /   526803

 wR2 = 0.0486 before cycle   2 for   16242 data and    348 /    348 parameters

 GooF = S =     1.076;     Restrained GooF =      1.076 for       0 restraints

 Weight = 1 / [ sigma^2(Fo^2) + ( 0.0141 * P )^2 +   1.40 * P ]   where  P = ( Max ( Fo^2, 0 ) + 2 * Fc^2 ) / 3


     N      value        esd    shift/esd  parameter

     1     1.46092     0.00051     0.023    OSF

 Mean shift/esd =   0.005  Maximum =     0.276 for   z  Pt2      

 Max. shift = 0.000 A for H38B      Max. dU = 0.000 for C19        


 Least-squares cycle   3   Maximum vector length =  623   Memory required =     6131 /   526803

 wR2 = 0.0486 before cycle   3 for   16242 data and    348 /    348 parameters

 GooF = S =     1.076;     Restrained GooF =      1.076 for       0 restraints

 Weight = 1 / [ sigma^2(Fo^2) + ( 0.0141 * P )^2 +   1.40 * P ]   where  P = ( Max ( Fo^2, 0 ) + 2 * Fc^2 ) / 3


     N      value        esd    shift/esd  parameter

     1     1.46092     0.00051     0.000    OSF

 Mean shift/esd =   0.000  Maximum =     0.002 for   x  Pt2      

 Max. shift = 0.000 A for H22A      Max. dU = 0.000 for C3         


 Least-squares cycle   4   Maximum vector length =  623   Memory required =     6131 /   526803

 wR2 = 0.0486 before cycle   4 for   16242 data and    348 /    348 parameters

 GooF = S =     1.076;     Restrained GooF =      1.076 for       0 restraints

 Weight = 1 / [ sigma^2(Fo^2) + ( 0.0141 * P )^2 +   1.40 * P ]   where  P = ( Max ( Fo^2, 0 ) + 2 * Fc^2 ) / 3


     N      value        esd    shift/esd  parameter

     1     1.46092     0.00051    -0.003    OSF

 Mean shift/esd =   0.000  Maximum =    -0.003 for  OSF          

 Max. shift = 0.000 A for H44B      Max. dU = 0.000 for C3         


 Largest correlation matrix elements

     0.514 U22 Pt2 / OSF                     0.502 U11 Pt2 / OSF 



 Idealized hydrogen atom generation before cycle   5

 Name     x       y       z    AFIX  d(X-H)  shift  Bonded to  Conformation determined by

 H3A   0.1873 -0.1794  0.0789  137   0.960   0.000   C3              C16  H3A  
 H3B   0.1109 -0.0939  0.0485  137   0.960   0.000   C3              C16  H3A  
 H3C   0.0964 -0.1822  0.1110  137   0.960   0.000   C3              C16  H3A  
 H12   0.2203 -0.1455  0.2199   43   0.930   0.000   C12             C16  C17  
 H8    0.1326  0.1102  0.0823   43   0.930   0.000   C8              C16  C62  
 H11A  0.3490  0.4098  0.4771  137   0.960   0.000   C11             C77  H11A  
 H11B  0.3045  0.5176  0.5144  137   0.960   0.000   C11             C77  H11A  
 H11C  0.3927  0.5391  0.4801  137   0.960   0.000   C11             C77  H11A  
 H2A   0.5767  0.1447  0.4936  137   0.960   0.000   C2              C94  H2A  
 H2B   0.6134  0.2408  0.4430  137   0.960   0.000   C2              C94  H2A  
 H2C   0.6082  0.1032  0.4212  137   0.960   0.000   C2              C94  H2A  
 H19A  0.1155  0.5428  0.0556  137   0.960   0.000   C19             C99  H19A  
 H19B  0.1763  0.5250 -0.0057  137   0.960   0.000   C19             C99  H19A  
 H19C  0.2179  0.5370  0.0724  137   0.960   0.000   C19             C99  H19A  
 H22A  0.2983  0.3493  0.0571  137   0.960   0.000   C22             C99  H22A  
 H22B  0.2537  0.3261 -0.0191  137   0.960   0.000   C22             C99  H22A  
 H22C  0.2499  0.2258  0.0391  137   0.960   0.000   C22             C99  H22A  
 H30   0.4502  0.0113  0.4080   43   0.930   0.000   C30             C94  C1  
 H38A -0.0147  0.2339  0.0908  137   0.960   0.000   C38             C76  H38A  
 H38B -0.0784  0.2490  0.1503  137   0.960   0.000   C38             C76  H38A  
 H38C  0.0049  0.1656  0.1628  137   0.960   0.000   C38             C76  H38A  
 H41A  0.4528  0.6737  0.4145  137   0.960   0.000   C41             C114  H41A  
 H41B  0.5427  0.6738  0.3807  137   0.960   0.000   C41             C114  H41A  
 H41C  0.5120  0.5569  0.4187  137   0.960   0.000   C41             C114  H41A  
 H44A  0.3197  0.7114  0.4126  137   0.960   0.000   C44             C77  H44A  
 H44B  0.2284  0.6858  0.4411  137   0.960   0.000   C44             C77  H44A  
 H44C  0.2366  0.6887  0.3597  137   0.960   0.000   C44             C77  H44A  
 H48A  0.5371  0.4463  0.3049  137   0.960   0.000   C48             C114  H48A  
 H48B  0.5602  0.5704  0.2704  137   0.960   0.000   C48             C114  H48A  
 H48C  0.4854  0.4880  0.2341  137   0.960   0.000   C48             C114  H48A  
 H54A  0.0259  0.5350  0.1582  137   0.960   0.000   C54             C76  H54A  
 H54B -0.0661  0.4721  0.1594  137   0.960   0.000   C54             C76  H54A  
 H54C -0.0151  0.4641  0.0917  137   0.960   0.000   C54             C76  H54A  
 H66A  0.0842  0.2318  0.0039  137   0.960   0.000   C66             C99  H66A  
 H66B  0.0976  0.3408 -0.0471  137   0.960   0.000   C66             C99  H66A  
 H66C  0.0330  0.3540  0.0118  137   0.960   0.000   C66             C99  H66A  
 H73A  0.0693  0.2767  0.2696  137   0.960   0.000   C73             C76  H73A  
 H73B -0.0233  0.3394  0.2636  137   0.960   0.000   C73             C76  H73A  
 H73C  0.0623  0.4190  0.2708  137   0.960   0.000   C73             C76  H73A  
 H82A  0.1621  0.4839  0.3597  137   0.960   0.000   C82             C77  H82A  
 H82B  0.1677  0.4773  0.4422  137   0.960   0.000   C82             C77  H82A  
 H82C  0.2093  0.3737  0.3994  137   0.960   0.000   C82             C77  H82A  
 H101  0.4937  0.3694  0.4036   43   0.930   0.000   C101            C94  C96  
 H10A  0.3859  0.6643  0.2310  137   0.960   0.000   C108            C114  H10A  
 H10B  0.4602  0.7449  0.2696  137   0.960   0.000   C108            C114  H10A  
 H10C  0.3687  0.7337  0.3003  137   0.960   0.000   C108            C114  H10A  



  MRMN-C in P2(1)/c                                                          

 ATOM           x         y         z          sof         U11       U22       U33       U23       U13       U12        Ueq

 Pt2         0.25492   0.45541   0.22244     1.00000     0.01028   0.01057   0.01208   0.00095   0.00151   0.00078    0.01095
   0.00010   0.00002   0.00002   0.00002     0.00000     0.00002   0.00003   0.00003   0.00002   0.00002   0.00002    0.00002

 S2          0.27759  -0.01567   0.34310     1.00000     0.02590   0.01258   0.02055   0.00485   0.00209  -0.00148    0.01968
   0.00082   0.00003   0.00004   0.00002     0.00000     0.00020   0.00018   0.00021   0.00015   0.00015   0.00014    0.00008

 Cl9         0.16142   0.61677   0.23733     1.00000     0.01821   0.01438   0.02102  -0.00050   0.00073   0.00593    0.01793
   0.00074   0.00003   0.00004   0.00002     0.00000     0.00016   0.00017   0.00019   0.00014   0.00013   0.00013    0.00007

 Cl12        0.36483   0.33035   0.18636     1.00000     0.01385   0.01871   0.01767  -0.00106   0.00328   0.00392    0.01663
   0.00072   0.00002   0.00004   0.00002     0.00000     0.00014   0.00018   0.00018   0.00014   0.00012   0.00012    0.00007

 P14         0.15521   0.34277   0.14971     1.00000     0.01184   0.01389   0.01288   0.00079   0.00142  -0.00075    0.01285
   0.00073   0.00003   0.00004   0.00002     0.00000     0.00015   0.00018   0.00018   0.00014   0.00013   0.00013    0.00007

 P19         0.34457   0.48222   0.32657     1.00000     0.01143   0.01101   0.01316   0.00102   0.00111  -0.00021    0.01187
   0.00072   0.00003   0.00004   0.00002     0.00000     0.00015   0.00017   0.00018   0.00013   0.00012   0.00012    0.00007

 C3          0.13823  -0.13114   0.09047     1.00000     0.06087   0.02014   0.02414  -0.00471   0.00292  -0.01234    0.03511
   0.00374   0.00017   0.00019   0.00011     0.00000     0.00150   0.00094   0.00103   0.00077   0.00096   0.00094    0.00051

 H3A         0.18732  -0.17941   0.07890     1.00000     0.05266
                                             0.00000     0.00000

 H3B         0.11089  -0.09388   0.04846     1.00000     0.05266
                                             0.00000     0.00000

 H3C         0.09636  -0.18221   0.11097     1.00000     0.05266
                                             0.00000     0.00000

 O5          0.24239   0.23495   0.29476     1.00000     0.01439   0.01238   0.01498  -0.00024   0.00096   0.00076    0.01394
   0.00200   0.00007   0.00010   0.00006     0.00000     0.00046   0.00050   0.00053   0.00040   0.00038   0.00037    0.00020

 C12         0.20972  -0.06420   0.20855     1.00000     0.02829   0.01388   0.02189   0.00082   0.00472  -0.00325    0.02121
   0.00331   0.00013   0.00016   0.00010     0.00000     0.00084   0.00076   0.00087   0.00061   0.00066   0.00061    0.00033

 H12         0.22030  -0.14553   0.21991     1.00000     0.02545
                                             0.00000     0.00000

 C16         0.16999  -0.03319   0.14269     1.00000     0.03246   0.01582   0.02098  -0.00220   0.00544  -0.00619    0.02290
   0.00335   0.00013   0.00016   0.00010     0.00000     0.00092   0.00079   0.00087   0.00063   0.00069   0.00065    0.00035

 C17         0.23377   0.02612   0.25767     1.00000     0.01943   0.01429   0.01916   0.00171   0.00416  -0.00174    0.01748
   0.00314   0.00011   0.00015   0.00010     0.00000     0.00069   0.00073   0.00077   0.00057   0.00056   0.00054    0.00030

 C1          0.35017   0.10753   0.35836     1.00000     0.01873   0.01301   0.01484   0.00216   0.00361   0.00130    0.01540
   0.00298   0.00011   0.00014   0.00009     0.00000     0.00066   0.00068   0.00072   0.00054   0.00053   0.00052    0.00028

 C8          0.15814   0.08937   0.12683     1.00000     0.02804   0.01721   0.01679   0.00060   0.00174  -0.00534    0.02070
   0.00316   0.00012   0.00016   0.00010     0.00000     0.00084   0.00078   0.00079   0.00062   0.00062   0.00063    0.00033

 H8          0.13259   0.11023   0.08227     1.00000     0.02484
                                             0.00000     0.00000

 C11         0.33784   0.49583   0.47595     1.00000     0.02213   0.02010   0.01372   0.00082   0.00112  -0.00055    0.01868
   0.00311   0.00011   0.00016   0.00009     0.00000     0.00073   0.00078   0.00073   0.00061   0.00056   0.00060    0.00030

 H11A        0.34901   0.40983   0.47711     1.00000     0.02802
                                             0.00000     0.00000

 H11B        0.30446   0.51761   0.51439     1.00000     0.02802
                                             0.00000     0.00000

 H11C        0.39271   0.53907   0.48013     1.00000     0.02802
                                             0.00000     0.00000

 C2          0.58001   0.16716   0.44517     1.00000     0.02423   0.02781   0.03063   0.00148  -0.00853   0.00703    0.02823
   0.00360   0.00013   0.00019   0.00011     0.00000     0.00085   0.00099   0.00105   0.00079   0.00073   0.00071    0.00041

 H2A         0.57670   0.14475   0.49356     1.00000     0.04235
                                             0.00000     0.00000

 H2B         0.61344   0.24084   0.44295     1.00000     0.04235
                                             0.00000     0.00000

 H2C         0.60815   0.10322   0.42124     1.00000     0.04235
                                             0.00000     0.00000

 C19         0.16876   0.50603   0.04261     1.00000     0.02693   0.02087   0.01774   0.00350   0.00038  -0.00156    0.02195
   0.00334   0.00012   0.00017   0.00010     0.00000     0.00084   0.00083   0.00082   0.00066   0.00063   0.00066    0.00034

 H19A        0.11552   0.54279   0.05558     1.00000     0.03293
                                             0.00000     0.00000

 H19B        0.17628   0.52499  -0.00566     1.00000     0.03293
                                             0.00000     0.00000

 H19C        0.21789   0.53698   0.07235     1.00000     0.03293
                                             0.00000     0.00000

 C22         0.24935   0.31184   0.03017     1.00000     0.02465   0.02643   0.01609  -0.00013   0.00614   0.00185    0.02212
   0.00347   0.00012   0.00018   0.00010     0.00000     0.00080   0.00091   0.00079   0.00066   0.00061   0.00066    0.00034

 H22A        0.29828   0.34934   0.05712     1.00000     0.03319
                                             0.00000     0.00000

 H22B        0.25370   0.32606  -0.01911     1.00000     0.03319
                                             0.00000     0.00000

 H22C        0.24994   0.22583   0.03911     1.00000     0.03319
                                             0.00000     0.00000

 C30         0.43250   0.08943   0.39440     1.00000     0.02222   0.01495   0.01775   0.00351   0.00189   0.00593    0.01830
   0.00321   0.00011   0.00016   0.00009     0.00000     0.00073   0.00073   0.00078   0.00059   0.00058   0.00058    0.00030

 H30         0.45019   0.01127   0.40800     1.00000     0.02196
                                             0.00000     0.00000

 C31         0.32379   0.22310   0.33399     1.00000     0.01477   0.01282   0.01206   0.00125   0.00215   0.00211    0.01316
   0.00280   0.00010   0.00014   0.00008     0.00000     0.00059   0.00066   0.00066   0.00051   0.00048   0.00049    0.00026

 C38        -0.01813   0.23893   0.14082     1.00000     0.01873   0.03557   0.02961   0.00032   0.00224  -0.01139    0.02797
   0.00337   0.00012   0.00019   0.00011     0.00000     0.00076   0.00109   0.00104   0.00083   0.00068   0.00072    0.00041

 H38A       -0.01471   0.23390   0.09084     1.00000     0.04195
                                             0.00000     0.00000

 H38B       -0.07839   0.24898   0.15032     1.00000     0.04195
                                             0.00000     0.00000

 H38C        0.00489   0.16557   0.16280     1.00000     0.04195
                                             0.00000     0.00000

 C41         0.49273   0.62535   0.39008     1.00000     0.01948   0.02123   0.02016   0.00073  -0.00146  -0.00626    0.02049
   0.00297   0.00011   0.00017   0.00009     0.00000     0.00071   0.00082   0.00082   0.00064   0.00059   0.00061    0.00032

 H41A        0.45284   0.67371   0.41452     1.00000     0.03074
                                             0.00000     0.00000

 H41B        0.54265   0.67381   0.38065     1.00000     0.03074
                                             0.00000     0.00000

 H41C        0.51202   0.55685   0.41872     1.00000     0.03074
                                             0.00000     0.00000

 C44         0.26570   0.66672   0.40471     1.00000     0.02154   0.01699   0.02040  -0.00143   0.00228   0.00279    0.01962
   0.00318   0.00012   0.00015   0.00010     0.00000     0.00074   0.00076   0.00083   0.00062   0.00060   0.00058    0.00032

 H44A        0.31974   0.71136   0.41262     1.00000     0.02943
                                             0.00000     0.00000

 H44B        0.22837   0.68579   0.44111     1.00000     0.02943
                                             0.00000     0.00000

 H44C        0.23658   0.68868   0.35970     1.00000     0.02943
                                             0.00000     0.00000

 C48         0.51345   0.51509   0.27849     1.00000     0.01589   0.02605   0.02495   0.00098   0.00618  -0.00346    0.02203
   0.00337   0.00011   0.00017   0.00010     0.00000     0.00068   0.00089   0.00091   0.00070   0.00060   0.00061    0.00034

 H48A        0.53708   0.44626   0.30488     1.00000     0.03305
                                             0.00000     0.00000

 H48B        0.56017   0.57041   0.27042     1.00000     0.03305
                                             0.00000     0.00000

 H48C        0.48542   0.48799   0.23408     1.00000     0.03305
                                             0.00000     0.00000

 C54        -0.00902   0.46596   0.14231     1.00000     0.01408   0.03507   0.02761   0.00315   0.00026   0.00450    0.02569
   0.00363   0.00011   0.00018   0.00011     0.00000     0.00067   0.00106   0.00097   0.00079   0.00062   0.00066    0.00038

 H54A        0.02592   0.53498   0.15819     1.00000     0.03853
                                             0.00000     0.00000

 H54B       -0.06611   0.47211   0.15936     1.00000     0.03853
                                             0.00000     0.00000

 H54C       -0.01511   0.46411   0.09172     1.00000     0.03853
                                             0.00000     0.00000

 C62         0.18276   0.18394   0.17465     1.00000     0.01735   0.01368   0.01582   0.00039   0.00245  -0.00280    0.01556
   0.00288   0.00010   0.00015   0.00009     0.00000     0.00065   0.00069   0.00073   0.00055   0.00053   0.00052    0.00028

 C66         0.08739   0.31878   0.00021     1.00000     0.02730   0.02367   0.01855   0.00063  -0.00322  -0.00324    0.02350
   0.00318   0.00013   0.00017   0.00010     0.00000     0.00086   0.00089   0.00084   0.00068   0.00065   0.00068    0.00035

 H66A        0.08421   0.23178   0.00390     1.00000     0.03525
                                             0.00000     0.00000

 H66B        0.09761   0.34081  -0.04712     1.00000     0.03525
                                             0.00000     0.00000

 H66C        0.03299   0.35395   0.01183     1.00000     0.03525
                                             0.00000     0.00000

 C68         0.22087   0.14887   0.24168     1.00000     0.01581   0.01173   0.01666  -0.00098   0.00302  -0.00178    0.01464
   0.00284   0.00010   0.00014   0.00009     0.00000     0.00061   0.00066   0.00072   0.00054   0.00051   0.00050    0.00027

 C73         0.03611   0.34566   0.25119     1.00000     0.01553   0.03355   0.02148   0.00253   0.00582  -0.00128    0.02327
   0.00343   0.00011   0.00019   0.00010     0.00000     0.00068   0.00100   0.00087   0.00073   0.00059   0.00065    0.00036

 H73A        0.06932   0.27669   0.26957     1.00000     0.03490
                                             0.00000     0.00000

 H73B       -0.02329   0.33940   0.26355     1.00000     0.03490
                                             0.00000     0.00000

 H73C        0.06227   0.41901   0.27084     1.00000     0.03490
                                             0.00000     0.00000

 C76         0.03617   0.34870   0.17055     1.00000     0.01210   0.02606   0.02026   0.00249   0.00187  -0.00142    0.01945
   0.00313   0.00010   0.00017   0.00010     0.00000     0.00061   0.00087   0.00082   0.00066   0.00054   0.00057    0.00032

 C77         0.28555   0.52943   0.40581     1.00000     0.01586   0.01480   0.01398  -0.00051   0.00250  -0.00037    0.01481
   0.00285   0.00010   0.00014   0.00009     0.00000     0.00061   0.00071   0.00069   0.00054   0.00050   0.00051    0.00027

 C82         0.19792   0.45953   0.40139     1.00000     0.01624   0.02100   0.01686   0.00091   0.00527  -0.00106    0.01780
   0.00307   0.00011   0.00016   0.00009     0.00000     0.00064   0.00079   0.00075   0.00061   0.00053   0.00056    0.00030

 H82A        0.16207   0.48392   0.35975     1.00000     0.02670
                                             0.00000     0.00000

 H82B        0.16773   0.47734   0.44223     1.00000     0.02670
                                             0.00000     0.00000

 H82C        0.20926   0.37371   0.39943     1.00000     0.02670
                                             0.00000     0.00000

 C94         0.48842   0.18708   0.41020     1.00000     0.01915   0.02068   0.01584   0.00223  -0.00108   0.00542    0.01872
   0.00316   0.00011   0.00016   0.00009     0.00000     0.00069   0.00080   0.00075   0.00061   0.00055   0.00058    0.00031

 C96         0.37748   0.32474   0.35134     1.00000     0.01458   0.01324   0.01366   0.00188   0.00152   0.00208    0.01381
   0.00285   0.00010   0.00014   0.00008     0.00000     0.00060   0.00067   0.00069   0.00053   0.00049   0.00049    0.00026

 C99         0.16330   0.36659   0.05155     1.00000     0.02002   0.01929   0.01285   0.00072   0.00123  -0.00065    0.01740
   0.00302   0.00011   0.00016   0.00009     0.00000     0.00069   0.00076   0.00070   0.00058   0.00053   0.00058    0.00029

 C101        0.45827   0.30297   0.39031     1.00000     0.01701   0.01703   0.01623   0.00077  -0.00067   0.00094    0.01689
   0.00301   0.00011   0.00015   0.00009     0.00000     0.00065   0.00074   0.00074   0.00058   0.00053   0.00054    0.00029

 H101        0.49371   0.36940   0.40364     1.00000     0.02027
                                             0.00000     0.00000

 C108        0.41193   0.69131   0.27607     1.00000     0.02194   0.01930   0.02281   0.00615  -0.00065  -0.00556    0.02151
   0.00324   0.00012   0.00016   0.00010     0.00000     0.00076   0.00080   0.00088   0.00066   0.00063   0.00061    0.00034

 H10A        0.38591   0.66435   0.23097     1.00000     0.03227
                                             0.00000     0.00000

 H10B        0.46016   0.74495   0.26955     1.00000     0.03227
                                             0.00000     0.00000

 H10C        0.36868   0.73375   0.30028     1.00000     0.03227
                                             0.00000     0.00000

 C114        0.44579   0.58003   0.32020     1.00000     0.01350   0.01597   0.01689   0.00292   0.00090  -0.00321    0.01548
   0.00289   0.00010   0.00015   0.00009     0.00000     0.00060   0.00070   0.00073   0.00057   0.00050   0.00051    0.00028



 Final Structure Factor Calculation for  MRMN-C in P2(1)/c                                                          

 Total number of l.s. parameters =   348  Maximum vector length =  623   Memory required =     5783 /    31773

 wR2 = 0.0486 before cycle   5 for   16242 data and      0 /    348 parameters

 GooF = S =     1.076;     Restrained GooF =      1.076 for       0 restraints

 Weight = 1 / [ sigma^2(Fo^2) + ( 0.0141 * P )^2 +   1.40 * P ]   where  P = ( Max ( Fo^2, 0 ) + 2 * Fc^2 ) / 3

 R1 =  0.0240 for   13656 Fo > 4sig(Fo)  and  0.0351 for all   16242 data
 wR2 =  0.0486,  GooF = S =   1.076,  Restrained GooF =    1.076  for all data

 Occupancy sum of asymmetric unit =    37.00 for non-hydrogen and    46.00 for H and D atoms



 Principal mean square atomic displacements U

   0.0127   0.0105   0.0096   Pt2  
   0.0262   0.0227   0.0101   S2  
   0.0234   0.0204   0.0101   Cl9  
   0.0209   0.0182   0.0107   Cl12  
   0.0145   0.0128   0.0113   P14  
   0.0136   0.0115   0.0105   P19  
   0.0644   0.0261   0.0148   C3  
   0.0153   0.0144   0.0121   O5  
   0.0294   0.0213   0.0129   C12  
   0.0351   0.0200   0.0137   C16  
   0.0215   0.0183   0.0126   C17  
   0.0200   0.0146   0.0116   C1  
   0.0303   0.0170   0.0148   C8  
   0.0224   0.0200   0.0136   C11  
   0.0409   0.0298   0.0139   C2  
   0.0282   0.0221   0.0155   C19  
   0.0279   0.0246   0.0138   C22  
   0.0258   0.0185   0.0106   C30  
   0.0165   0.0120   0.0111   C31  
   0.0414   0.0296   0.0129   C38  
   0.0280   0.0198   0.0136   C41  
   0.0230   0.0208   0.0151   C44  
   0.0271   0.0262   0.0127   C48  
   0.0367   0.0274   0.0130   C54  
   0.0189   0.0158   0.0119   C62  
   0.0317   0.0224   0.0164   C66  
   0.0182   0.0147   0.0111   C68  
   0.0341   0.0230   0.0127   C73  
   0.0271   0.0194   0.0118   C76  
   0.0165   0.0147   0.0133   C77  
   0.0212   0.0200   0.0122   C82  
   0.0254   0.0188   0.0120   C94  
   0.0166   0.0138   0.0110   C96  
   0.0205   0.0189   0.0128   C99  
   0.0191   0.0175   0.0141   C101  
   0.0315   0.0199   0.0131   C108  
   0.0206   0.0150   0.0108   C114  

     0  atoms may be split and     0  atoms NPD



 Analysis of variance for reflections employed in refinement      K = Mean[Fo^2] / Mean[Fc^2]  for group


 Fc/Fc(max)       0.000    0.014    0.026    0.040    0.056    0.073    0.092    0.114    0.143    0.189    1.000

 Number in group      1665.    1607.    1633.    1676.    1588.    1596.    1644.    1621.    1585.    1627.

            GooF      0.930    1.197    1.262    1.191    1.049    1.016    0.970    0.964    0.996    1.138

             K        0.468    0.825    0.937    0.962    0.987    0.999    1.004    1.009    1.010    1.002


 Resolution(A)    0.58     0.61     0.64     0.66     0.70     0.74     0.80     0.88     1.01     1.27     inf

 Number in group      1683.    1568.    1620.    1629.    1621.    1654.    1585.    1635.    1612.    1635.

            GooF      1.175    1.082    1.051    1.019    0.988    0.914    0.897    0.885    1.052    1.545

             K        0.974    1.009    1.012    1.012    1.008    1.007    1.003    1.003    0.997    1.001

             R1       0.094    0.075    0.060    0.049    0.038    0.029    0.023    0.017    0.014    0.015


 Recommended weighting scheme:  WGHT      0.0141      1.4032
 Note that in most cases convergence will be faster if fixed weights (e.g. the
 default WGHT 0.1) are retained until the refinement is virtually complete, and
 only then should the above recommended values be used.



 Most Disagreeable Reflections (* if suppressed or used for Rfree).
 Error/esd is calculated as sqrt(wD^2/<wD^2>) where w is given by the weight
 formula, D = Fo^2-Fc^2 and <> refers to the average over all reflections.

     h   k   l          Fo^2          Fc^2    Error/esd  Fc/Fc(max)  Resolution(A)

    -8   0   8        989.30        452.13       6.66       0.037       1.55
     2  18   7        219.81        912.03       6.25       0.053       0.59
    -5  14  21        115.39        836.59       6.21       0.051       0.59
     1   5   3       1558.05       1168.35       5.98       0.060       2.05
     2   5   1       7639.70       6724.25       5.59       0.144       2.09
   -12   0   6        782.32        311.10       5.57       0.031       1.21
     4   1   7      14222.38      16028.31       5.47       0.222       2.08
     2   4   5       1803.73       2187.91       5.43       0.082       2.11
    -1   4   2       2487.86       2080.60       5.34       0.080       2.61
     3  18   7        836.73       1647.06       5.31       0.071       0.59
   -19  12   2       1370.80       2307.96       5.23       0.084       0.60
     1   4   6       1084.26       1355.43       4.97       0.065       2.04
    14   1  22        -30.19        198.29       4.97       0.025       0.65
    -3   1   7      25933.23      23661.09       4.97       0.270       2.42
     4   4   3      15349.25      16961.24       4.95       0.228       2.07
     6   2   5       3333.10       3933.01       4.92       0.110       1.90
    -2   1   4       8034.51       7173.28       4.90       0.149       3.92
    17  13   2        220.93        726.02       4.81       0.047       0.61
     3   5   1       4826.06       4212.19       4.74       0.114       2.00
    -4   2  12       4853.52       5562.27       4.72       0.131       1.46
    -5   2   3      10555.58       9496.50       4.68       0.171       2.53
     4   9   2       3548.35       4142.37       4.65       0.113       1.15
    13  13   6        206.15        509.89       4.54       0.040       0.66
     0   1   8        804.94        604.62       4.54       0.043       2.32
    18  12   1        165.73        487.41       4.51       0.039       0.62
     1   4   0       3051.40       2669.03       4.44       0.091       2.70
     2   1   9      63289.36      68386.55       4.41       0.459       1.95
    19   7  10        315.65        692.71       4.37       0.046       0.65
     1  18   4        501.11        943.79       4.37       0.054       0.60
     5   0   0       3271.66       2750.30       4.30       0.092       3.04
     2   4   7        586.67        766.97       4.30       0.049       1.84
    -5   0   2      18685.79      17074.32       4.26       0.229       2.98
    18  12   0       1730.14       2862.78       4.25       0.094       0.62
     2   5   2        756.88        944.26       4.24       0.054       2.05
   -18  12   1        158.80        426.37       4.22       0.036       0.62
    -2   2   3       1193.19        993.39       4.19       0.055       3.74
     2   6  10       1712.88       2023.01       4.16       0.079       1.28
     8   6  15       3078.82       3719.07       4.09       0.107       0.89
     8   9  24        190.85        555.01       4.07       0.041       0.61
    -8   8   8         81.98          3.99       3.99       0.004       1.03
     2   4   2      13372.75      12372.19       3.99       0.195       2.47
     2  17   7        248.69        536.15       3.89       0.041       0.63
   -20  12   4        207.83        667.66       3.89       0.045       0.59
   -17  13   1       1317.54       2004.19       3.88       0.079       0.62
     4   1   8       2025.35       2409.95       3.87       0.086       1.91
     2   5   7        439.28        568.31       3.82       0.042       1.65
    -7   0   4       3995.04       4610.30       3.81       0.119       2.05
    -3   1   3        846.40        682.20       3.81       0.046       3.88
   -24   7   2       1441.98       2101.25       3.81       0.080       0.59
     4   4   5       1722.00       1999.49       3.79       0.078       1.88



 Bond lengths and angles

 Pt2 -       Distance       Angles
 Cl9       2.3098 (0.0004) 
 P14       2.3205 (0.0004)   95.94 (0.01)
 Cl12      2.3209 (0.0004)  164.24 (0.01)  87.71 (0.01)
 P19       2.3239 (0.0004)   96.92 (0.01) 151.72 (0.01)  86.70 (0.01)
               Pt2 -         Cl9           P14           Cl12         

 S2 -        Distance       Angles
 C1        1.7566 (0.0017) 
 C17       1.7632 (0.0019)   97.62 (0.08)
               S2 -          C1           

 Cl9 -       Distance       Angles
 Pt2       2.3098 (0.0004) 
               Cl9 -        

 Cl12 -      Distance       Angles
 Pt2       2.3209 (0.0004) 
               Cl12 -       

 P14 -       Distance       Angles
 C62       1.8470 (0.0017) 
 C76       1.8965 (0.0016)  100.29 (0.08)
 C99       1.9033 (0.0017)  110.43 (0.08) 110.50 (0.08)
 Pt2       2.3205 (0.0004)  103.21 (0.05) 116.47 (0.06) 114.56 (0.05)
               P14 -         C62           C76           C99          

 P19 -       Distance       Angles
 C96       1.8508 (0.0016) 
 C114      1.8953 (0.0016)  110.02 (0.07)
 C77       1.8995 (0.0016)  100.95 (0.07) 110.17 (0.07)
 Pt2       2.3239 (0.0004)  102.96 (0.05) 115.94 (0.05) 115.33 (0.05)
               P19 -         C96           C114          C77          

 C3 -        Distance       Angles
 C16       1.5149 (0.0026) 
 H3A       0.9600           109.47       
 H3B       0.9600           109.47        109.47       
 H3C       0.9600           109.47        109.47        109.47       
               C3 -          C16           H3A           H3B          

 O5 -        Distance       Angles
 C31       1.3967 (0.0018) 
 C68       1.4015 (0.0019)  117.50 (0.12)
               O5 -          C31          

 C12 -       Distance       Angles
 C16       1.3856 (0.0027) 
 C17       1.3902 (0.0025)  120.07 (0.16)
 H12       0.9300           119.97        119.97       
               C12 -         C16           C17          

 C16 -       Distance       Angles
 C12       1.3856 (0.0027) 
 C8        1.3882 (0.0026)  118.25 (0.17)
 C3        1.5149 (0.0026)  120.49 (0.17) 121.24 (0.18)
               C16 -         C12           C8           

 C17 -       Distance       Angles
 C12       1.3902 (0.0025) 
 C68       1.3926 (0.0023)  121.38 (0.17)
 S2        1.7632 (0.0019)  119.35 (0.13) 119.22 (0.13)
               C17 -         C12           C68          

 C1 -        Distance       Angles
 C30       1.3905 (0.0023) 
 C31       1.3985 (0.0022)  120.91 (0.15)
 S2        1.7566 (0.0017)  119.98 (0.12) 119.11 (0.12)
               C1 -          C30           C31          

 C8 -        Distance       Angles
 C16       1.3882 (0.0026) 
 C62       1.4101 (0.0024)  123.52 (0.17)
 H8        0.9300           118.24        118.24       
               C8 -          C16           C62          

 C11 -       Distance       Angles
 C77       1.5376 (0.0023) 
 H11A      0.9600           109.47       
 H11B      0.9600           109.47        109.47       
 H11C      0.9600           109.47        109.47        109.47       
               C11 -         C77           H11A          H11B         

 C2 -        Distance       Angles
 C94       1.5091 (0.0024) 
 H2A       0.9600           109.47       
 H2B       0.9600           109.47        109.47       
 H2C       0.9600           109.47        109.47        109.47       
               C2 -          C94           H2A           H2B          

 C19 -       Distance       Angles
 C99       1.5445 (0.0025) 
 H19A      0.9600           109.47       
 H19B      0.9600           109.47        109.47       
 H19C      0.9600           109.47        109.47        109.47       
               C19 -         C99           H19A          H19B         

 C22 -       Distance       Angles
 C99       1.5335 (0.0024) 
 H22A      0.9600           109.47       
 H22B      0.9600           109.47        109.47       
 H22C      0.9600           109.47        109.47        109.47       
               C22 -         C99           H22A          H22B         

 C30 -       Distance       Angles
 C94       1.3869 (0.0025) 
 C1        1.3905 (0.0023)  120.49 (0.15)
 H30       0.9300           119.75        119.75       
               C30 -         C94           C1           

 C31 -       Distance       Angles
 O5        1.3967 (0.0018) 
 C1        1.3985 (0.0022)  118.52 (0.14)
 C96       1.4066 (0.0022)  121.52 (0.13) 119.92 (0.14)
               C31 -         O5            C1           

 C38 -       Distance       Angles
 C76       1.5416 (0.0025) 
 H38A      0.9600           109.47       
 H38B      0.9600           109.47        109.47       
 H38C      0.9600           109.47        109.47        109.47       
               C38 -         C76           H38A          H38B         

 C41 -       Distance       Angles
 C114      1.5360 (0.0024) 
 H41A      0.9600           109.47       
 H41B      0.9600           109.47        109.47       
 H41C      0.9600           109.47        109.47        109.47       
               C41 -         C114          H41A          H41B         

 C44 -       Distance       Angles
 C77       1.5383 (0.0023) 
 H44A      0.9600           109.47       
 H44B      0.9600           109.47        109.47       
 H44C      0.9600           109.47        109.47        109.47       
               C44 -         C77           H44A          H44B         

 C48 -       Distance       Angles
 C114      1.5354 (0.0024) 
 H48A      0.9600           109.47       
 H48B      0.9600           109.47        109.47       
 H48C      0.9600           109.47        109.47        109.47       
               C48 -         C114          H48A          H48B         

 C54 -       Distance       Angles
 C76       1.5354 (0.0026) 
 H54A      0.9600           109.47       
 H54B      0.9600           109.47        109.47       
 H54C      0.9600           109.47        109.47        109.47       
               C54 -         C76           H54A          H54B         

 C62 -       Distance       Angles
 C68       1.4079 (0.0023) 
 C8        1.4101 (0.0024)  116.63 (0.15)
 P14       1.8470 (0.0017)  123.88 (0.12) 119.26 (0.13)
               C62 -         C68           C8           

 C66 -       Distance       Angles
 C99       1.5392 (0.0024) 
 H66A      0.9600           109.47       
 H66B      0.9600           109.47        109.47       
 H66C      0.9600           109.47        109.47        109.47       
               C66 -         C99           H66A          H66B         

 C68 -       Distance       Angles
 C17       1.3926 (0.0023) 
 O5        1.4015 (0.0019)  118.46 (0.15)
 C62       1.4079 (0.0023)  120.12 (0.15) 121.34 (0.14)
               C68 -         C17           O5           

 C73 -       Distance       Angles
 C76       1.5369 (0.0026) 
 H73A      0.9600           109.47       
 H73B      0.9600           109.47        109.47       
 H73C      0.9600           109.47        109.47        109.47       
               C73 -         C76           H73A          H73B         

 C76 -       Distance       Angles
 C54       1.5354 (0.0025) 
 C73       1.5369 (0.0026)  109.11 (0.16)
 C38       1.5416 (0.0025)  108.56 (0.15) 107.51 (0.15)
 P14       1.8965 (0.0016)  111.35 (0.12) 107.24 (0.11) 112.94 (0.13)
               C76 -         C54           C73           C38          

 C77 -       Distance       Angles
 C11       1.5376 (0.0023) 
 C44       1.5383 (0.0023)  109.47 (0.14)
 C82       1.5384 (0.0022)  107.93 (0.13) 108.62 (0.13)
 P19       1.8995 (0.0017)  112.26 (0.11) 111.35 (0.11) 107.06 (0.11)
               C77 -         C11           C44           C82          

 C82 -       Distance       Angles
 C77       1.5384 (0.0022) 
 H82A      0.9600           109.47       
 H82B      0.9600           109.47        109.47       
 H82C      0.9600           109.47        109.47        109.47       
               C82 -         C77           H82A          H82B         

 C94 -       Distance       Angles
 C30       1.3869 (0.0025) 
 C101      1.3946 (0.0024)  117.76 (0.15)
 C2        1.5091 (0.0024)  120.73 (0.16) 121.47 (0.16)
               C94 -         C30           C101         

 C96 -       Distance       Angles
 C101      1.4009 (0.0022) 
 C31       1.4066 (0.0022)  117.07 (0.14)
 P19       1.8508 (0.0016)  120.01 (0.12) 122.91 (0.11)
               C96 -         C101          C31          

 C99 -       Distance       Angles
 C22       1.5335 (0.0024) 
 C66       1.5392 (0.0024)  108.12 (0.15)
 C19       1.5445 (0.0025)  107.67 (0.14) 108.27 (0.14)
 P14       1.9033 (0.0017)  109.94 (0.12) 117.70 (0.12) 104.70 (0.11)
               C99 -         C22           C66           C19          

 C101 -      Distance       Angles
 C94       1.3946 (0.0024) 
 C96       1.4009 (0.0022)  123.55 (0.16)
 H101      0.9300           118.22        118.22       
               C101 -        C94           C96          

 C108 -      Distance       Angles
 C114      1.5458 (0.0024) 
 H10A      0.9600           109.47       
 H10B      0.9600           109.47        109.47       
 H10C      0.9600           109.47        109.47        109.47       
               C108 -        C114          H10A          H10B         

 C114 -      Distance       Angles
 C48       1.5354 (0.0024) 
 C41       1.5360 (0.0024)  108.45 (0.14)
 C108      1.5458 (0.0024)  107.06 (0.14) 108.75 (0.14)
 P19       1.8953 (0.0016)  111.14 (0.12) 116.55 (0.11) 104.42 (0.11)
               C114 -        C48           C41           C108         



 Selected torsion angles

     2.25 ( 0.28)  C17 - C12 - C16 - C8
  -176.06 ( 0.19)  C17 - C12 - C16 - C3
    -1.65 ( 0.27)  C16 - C12 - C17 - C68
   175.86 ( 0.14)  C16 - C12 - C17 - S2
   146.49 ( 0.15)  C1 - S2 - C17 - C12
   -35.95 ( 0.15)  C1 - S2 - C17 - C68
  -142.01 ( 0.14)  C17 - S2 - C1 - C30
    38.17 ( 0.15)  C17 - S2 - C1 - C31
    -1.32 ( 0.29)  C12 - C16 - C8 - C62
   176.98 ( 0.19)  C3 - C16 - C8 - C62
     3.44 ( 0.26)  C31 - C1 - C30 - C94
  -176.38 ( 0.14)  S2 - C1 - C30 - C94
   -44.87 ( 0.20)  C68 - O5 - C31 - C1
   137.45 ( 0.15)  C68 - O5 - C31 - C96
   176.53 ( 0.14)  C30 - C1 - C31 - O5
    -3.64 ( 0.20)  S2 - C1 - C31 - O5
    -5.75 ( 0.24)  C30 - C1 - C31 - C96
   174.07 ( 0.12)  S2 - C1 - C31 - C96
    -0.27 ( 0.26)  C16 - C8 - C62 - C68
  -175.03 ( 0.15)  C16 - C8 - C62 - P14
   -93.13 ( 0.15)  C76 - P14 - C62 - C68
   150.29 ( 0.13)  C99 - P14 - C62 - C68
    27.40 ( 0.15)  Pt2 - P14 - C62 - C68
    81.23 ( 0.15)  C76 - P14 - C62 - C8
   -35.36 ( 0.16)  C99 - P14 - C62 - C8
  -158.24 ( 0.13)  Pt2 - P14 - C62 - C8
   176.75 ( 0.15)  C12 - C17 - C68 - O5
    -0.76 ( 0.21)  S2 - C17 - C68 - O5
     0.01 ( 0.25)  C12 - C17 - C68 - C62
  -177.50 ( 0.12)  S2 - C17 - C68 - C62
    47.33 ( 0.19)  C31 - O5 - C68 - C17
  -135.97 ( 0.15)  C31 - O5 - C68 - C62
     0.92 ( 0.23)  C8 - C62 - C68 - C17
   175.42 ( 0.12)  P14 - C62 - C68 - C17
  -175.72 ( 0.14)  C8 - C62 - C68 - O5
    -1.23 ( 0.22)  P14 - C62 - C68 - O5
  -169.96 ( 0.13)  C62 - P14 - C76 - C54
   -53.43 ( 0.15)  C99 - P14 - C76 - C54
    79.56 ( 0.14)  Pt2 - P14 - C76 - C54
    70.75 ( 0.14)  C62 - P14 - C76 - C73
  -172.72 ( 0.12)  C99 - P14 - C76 - C73
   -39.74 ( 0.14)  Pt2 - P14 - C76 - C73
   -47.52 ( 0.15)  C62 - P14 - C76 - C38
    69.01 ( 0.15)  C99 - P14 - C76 - C38
  -158.00 ( 0.11)  Pt2 - P14 - C76 - C38
    46.51 ( 0.13)  C96 - P19 - C77 - C11
   -69.76 ( 0.13)  C114 - P19 - C77 - C11
   156.65 ( 0.10)  Pt2 - P19 - C77 - C11
   169.65 ( 0.11)  C96 - P19 - C77 - C44
    53.38 ( 0.13)  C114 - P19 - C77 - C44
   -80.21 ( 0.12)  Pt2 - P19 - C77 - C44
   -71.75 ( 0.12)  C96 - P19 - C77 - C82
   171.98 ( 0.11)  C114 - P19 - C77 - C82
    38.39 ( 0.12)  Pt2 - P19 - C77 - C82
     1.55 ( 0.26)  C1 - C30 - C94 - C101
  -176.09 ( 0.17)  C1 - C30 - C94 - C2
  -179.42 ( 0.14)  O5 - C31 - C96 - C101
     2.94 ( 0.23)  C1 - C31 - C96 - C101
     1.87 ( 0.22)  O5 - C31 - C96 - P19
  -175.78 ( 0.12)  C1 - C31 - C96 - P19
    27.12 ( 0.16)  C114 - P19 - C96 - C101
   -89.25 ( 0.14)  C77 - P19 - C96 - C101
   151.29 ( 0.12)  Pt2 - P19 - C96 - C101
  -154.20 ( 0.13)  C114 - P19 - C96 - C31
    89.43 ( 0.14)  C77 - P19 - C96 - C31
   -30.03 ( 0.14)  Pt2 - P19 - C96 - C31
    -4.44 ( 0.27)  C30 - C94 - C101 - C96
   173.19 ( 0.17)  C2 - C94 - C101 - C96
     2.17 ( 0.25)  C31 - C96 - C101 - C94
  -179.07 ( 0.14)  P19 - C96 - C101 - C94
    46.27 ( 0.14)  C96 - P19 - C114 - C48
   156.72 ( 0.12)  C77 - P19 - C114 - C48
   -70.00 ( 0.13)  Pt2 - P19 - C114 - C48
   -78.65 ( 0.14)  C96 - P19 - C114 - C41
    31.79 ( 0.15)  C77 - P19 - C114 - C41
   165.07 ( 0.11)  Pt2 - P19 - C114 - C41
   161.38 ( 0.11)  C96 - P19 - C114 - C108
   -88.18 ( 0.12)  C77 - P19 - C114 - C108
    45.10 ( 0.13)  Pt2 - P19 - C114 - C108

 R1 =  0.0335 for  16242 unique reflections after merging for Fourier


 Electron density synthesis with coefficients Fo-Fc

 Highest peak    1.45  at  0.7636  0.9578  0.1641  [  1.29 A from H82A ]
 Deepest hole   -1.27  at  0.3074  0.4545  0.2221  [  0.80 A from PT2 ]

 Mean =    0.00,   Rms deviation from mean =    0.13,   Highest memory used =     6041 /    89236


 Fourier peaks appended to .res file

              x       y       z       sof     U      Peak   Distances to nearest atoms (including eq.)

 Q1    1   0.2365  0.4578  0.3359   1.00000  0.05    1.45   1.29 H82A  1.43 C82  1.61 H82C  1.67 C77
 Q2    1   0.2774  0.4551  0.2591   1.00000  0.05    1.44   0.75 PT2  1.60 P19  2.43 CL12  2.52 CL9
 Q3    1   0.2570  0.6413  0.2195   1.00000  0.05    1.05   1.55 CL9  1.98 H10A  2.04 PT2  2.41 H12
 Q4    1   0.2260  0.4565  0.1827   1.00000  0.05    0.95   0.84 PT2  1.73 P14  2.27 H19C  2.31 CL9
 Q5    1   0.1942  0.4159  0.2197   1.00000  0.05    0.95   1.02 PT2  1.62 P14  2.29 CL9  2.32 H73C
 Q6    1   0.2643  0.5182  0.2396   1.00000  0.05    0.93   0.77 PT2  1.90 CL9  2.01 P19  2.47 H10A
 Q7    1   0.2603  0.4765  0.1794   1.00000  0.05    0.90   0.86 PT2  2.19 H19C  2.21 P14  2.26 CL12
 Q8    1   0.2466  0.5185  0.1996   1.00000  0.05    0.85   0.82 PT2  1.88 CL9  2.43 H19C  2.52 P14
 Q9    1   0.2211  0.5381  0.2398   1.00000  0.05    0.81   1.11 PT2  1.25 CL9  2.47 P19  2.60 H82A
 Q10   1   0.2363  0.3761  0.2392   1.00000  0.05    0.78   0.98 PT2  1.88 O5  2.05 P14  2.34 CL12
 Q11   1   0.2487  0.4229  0.2632   1.00000  0.05    0.77   0.87 PT2  1.92 P19  2.15 O5  2.46 H82A
 Q12   1   0.3423  0.4568  0.2607   1.00000  0.05    0.75   1.28 P19  1.46 PT2  2.04 CL12  2.28 C96
 Q13   1   0.3265  0.1602  0.3419   1.00000  0.05    0.75   0.71 C31  0.74 C1  1.71 O5  1.97 C96
 Q14   1   0.2813 -0.0745  0.3416   1.00000  0.05    0.74   0.65 S2  2.02 C17  2.27 C1  2.54 H12
 Q15   1   0.3012  0.4967  0.2805   1.00000  0.05    0.72   1.06 P19  1.34 PT2  2.45 C114  2.45 C77
 Q16   1   0.1615  0.2995  0.2348   1.00000  0.05    0.70   1.63 H73A  1.68 P14  1.75 O5  1.76 C62
 Q17   1   0.1799  0.4555  0.3248   1.00000  0.05    0.66   0.80 H82A  1.46 C82  1.71 H82C  2.03 H73C
 Q18   1   0.3173  0.4201  0.2320   1.00000  0.05    0.66   1.03 PT2  1.54 CL12  1.94 P19  2.59 C96
 Q19   1   0.2851  0.3629  0.2049   1.00000  0.05    0.65   1.18 PT2  1.35 CL12  2.17 P14  2.35 O5
 Q20   1   0.2243  0.3767  0.2038   1.00000  0.05    0.64   1.03 PT2  1.45 P14  2.26 CL12  2.26 C62

 Shortest distances between peaks (including symmetry equivalents)

      2  11  0.57      4   7  0.58      7   8  0.65     10  20  0.68      2  15  0.69      6   9  0.69     10  11  0.70
      5  20  0.72     12  18  0.75      6   8  0.78      2   6  0.80      4   8  0.80      5  10  0.84      1  17  0.87
     12  15  0.88      8   9  0.92      2  18  0.92     18  19  0.93     19  20  0.94      6  15  0.95      4  20  0.97
      2  12  0.99      4   5  1.00     10  19  1.04      2  10  1.12      5  11  1.12     11  15  1.17      6  11  1.17
      6   7  1.23     11  18  1.25     11  20  1.26      2   9  1.28     15  18  1.29      7  20  1.33      3   9  1.33
     10  18  1.35      4   6  1.36      6  18  1.36      2   8  1.38      7  19  1.38      4  10  1.39      9  11  1.39
      6  12  1.40      3   8  1.41      3   6  1.41      4  19  1.41      7  18  1.41      5  16  1.41     10  16  1.41
      4   9  1.42     11  19  1.45     16  20  1.45      5   9  1.45      5   8  1.45      2  19  1.46      9  15  1.46
      1  11  1.46      2   5  1.48      5   7  1.48     11  12  1.48      7   9  1.51      2  20  1.53      2   7  1.54
     18  20  1.55      5  19  1.55      1  15  1.57      5   6  1.57      4  11  1.58      2   4  1.59      8  20  1.60
      8  11  1.60      8  18  1.61      6  10  1.62      1   2  1.64      7  10  1.65      4  18  1.66     12  19  1.67
     11  17  1.68      8  15  1.70      7  11  1.73      8  10  1.75      6  20  1.78     10  15  1.79      9  10  1.79
      8  19  1.81     10  12  1.86      6  19  1.87      5  18  1.87      9  20  1.90      8  12  1.91      7  12  1.91
     11  16  1.94      3   7  1.97      9  18  1.98      7  15  1.98      9  17  2.01      1   9  2.03      2  17  2.03
      1   6  2.03      3  15  2.05      1  10  2.05     15  19  2.06      9  12  2.06      5  17  2.08     10  17  2.10
      5  15  2.11     16  19  2.14      4  15  2.14     15  17  2.15      3   4  2.18      2   3  2.19     12  20  2.20
      4  12  2.21     15  20  2.22      1  12  2.26      4  16  2.26      6  17  2.27      9  19  2.29      1   5  2.29
      5  12  2.37     16  17  2.42      1  18  2.46      2  16  2.47      3  12  2.50      3  11  2.55      3  18  2.60
     17  20  2.61      3   5  2.66      1  20  2.66     13  14  2.67      1   8  2.70     16  18  2.73      7  16  2.73
      1  16  2.76      8  17  2.77      9  16  2.77      8  16  2.84      4  17  2.86     12  17  2.86      1  19  2.86
      6  16  2.87     17  18  2.89      1   4  2.91      3  10  2.96      3  20  2.96


 Time profile in seconds
 -----------------------

      0.00: Read and process instructions
      0.00: Fit rigid groups
      0.00: Interpret restraints etc.
      0.00: Generate connectivity array
      0.00: Analyse DFIX and DANG restraints
      0.00: Analyse SAME and SADI restraints
      0.00: Generate CHIV restraints
      0.00: Check if bonds in residues restrained
      0.00: Generate DELU and RIGU restraints
      0.00: Generate SIMU restraints
      0.00: Generate ISOR restraints
      0.00: Generate NCSY restraints
      0.00: Analyse other restraints etc.
      0.23: Read intensity data, sort/merge etc.
      0.01: Set up constraints
      0.00: OSF, H-atoms from difference map
      0.01: Set up l.s. refinement
      0.00: Generate idealized H-atoms
      0.49: Structure factors and derivatives
      1.34: Sum l.s. matrices
      0.00: Generate and apply antibumping restraints
      0.00: Apply other restraints
      0.04: Solve l.s. equations
      0.00: Generate HTAB table
      0.46: Other dependent quantities, CIF, tables
      0.05: Analysis of variance
      0.13: Merge reflections for Fourier and .fcf
      0.02: Fourier summations
      0.18: Peaksearch
      0.01: Analyse peaklist

 ** WARNING: These times are only approximate for multiple threads.
             To get better estimates run with -t1 **

 +++++++++++++++++++++++++++++++++++++++++++++++++++++++++++++++++++++++++++++
 +  mrmn-c        finished at 13:40:56   Total elapsed time:      3.00 secs  +
 +++++++++++++++++++++++++++++++++++++++++++++++++++++++++++++++++++++++++++++
