
 +++++++++++++++++++++++++++++++++++++++++++++++++++++++++++++++++++
 +  SHELXL -  CRYSTAL STRUCTURE REFINEMENT  -   MULTI-CPU VERSION  +
 +  Copyright(C) George M. Sheldrick 1993-2013     Version 2013/4  +
 +  mrmnea                     started at 21:42:14 on 04-Mar-2014  +
 +++++++++++++++++++++++++++++++++++++++++++++++++++++++++++++++++++

 Command line parameters: mrmnea -a50000 -b3000 -c624 -t2

 -a sets the approximate maximum number of atoms including hydrogens.
 -b sets the maximum number of full-matrix parameters (leave unchanged for
 CGLS). For example -b9000 allows refinement of 1000 anisotropic atoms or
 3000 with BLOC 1. For a 32-bit version, -b times the square root of the
 number of threads should not exceed about 65500. -c sets the reflection
 buffer size. This depends on the CPU cache size but will rarely need
 changing. -t sets the number of threads, otherwise the multi-CPU version
 sets this equal to the number of available CPUs. For optimal performance
 on systems with hyperthreading, usually the hyperthreading should be
 switched off or -t used to halve the number of threads; e.g. -t4 rather
 than -t8 for an Intel i7 processor.

 Running  2 threads on  2 processors

 TITL MRMNEa in P21 #4
 CELL 1.54184 8.669665 15.44173 11.948243 90 99.6997 90
 ZERR 2 0.000281 0.000551 0.000428 0 0.0032 0
 LATT -1
 SYMM -X,0.5+Y,-Z
  
 SFAC C H Ag Cl O P S
 UNIT 60 92 2 2 2 4 2

 V =     1576.70     F(000) =     688.0     Mu =   7.64 mm-1      Cell Wt =     1319.97    Rho =  1.390

  
  
 L.S. 4
 PLAN  20
 REM reset to P21 #4
 BOND
 fmap 2
 MORE -1
 CONF
 OMIT 0 -19 1
 OMIT -1 -19 1
 REM <HKL>/Users/melanie/Documents/Research/Thesis/Crystalstructures/MRMNE-AgSt
 REM BuCl/MRMNEa.hkl</HKL>
 WGHT 0.1077 1.3636
 FVAR 7.09777
  
 Ag1   3    -0.16966 -0.24952 -0.33855  11.00000  0.02560  0.01782  0.01781 =
  0.00009  0.00467  0.00267
 Cl6   4    -0.17971 -0.35094 -0.50175  11.00000  0.05444  0.03195  0.02626 =
  -0.01075 -0.00248  0.01329
 P1    6    -0.30551 -0.11224 -0.37763  11.00000  0.02321  0.01356  0.01389 =
  -0.00050  0.00300  0.00092
 S1    7    -0.43004 -0.12174  0.06621  11.00000  0.03110  0.03055  0.01829 =
  0.00232  0.01225  0.00651
 O6    5    -0.30863 -0.19007 -0.13749  11.00000  0.02474  0.01598  0.01421 =
  -0.00387  0.00229  0.00041
 C9    1    -0.37850 -0.10822 -0.15315  11.00000  0.01725  0.00723  0.01851 =
  -0.00490 -0.00440  0.00401
 C13   1    -0.39210 -0.06679 -0.25868  11.00000  0.02317  0.01820  0.01854 =
  -0.00511  0.00432  0.00210
 C16   1    -0.52263  0.00825 -0.08390  11.00000  0.02630  0.02897  0.01955 =
  -0.00408  0.00332  0.00603
 AFIX 43
 H16   2    -0.56570  0.03270 -0.02505  11.00000 -1.20000
 AFIX 0
 C17   1    -0.47373  0.01204 -0.27226  11.00000  0.03053  0.02430  0.01297 =
  0.00674  0.00674  0.00714
 AFIX 43
 H17   2    -0.48527  0.03946 -0.34247  11.00000 -1.20000
 AFIX 0
 P2    6    -0.03314 -0.30966 -0.16102  11.00000  0.02268  0.01514  0.01755 =
  0.00069  0.00316  0.00334
 C3    1    -0.07743 -0.25751 -0.03135  11.00000  0.02477  0.01283  0.01895 =
  -0.00088  0.00601  0.00242
 C5    1    -0.01603 -0.23577  0.17549  11.00000  0.03829  0.01532  0.02621 =
  0.00651  0.00132 -0.00176
 C1    1    -0.24849 -0.17267  0.06658  11.00000  0.02333  0.01623  0.01656 =
  0.00096  0.00252 -0.00379
 C10   1    -0.15091 -0.18670  0.17155  11.00000  0.03152  0.02241  0.01411 =
  -0.00246  0.00958 -0.00307
 AFIX 43
 H10   2    -0.17656 -0.16328  0.23773  11.00000 -1.20000
 AFIX 0
 C2    1     0.01455 -0.26986  0.07502  11.00000  0.03502  0.02777  0.02528 =
  -0.00373 -0.00157  0.00614
 AFIX 43
 H2    2     0.10374 -0.30386  0.07834  11.00000 -1.20000
 AFIX 0
 C4    1    -0.21042 -0.20598 -0.03371  11.00000  0.02055  0.00911  0.01769 =
  0.00042  0.00323  0.00043
 C19   1    -0.44394 -0.07100 -0.06611  11.00000  0.02451  0.02828  0.01773 =
  -0.00189  0.00130  0.00397
 C20   1    -0.53788  0.05099 -0.18650  11.00000  0.03393  0.02197  0.02542 =
  0.00335  0.00194  0.00922
 C6    1     0.08956 -0.25064  0.28686  11.00000  0.05078  0.03234  0.02537 =
  -0.00820 -0.01150 -0.00667
 AFIX 137
 H6a   2     0.11283 -0.19622  0.32482  11.00000 -1.50000
 H6b   2     0.18499 -0.27719  0.27363  11.00000 -1.50000
 H6c   2     0.03844 -0.28801  0.33339  11.00000 -1.50000
 AFIX 0
 C7    1     0.21937 -0.20280 -0.13444  11.00000  0.03442  0.05524  0.05095 =
  -0.00709  0.00595 -0.01854
 AFIX 137
 H7a   2     0.14645 -0.16866 -0.18565  11.00000 -1.50000
 H7b   2     0.32394 -0.19030 -0.14615  11.00000 -1.50000
 H7c   2     0.20952 -0.18908 -0.05760  11.00000 -1.50000
 AFIX 0
 C8    1     0.18479 -0.29844 -0.15650  11.00000  0.02924  0.03264  0.03293 =
  0.00193 -0.00099  0.00219
 C11   1    -0.27553 -0.42161 -0.16899  11.00000  0.04579  0.02945  0.03139 =
  0.00102  0.01228 -0.02091
 AFIX 137
 H11a  2    -0.31329 -0.38098 -0.11912  11.00000 -1.50000
 H11b  2    -0.31718 -0.47801 -0.15809  11.00000 -1.50000
 H11c  2    -0.30833 -0.40380 -0.24632  11.00000 -1.50000
 AFIX 0
 C12   1    -0.04702 -0.06988 -0.47640  11.00000  0.04162  0.04335  0.04434 =
  0.00594  0.01851 -0.01072
 AFIX 137
 H12a  2     0.00054 -0.11876 -0.43441  11.00000 -1.50000
 H12b  2     0.03256 -0.02916 -0.48777  11.00000 -1.50000
 H12c  2    -0.10199 -0.08897 -0.54870  11.00000 -1.50000
 AFIX 0
 C14   1    -0.03932 -0.48216 -0.23273  11.00000  0.05639  0.02456  0.03101 =
  -0.00611  0.01011  0.01121
 AFIX 137
 H14a  2    -0.05974 -0.45367 -0.30513  11.00000 -1.50000
 H14b  2    -0.09313 -0.53672 -0.23762  11.00000 -1.50000
 H14c  2     0.07114 -0.49178 -0.21149  11.00000 -1.50000
 AFIX 0
 C15   1    -0.16365 -0.02588 -0.40903  11.00000  0.02739  0.03038  0.02616 =
  -0.00142  0.00891 -0.00991
 C18   1    -0.47647 -0.12888 -0.49588  11.00000  0.02836  0.02430  0.01803 =
  -0.00064 -0.00206  0.00197
 C1A   1    -0.07167  0.00240 -0.29416  11.00000  0.03752  0.01417  0.04709 =
  0.00294 -0.00338 -0.00174
 AFIX 137
 H1Aa  2    -0.13327  0.04247 -0.25889  11.00000 -1.50000
 H1Ab  2     0.02393  0.02986 -0.30530  11.00000 -1.50000
 H1Ac  2    -0.04797 -0.04739 -0.24624  11.00000 -1.50000
 AFIX 0
 C1B   1    -0.41268 -0.15028 -0.60435  11.00000  0.04163  0.04620  0.00853 =
  -0.00352 -0.00073  0.01235
 AFIX 137
 H1Ba  2    -0.36522 -0.09957 -0.63030  11.00000 -1.50000
 H1Bb  2    -0.49682 -0.16928 -0.66188  11.00000 -1.50000
 H1Bc  2    -0.33593 -0.19545 -0.58901  11.00000 -1.50000
 AFIX 0
 C1C   1    -0.59448 -0.05382 -0.52133  11.00000  0.03246  0.04000  0.02625 =
  -0.00710 -0.00655  0.00572
 AFIX 137
 H1Ca  2    -0.63961 -0.04167 -0.45496  11.00000 -1.50000
 H1Cb  2    -0.67569 -0.06989 -0.58274  11.00000 -1.50000
 H1Cc  2    -0.54161 -0.00319 -0.54212  11.00000 -1.50000
 AFIX 0
 C1D   1    -0.04600 -0.46573 -0.02667  11.00000  0.07583  0.02571  0.02937 =
  0.00714  0.01201  0.00407
 AFIX 137
 H1Da  2     0.06618 -0.46837 -0.01047  11.00000 -1.50000
 H1Db  2    -0.08815 -0.52321 -0.02640  11.00000 -1.50000
 H1Dc  2    -0.08353 -0.43142  0.03013  11.00000 -1.50000
 AFIX 0
 C1E   1     0.21486 -0.32147 -0.27594  11.00000  0.03796  0.06824  0.03456 =
  -0.00171  0.02213  0.00506
 AFIX 137
 H1Ea  2     0.18476 -0.38048 -0.29289  11.00000 -1.50000
 H1Eb  2     0.32408 -0.31447 -0.27907  11.00000 -1.50000
 H1Ec  2     0.15454 -0.28385 -0.33054  11.00000 -1.50000
 AFIX 0
 C1F   1    -0.09749 -0.42487 -0.14272  11.00000  0.03777  0.02954  0.02380 =
  -0.00655  0.00955 -0.00294
 C1G   1    -0.62197  0.13612 -0.20343  11.00000  0.05354  0.03231  0.02588 =
  0.00213  0.00803  0.01728
 AFIX 137
 H1Ga  2    -0.70435  0.13740 -0.15889  11.00000 -1.50000
 H1Gb  2    -0.66573  0.14310 -0.28223  11.00000 -1.50000
 H1Gc  2    -0.54965  0.18233 -0.17999  11.00000 -1.50000
 AFIX 0
 C1H   1    -0.56233 -0.20798 -0.45711  11.00000  0.04394  0.04084  0.03611 =
  0.00423  0.00106 -0.01247
 AFIX 137
 H1Ha  2    -0.49617 -0.25806 -0.45421  11.00000 -1.50000
 H1Hb  2    -0.65704 -0.21801 -0.50990  11.00000 -1.50000
 H1Hc  2    -0.58723 -0.19711 -0.38307  11.00000 -1.50000
 AFIX 0
 C1I   1    -0.23561  0.05316 -0.47570  11.00000  0.04212  0.02190  0.03152 =
  0.00959  0.00693 -0.00456
 AFIX 137
 H1Ia  2    -0.30355  0.03428 -0.54316  11.00000 -1.50000
 H1Ib  2    -0.15378  0.08857 -0.49628  11.00000 -1.50000
 H1Ic  2    -0.29459  0.08615 -0.42946  11.00000 -1.50000
 AFIX 0
 C1J   1     0.29390 -0.35454 -0.07238  11.00000  0.02505  0.07847  0.05542 =
  0.01961 -0.00125  0.02235
 AFIX 137
 H1Ja  2     0.28325 -0.33896  0.00373  11.00000 -1.50000
 H1Jb  2     0.40012 -0.34547 -0.08276  11.00000 -1.50000
 H1Jc  2     0.26687 -0.41442 -0.08525  11.00000 -1.50000
 AFIX 0
 HKLF 4


 Covalent radii and connectivity table for  MRMNEa in P21 #4                                                           
 C    0.770
 H    0.320
 AG   1.440
 CL   0.990
 O    0.660
 P    1.100
 S    1.030

 Ag1 - P1 P2 Cl6
 Cl6 - Ag1
 P1 - C13 C18 C15 Ag1
 S1 - C19 C1
 O6 - C9 C4
 C9 - C19 O6 C13
 C13 - C9 C17 P1
 C16 - C20 C19
 C17 - C20 C13
 P2 - C3 C1F C8 Ag1
 C3 - C2 C4 P2
 C5 - C2 C10 C6
 C1 - C4 C10 S1
 C10 - C5 C1
 C2 - C5 C3
 C4 - C1 C3 O6
 C19 - C9 C16 S1
 C20 - C16 C17 C1G
 C6 - C5
 C7 - C8
 C8 - C7 C1J C1E P2
 C11 - C1F
 C12 - C15
 C14 - C1F
 C15 - C1A C1I C12 P1
 C18 - C1B C1H C1C P1
 C1A - C15
 C1B - C18
 C1C - C18
 C1D - C1F
 C1E - C8
 C1F - C1D C11 C14 P2
 C1G - C20
 C1H - C18
 C1I - C15
 C1J - C8


 Floating origin restraints generated



   h   k   l       Fo^2      Sigma      Why rejected

   0  -1   0      546.17     78.82     observed but should be systematically absent
   0   1   0      394.79     71.01     observed but should be systematically absent


   12471  Reflections read, of which    19  rejected

 -10 =< h =< 10,    -19 =< k =< 16,    -14 =< l =< 14,   Max. 2-theta =  147.89

       2  Systematic absence violations



 Inconsistent equivalents etc.

   h   k   l      Fo^2   Sigma(Fo^2)  N  Esd of mean(Fo^2)

   1 -18   0    40458.96    977.50    2  32570.60
   4  -9   0   341943.66   3575.23    6  22832.64
   4  -7   0   176065.81   4535.63    2  25985.00
   0  -6   0   184741.30   3402.40    2  18929.00
   0  -4   0   219260.50   2903.37    2  33403.50
   3  -4   0   281942.12   2913.40    4  20421.75
   6  -4   0   109329.14   1909.49    6  10414.98
   1   0   0   150862.31   1565.95    2  11304.50
   2   1   0   188541.80   2595.08    2  19542.00
   2   6   0   199380.50   3524.77    2  18045.00
   2 -18   1    12547.91    299.10    2  15548.20
   0 -10   1   147570.58   4381.49    2  22978.50
  -6  -8   1    96206.20   2202.29    4  13108.59
  -3  -7   1   378236.66   5626.25    2  39585.00
  -1  -7   1    48856.12   1819.09    2  11065.20
  -4  -6   1   192221.03   4300.00    2  23250.50
  -1  -6   1   320229.53   2730.04    4  25518.59
   9  -5   1    55006.70   1995.78    2  13023.65
  10  -4   1    50922.18   1521.78    2   8702.50
  -4  -3   1   259140.53   4408.18    2  27248.50
  -2  -1   1    95597.30   1641.86    2   9413.20
   2  -1   1   873094.31   8150.44    2 121371.50
  -3   0   1   431877.78   4970.21    2  27126.50
  -3   2   1   445258.91   5218.83    2  26626.00
   2   2   1   156803.55   2521.89    2  16611.50
   6   2   1    27109.41   1730.33    2   9738.45
  -4   3   1   333118.28   5174.60    2  41963.50
   3   3   1   444102.34   5516.52    2  86425.00
   3   5   1   322668.81   4995.53    2  25638.00
  -1   6   1   353127.94   4211.64    2  33712.00
   1   6   1   486354.09   4540.17    2  27440.50
   9   6   1    36308.74   1452.91    2  11394.95
  -3   9   1   249205.39   4991.44    2  28136.00
  -2  -9   2    39516.41   1942.79    2  13976.45
  -1  -8   2   407123.41   6733.27    2  52951.50
  -4  -6   2    85193.70   2746.44    2  17385.85
   2  -6   2   279321.00   4894.83    2  37508.00
   3  -6   2    52214.59   2036.19    2  11480.35
   5  -6   2    90588.28   1746.91    6  10395.07
  -5  -5   2   111505.32   3534.08    2  23773.05
   5  -5   2    73145.93   3139.74    2  22991.90
  -2  -4   2   424087.16   4327.99    2  32722.00
   0  -4   2   326315.16   2281.16    6  15586.59
  -1  -2   2   636474.12   5355.07    2  27420.50
  10  -2   2    10403.85    248.90    2   8781.58
   0  -1   2   229670.14   2456.01    2  14469.50
  10   0   2    13436.26    521.39    2   8316.42
  10   1   2     5326.57    363.41    2   2692.84
  -9   3   2    17244.61    809.43    2  12834.64
   0   3   2   157223.08   1689.45    2  27516.50

 ** etc. **

     289  Inconsistent equivalents

    5816  Unique reflections, of which      0  suppressed

 R(int) = 0.0724     R(sigma) = 0.0651      Friedel opposites not merged

 Maximum memory for data reduction =     4633 /    57647


 Number of data for d > 0.802A (CIF: max) and d > 0.833A (CIF: full)
 (ignoring systematic absences):
 Unique reflections found (point group)       5816    5367
 Unique reflections possible (point group)    6386    5718
 Unique reflections found (Laue group)        3261    2970
 Unique reflections possible (Laue group)     3316    2975
 Unique Friedel pairs found                   2555    2397
 Unique Friedel pairs possible                3070    2743


 Default effective X-H and X-D distances for T =   20.0C 
 AFIX m =    1     2     3     4   4[N]  3[N]  15[B]  8[O]   9   9[N]   16
 d(X-H) =  0.98  0.97  0.96  0.93  0.86  0.89  1.10  0.82  0.93  0.86  0.93

 Note that these distances are chosen to give the best fit to the X-ray data
 and so avoid the introduction of systematic error.  The true internuclear
 distances are longer and do not vary with temperature!  The apparent
 variation with temperature is caused by libration.


 Least-squares cycle   1   Maximum vector length =  623   Memory required =     5674 /   512475

 wR2 = 0.1585 before cycle   1 for    5816 data and    339 /    339 parameters

 GooF = S =     1.129;     Restrained GooF =      1.129 for       1 restraints

 Weight = 1 / [ sigma^2(Fo^2) + ( 0.1077 * P )^2 +   1.36 * P ]   where  P = ( Max ( Fo^2, 0 ) + 2 * Fc^2 ) / 3


     N      value        esd    shift/esd  parameter

     1     7.09784     0.02392     0.003    OSF

 Mean shift/esd =   0.002  Maximum =    -0.022 for   z  Ag1      

 Max. shift = 0.000 A for H1GC      Max. dU = 0.000 for C1B        


 Least-squares cycle   2   Maximum vector length =  623   Memory required =     5674 /   512475

 wR2 = 0.1585 before cycle   2 for    5816 data and    339 /    339 parameters

 GooF = S =     1.129;     Restrained GooF =      1.128 for       1 restraints

 Weight = 1 / [ sigma^2(Fo^2) + ( 0.1077 * P )^2 +   1.36 * P ]   where  P = ( Max ( Fo^2, 0 ) + 2 * Fc^2 ) / 3


     N      value        esd    shift/esd  parameter

     1     7.09778     0.02392    -0.003    OSF

 Mean shift/esd =   0.001  Maximum =    -0.008 for   z  Ag1      

 Max. shift = 0.000 A for H1GC      Max. dU = 0.000 for C1J        


 Least-squares cycle   3   Maximum vector length =  623   Memory required =     5674 /   512475

 wR2 = 0.1585 before cycle   3 for    5816 data and    339 /    339 parameters

 GooF = S =     1.129;     Restrained GooF =      1.129 for       1 restraints

 Weight = 1 / [ sigma^2(Fo^2) + ( 0.1077 * P )^2 +   1.36 * P ]   where  P = ( Max ( Fo^2, 0 ) + 2 * Fc^2 ) / 3


     N      value        esd    shift/esd  parameter

     1     7.09776     0.02392     0.000    OSF

 Mean shift/esd =   0.000  Maximum =    -0.001 for tors H1GA     

 Max. shift = 0.000 A for H1GB      Max. dU = 0.000 for C1J        


 Least-squares cycle   4   Maximum vector length =  623   Memory required =     5674 /   512475

 wR2 = 0.1585 before cycle   4 for    5816 data and    339 /    339 parameters

 GooF = S =     1.129;     Restrained GooF =      1.128 for       1 restraints

 Weight = 1 / [ sigma^2(Fo^2) + ( 0.1077 * P )^2 +   1.36 * P ]   where  P = ( Max ( Fo^2, 0 ) + 2 * Fc^2 ) / 3


     N      value        esd    shift/esd  parameter

     1     7.09778     0.02392     0.001    OSF

 Mean shift/esd =   0.000  Maximum =     0.001 for  OSF          

 Max. shift = 0.000 A for H1GB      Max. dU = 0.000 for C14        


 Largest correlation matrix elements

     0.580 U11 Ag1 / OSF                     0.568 U33 Ag1 / OSF                     0.548 U22 Ag1 / OSF 



 Idealized hydrogen atom generation before cycle   5

 Name     x       y       z    AFIX  d(X-H)  shift  Bonded to  Conformation determined by

 H16  -0.5657  0.0327 -0.0250   43   0.930   0.000   C16             C20  C19  
 H17  -0.4853  0.0395 -0.3425   43   0.930   0.000   C17             C20  C13  
 H10  -0.1766 -0.1633  0.2377   43   0.930   0.000   C10             C5  C1  
 H2    0.1037 -0.3039  0.0783   43   0.930   0.000   C2              C5  C3  
 H6A   0.1128 -0.1962  0.3248  137   0.960   0.000   C6              C5  H6A  
 H6B   0.1850 -0.2772  0.2736  137   0.960   0.000   C6              C5  H6A  
 H6C   0.0384 -0.2880  0.3334  137   0.960   0.000   C6              C5  H6A  
 H7A   0.1464 -0.1687 -0.1856  137   0.960   0.000   C7              C8  H7A  
 H7B   0.3239 -0.1903 -0.1462  137   0.960   0.000   C7              C8  H7A  
 H7C   0.2095 -0.1891 -0.0576  137   0.960   0.000   C7              C8  H7A  
 H11A -0.3133 -0.3810 -0.1191  137   0.960   0.000   C11             C1F  H11A  
 H11B -0.3172 -0.4780 -0.1581  137   0.960   0.000   C11             C1F  H11A  
 H11C -0.3083 -0.4038 -0.2463  137   0.960   0.000   C11             C1F  H11A  
 H12A  0.0005 -0.1188 -0.4344  137   0.960   0.000   C12             C15  H12A  
 H12B  0.0326 -0.0292 -0.4878  137   0.960   0.000   C12             C15  H12A  
 H12C -0.1020 -0.0890 -0.5487  137   0.960   0.000   C12             C15  H12A  
 H14A -0.0597 -0.4537 -0.3051  137   0.960   0.000   C14             C1F  H14A  
 H14B -0.0931 -0.5367 -0.2376  137   0.960   0.000   C14             C1F  H14A  
 H14C  0.0711 -0.4918 -0.2115  137   0.960   0.000   C14             C1F  H14A  
 H1AA -0.1333  0.0425 -0.2589  137   0.960   0.000   C1A             C15  H1AA  
 H1AB  0.0239  0.0298 -0.3053  137   0.960   0.000   C1A             C15  H1AA  
 H1AC -0.0480 -0.0474 -0.2462  137   0.960   0.000   C1A             C15  H1AA  
 H1BA -0.3652 -0.0996 -0.6303  137   0.960   0.000   C1B             C18  H1BA  
 H1BB -0.4968 -0.1693 -0.6619  137   0.960   0.000   C1B             C18  H1BA  
 H1BC -0.3359 -0.1954 -0.5890  137   0.960   0.000   C1B             C18  H1BA  
 H1CA -0.6396 -0.0417 -0.4550  137   0.960   0.000   C1C             C18  H1CA  
 H1CB -0.6757 -0.0699 -0.5827  137   0.960   0.000   C1C             C18  H1CA  
 H1CC -0.5416 -0.0032 -0.5421  137   0.960   0.000   C1C             C18  H1CA  
 H1DA  0.0662 -0.4684 -0.0105  137   0.960   0.000   C1D             C1F  H1DA  
 H1DB -0.0881 -0.5232 -0.0264  137   0.960   0.000   C1D             C1F  H1DA  
 H1DC -0.0835 -0.4314  0.0301  137   0.960   0.000   C1D             C1F  H1DA  
 H1EA  0.1848 -0.3805 -0.2929  137   0.960   0.000   C1E             C8  H1EA  
 H1EB  0.3241 -0.3145 -0.2791  137   0.960   0.000   C1E             C8  H1EA  
 H1EC  0.1545 -0.2838 -0.3305  137   0.960   0.000   C1E             C8  H1EA  
 H1GA -0.7044  0.1374 -0.1589  137   0.960   0.000   C1G             C20  H1GA  
 H1GB -0.6657  0.1431 -0.2822  137   0.960   0.000   C1G             C20  H1GA  
 H1GC -0.5497  0.1823 -0.1800  137   0.960   0.000   C1G             C20  H1GA  
 H1HA -0.4962 -0.2581 -0.4542  137   0.960   0.000   C1H             C18  H1HA  
 H1HB -0.6570 -0.2180 -0.5099  137   0.960   0.000   C1H             C18  H1HA  
 H1HC -0.5872 -0.1971 -0.3831  137   0.960   0.000   C1H             C18  H1HA  
 H1IA -0.3036  0.0343 -0.5432  137   0.960   0.000   C1I             C15  H1IA  
 H1IB -0.1538  0.0886 -0.4963  137   0.960   0.000   C1I             C15  H1IA  
 H1IC -0.2946  0.0862 -0.4295  137   0.960   0.000   C1I             C15  H1IA  
 H1JA  0.2832 -0.3390  0.0037  137   0.960   0.000   C1J             C8  H1JA  
 H1JB  0.4001 -0.3455 -0.0828  137   0.960   0.000   C1J             C8  H1JA  
 H1JC  0.2669 -0.4144 -0.0853  137   0.960   0.000   C1J             C8  H1JA  



  MRMNEa in P21 #4                                                           

 ATOM           x         y         z          sof         U11       U22       U33       U23       U13       U12        Ueq

 Ag1        -0.16966  -0.24952  -0.33855     1.00000     0.02560   0.01782   0.01781   0.00009   0.00467   0.00267    0.02029
   0.00090   0.00006   0.00003   0.00004     0.00000     0.00029   0.00031   0.00028   0.00022   0.00019   0.00023    0.00019

 Cl6        -0.17971  -0.35094  -0.50175     1.00000     0.05444   0.03195   0.02626  -0.01075  -0.00248   0.01329    0.03862
   0.00464   0.00032   0.00017   0.00020     0.00000     0.00146   0.00127   0.00109   0.00093   0.00098   0.00110    0.00059

 P1         -0.30550  -0.11224  -0.37763     1.00000     0.02321   0.01356   0.01389  -0.00050   0.00300   0.00092    0.01690
   0.00361   0.00023   0.00013   0.00016     0.00000     0.00089   0.00092   0.00087   0.00073   0.00070   0.00075    0.00040

 S1         -0.43004  -0.12174   0.06621     1.00000     0.03110   0.03055   0.01829   0.00232   0.01225   0.00651    0.02571
   0.00433   0.00026   0.00016   0.00018     0.00000     0.00102   0.00119   0.00095   0.00084   0.00076   0.00087    0.00045

 O6         -0.30863  -0.19007  -0.13749     1.00000     0.02474   0.01598   0.01421  -0.00387   0.00229   0.00040    0.01843
   0.01054   0.00064   0.00040   0.00049     0.00000     0.00251   0.00293   0.00233   0.00220   0.00205   0.00219    0.00110

 C9         -0.37850  -0.10822  -0.15315     1.00000     0.01725   0.00723   0.01851  -0.00490  -0.00440   0.00401    0.01518
   0.01347   0.00088   0.00051   0.00065     0.00000     0.00331   0.00344   0.00363   0.00277   0.00263   0.00285    0.00144

 C13        -0.39210  -0.06679  -0.25868     1.00000     0.02317   0.01820   0.01854  -0.00511   0.00432   0.00210    0.01988
   0.01521   0.00094   0.00057   0.00070     0.00000     0.00377   0.00418   0.00385   0.00311   0.00304   0.00311    0.00160

 C16        -0.52263   0.00825  -0.08390     1.00000     0.02630   0.02897   0.01955  -0.00408   0.00332   0.00603    0.02500
   0.01669   0.00102   0.00064   0.00076     0.00000     0.00408   0.00493   0.00394   0.00348   0.00322   0.00350    0.00180

 H16        -0.56570   0.03269  -0.02505     1.00000     0.03000
                                             0.00000     0.00000

 C17        -0.47373   0.01204  -0.27226     1.00000     0.03053   0.02431   0.01297   0.00674   0.00673   0.00714    0.02225
   0.01691   0.00101   0.00059   0.00069     0.00000     0.00403   0.00461   0.00364   0.00320   0.00307   0.00341    0.00169

 H17        -0.48526   0.03946  -0.34248     1.00000     0.02670
                                             0.00000     0.00000

 P2         -0.03314  -0.30966  -0.16102     1.00000     0.02268   0.01514   0.01755   0.00069   0.00316   0.00334    0.01848
   0.00384   0.00024   0.00014   0.00017     0.00000     0.00095   0.00100   0.00093   0.00073   0.00074   0.00072    0.00042

 C3         -0.07743  -0.25751  -0.03135     1.00000     0.02477   0.01283   0.01895  -0.00088   0.00601   0.00242    0.01858
   0.01525   0.00086   0.00063   0.00063     0.00000     0.00331   0.00377   0.00348   0.00323   0.00272   0.00341    0.00146

 C5         -0.01603  -0.23577   0.17549     1.00000     0.03829   0.01532   0.02620   0.00651   0.00132  -0.00176    0.02708
   0.01657   0.00110   0.00057   0.00076     0.00000     0.00438   0.00508   0.00415   0.00332   0.00350   0.00339    0.00193

 C1         -0.24849  -0.17267   0.06658     1.00000     0.02333   0.01623   0.01656   0.00096   0.00252  -0.00379    0.01880
   0.01464   0.00094   0.00055   0.00069     0.00000     0.00355   0.00407   0.00375   0.00292   0.00301   0.00294    0.00157

 C10        -0.15091  -0.18670   0.17155     1.00000     0.03152   0.02241   0.01410  -0.00246   0.00958  -0.00307    0.02202
   0.01635   0.00102   0.00066   0.00067     0.00000     0.00406   0.00461   0.00387   0.00313   0.00325   0.00329    0.00171

 H10        -0.17656  -0.16328   0.23773     1.00000     0.02642
                                             0.00000     0.00000

 C2          0.01455  -0.26986   0.07502     1.00000     0.03502   0.02777   0.02528  -0.00373  -0.00157   0.00614    0.03013
   0.01717   0.00115   0.00061   0.00080     0.00000     0.00449   0.00588   0.00439   0.00346   0.00358   0.00349    0.00214

 H2          0.10374  -0.30386   0.07834     1.00000     0.03615
                                             0.00000     0.00000

 C4         -0.21042  -0.20598  -0.03371     1.00000     0.02055   0.00911   0.01769   0.00042   0.00323   0.00043    0.01578
   0.01417   0.00088   0.00051   0.00066     0.00000     0.00338   0.00368   0.00362   0.00281   0.00289   0.00282    0.00145

 C19        -0.44394  -0.07100  -0.06611     1.00000     0.02451   0.02828   0.01773  -0.00189   0.00130   0.00397    0.02377
   0.01629   0.00099   0.00063   0.00072     0.00000     0.00393   0.00484   0.00390   0.00335   0.00316   0.00344    0.00175

 C20        -0.53788   0.05099  -0.18650     1.00000     0.03393   0.02197   0.02541   0.00335   0.00194   0.00922    0.02746
   0.01840   0.00110   0.00063   0.00080     0.00000     0.00455   0.00476   0.00452   0.00363   0.00362   0.00361    0.00192

 C6          0.08956  -0.25064   0.28686     1.00000     0.05078   0.03234   0.02537  -0.00820  -0.01150  -0.00667    0.03824
   0.01737   0.00120   0.00088   0.00076     0.00000     0.00518   0.00492   0.00428   0.00508   0.00378   0.00590    0.00212

 H6A         0.11283  -0.19622   0.32482     1.00000     0.05735
                                             0.00000     0.00000

 H6B         0.18499  -0.27719   0.27363     1.00000     0.05735
                                             0.00000     0.00000

 H6C         0.03844  -0.28801   0.33339     1.00000     0.05735
                                             0.00000     0.00000

 C7          0.21937  -0.20280  -0.13444     1.00000     0.03442   0.05524   0.05095  -0.00709   0.00595  -0.01854    0.04702
   0.02225   0.00143   0.00093   0.00119     0.00000     0.00560   0.00828   0.00686   0.00613   0.00549   0.00555    0.00316

 H7A         0.14645  -0.16866  -0.18565     1.00000     0.07052
                                             0.00000     0.00000

 H7B         0.32394  -0.19030  -0.14615     1.00000     0.07052
                                             0.00000     0.00000

 H7C         0.20953  -0.18908  -0.05759     1.00000     0.07052
                                             0.00000     0.00000

 C8          0.18479  -0.29844  -0.15650     1.00000     0.02924   0.03263   0.03293   0.00192  -0.00099   0.00219    0.03232
   0.02092   0.00120   0.00083   0.00088     0.00000     0.00500   0.00648   0.00581   0.00390   0.00425   0.00376    0.00252

 C11        -0.27553  -0.42161  -0.16899     1.00000     0.04579   0.02945   0.03139   0.00102   0.01228  -0.02091    0.03487
   0.01842   0.00126   0.00070   0.00090     0.00000     0.00578   0.00544   0.00522   0.00400   0.00418   0.00462    0.00232

 H11A       -0.31329  -0.38098  -0.11912     1.00000     0.05231
                                             0.00000     0.00000

 H11B       -0.31718  -0.47801  -0.15810     1.00000     0.05231
                                             0.00000     0.00000

 H11C       -0.30833  -0.40379  -0.24631     1.00000     0.05231
                                             0.00000     0.00000

 C12        -0.04702  -0.06988  -0.47640     1.00000     0.04162   0.04335   0.04435   0.00594   0.01851  -0.01072    0.04180
   0.02297   0.00134   0.00082   0.00105     0.00000     0.00561   0.00664   0.00626   0.00500   0.00486   0.00481    0.00257

 H12A        0.00054  -0.11876  -0.43441     1.00000     0.06271
                                             0.00000     0.00000

 H12B        0.03256  -0.02916  -0.48777     1.00000     0.06271
                                             0.00000     0.00000

 H12C       -0.10199  -0.08897  -0.54870     1.00000     0.06271
                                             0.00000     0.00000

 C14        -0.03932  -0.48216  -0.23273     1.00000     0.05639   0.02456   0.03101  -0.00611   0.01011   0.01121    0.03700
   0.02127   0.00140   0.00071   0.00089     0.00000     0.00636   0.00538   0.00531   0.00425   0.00456   0.00453    0.00234

 H14A       -0.05974  -0.45367  -0.30513     1.00000     0.05550
                                             0.00000     0.00000

 H14B       -0.09313  -0.53672  -0.23762     1.00000     0.05550
                                             0.00000     0.00000

 H14C        0.07114  -0.49177  -0.21149     1.00000     0.05550
                                             0.00000     0.00000

 C15        -0.16365  -0.02588  -0.40902     1.00000     0.02739   0.03038   0.02616  -0.00142   0.00891  -0.00991    0.02747
   0.01673   0.00106   0.00066   0.00080     0.00000     0.00425   0.00507   0.00447   0.00384   0.00348   0.00359    0.00190

 C18        -0.47647  -0.12888  -0.49588     1.00000     0.02836   0.02429   0.01803  -0.00064  -0.00206   0.00197    0.02425
   0.01591   0.00102   0.00062   0.00074     0.00000     0.00398   0.00476   0.00385   0.00321   0.00318   0.00341    0.00177

 C1A        -0.07167   0.00240  -0.29416     1.00000     0.03752   0.01417   0.04709   0.00294  -0.00338  -0.00174    0.03414
   0.01856   0.00121   0.00064   0.00096     0.00000     0.00501   0.00454   0.00618   0.00405   0.00447   0.00371    0.00226

 H1AA       -0.13327   0.04248  -0.25889     1.00000     0.05121
                                             0.00000     0.00000

 H1AB        0.02393   0.02985  -0.30530     1.00000     0.05121
                                             0.00000     0.00000

 H1AC       -0.04798  -0.04739  -0.24623     1.00000     0.05121
                                             0.00000     0.00000

 C1B        -0.41268  -0.15028  -0.60435     1.00000     0.04164   0.04620   0.00853  -0.00353  -0.00073   0.01235    0.03270
   0.01897   0.00122   0.00076   0.00071     0.00000     0.00517   0.00603   0.00369   0.00367   0.00349   0.00441    0.00220

 H1BA       -0.36522  -0.09957  -0.63030     1.00000     0.04904
                                             0.00000     0.00000

 H1BB       -0.49682  -0.16928  -0.66188     1.00000     0.04904
                                             0.00000     0.00000

 H1BC       -0.33593  -0.19545  -0.58901     1.00000     0.04904
                                             0.00000     0.00000

 C1C        -0.59448  -0.05382  -0.52133     1.00000     0.03246   0.04000   0.02625  -0.00710  -0.00655   0.00572    0.03423
   0.01813   0.00116   0.00074   0.00086     0.00000     0.00471   0.00606   0.00469   0.00415   0.00376   0.00428    0.00223

 H1CA       -0.63961  -0.04167  -0.45496     1.00000     0.05135
                                             0.00000     0.00000

 H1CB       -0.67569  -0.06989  -0.58274     1.00000     0.05135
                                             0.00000     0.00000

 H1CC       -0.54161  -0.00319  -0.54212     1.00000     0.05135
                                             0.00000     0.00000

 C1D        -0.04600  -0.46573  -0.02667     1.00000     0.07583   0.02571   0.02937   0.00714   0.01201   0.00406    0.04327
   0.02345   0.00160   0.00076   0.00092     0.00000     0.00812   0.00564   0.00546   0.00413   0.00526   0.00513    0.00270

 H1DA        0.06618  -0.46837  -0.01047     1.00000     0.06491
                                             0.00000     0.00000

 H1DB       -0.08815  -0.52320  -0.02640     1.00000     0.06491
                                             0.00000     0.00000

 H1DC       -0.08353  -0.43142   0.03013     1.00000     0.06491
                                             0.00000     0.00000

 C1E         0.21486  -0.32147  -0.27594     1.00000     0.03795   0.06824   0.03456  -0.00170   0.02213   0.00506    0.04507
   0.02456   0.00134   0.00093   0.00097     0.00000     0.00554   0.00849   0.00555   0.00557   0.00451   0.00528    0.00283

 H1EA        0.18476  -0.38047  -0.29289     1.00000     0.06760
                                             0.00000     0.00000

 H1EB        0.32408  -0.31448  -0.27907     1.00000     0.06760
                                             0.00000     0.00000

 H1EC        0.15455  -0.28385  -0.33055     1.00000     0.06760
                                             0.00000     0.00000

 C1F        -0.09749  -0.42487  -0.14272     1.00000     0.03777   0.02955   0.02380  -0.00655   0.00954  -0.00294    0.02987
   0.01806   0.00117   0.00067   0.00083     0.00000     0.00479   0.00525   0.00460   0.00381   0.00372   0.00396    0.00199

 C1G        -0.62197   0.13612  -0.20343     1.00000     0.05354   0.03231   0.02588   0.00214   0.00803   0.01728    0.03709
   0.02190   0.00138   0.00072   0.00087     0.00000     0.00631   0.00615   0.00479   0.00408   0.00434   0.00460    0.00242

 H1GA       -0.70437   0.13739  -0.15892     1.00000     0.05563
                                             0.00000     0.00000

 H1GB       -0.66569   0.14311  -0.28223     1.00000     0.05563
                                             0.00000     0.00000

 H1GC       -0.54966   0.18233  -0.17996     1.00000     0.05563
                                             0.00000     0.00000

 C1H        -0.56233  -0.20798  -0.45711     1.00000     0.04394   0.04084   0.03612   0.00423   0.00106  -0.01247    0.04096
   0.02040   0.00134   0.00081   0.00096     0.00000     0.00574   0.00646   0.00564   0.00490   0.00460   0.00484    0.00252

 H1HA       -0.49617  -0.25806  -0.45420     1.00000     0.06144
                                             0.00000     0.00000

 H1HB       -0.65704  -0.21801  -0.50990     1.00000     0.06144
                                             0.00000     0.00000

 H1HC       -0.58723  -0.19711  -0.38307     1.00000     0.06144
                                             0.00000     0.00000

 C1I        -0.23561   0.05316  -0.47570     1.00000     0.04212   0.02191   0.03152   0.00959   0.00693  -0.00456    0.03176
   0.01934   0.00122   0.00066   0.00087     0.00000     0.00514   0.00483   0.00505   0.00390   0.00409   0.00384    0.00207

 H1IA       -0.30355   0.03428  -0.54316     1.00000     0.04765
                                             0.00000     0.00000

 H1IB       -0.15378   0.08857  -0.49627     1.00000     0.04765
                                             0.00000     0.00000

 H1IC       -0.29459   0.08615  -0.42946     1.00000     0.04765
                                             0.00000     0.00000

 C1J         0.29390  -0.35454  -0.07238     1.00000     0.02505   0.07846   0.05541   0.01961  -0.00125   0.02235    0.05390
   0.02810   0.00130   0.00107   0.00116     0.00000     0.00482   0.00986   0.00736   0.00690   0.00472   0.00552    0.00350

 H1JA        0.28325  -0.33896   0.00373     1.00000     0.08085
                                             0.00000     0.00000

 H1JB        0.40012  -0.34547  -0.08276     1.00000     0.08085
                                             0.00000     0.00000

 H1JC        0.26687  -0.41442  -0.08525     1.00000     0.08085
                                             0.00000     0.00000



 Final Structure Factor Calculation for  MRMNEa in P21 #4                                                           

 Total number of l.s. parameters =   339  Maximum vector length =  623   Memory required =     5337 /    34272

 wR2 = 0.1585 before cycle   5 for    5816 data and      2 /    339 parameters

 GooF = S =     1.129;     Restrained GooF =      1.129 for       1 restraints

 Weight = 1 / [ sigma^2(Fo^2) + ( 0.1077 * P )^2 +   1.36 * P ]   where  P = ( Max ( Fo^2, 0 ) + 2 * Fc^2 ) / 3

 R1 =  0.0540 for    5659 Fo > 4sig(Fo)  and  0.0558 for all    5816 data
 wR2 =  0.1585,  GooF = S =   1.129,  Restrained GooF =    1.129  for all data

 Flack x =   -0.009(13) by hole-in-one fit to all intensities
             -0.017(13) from 2367 selected quotients (Parsons' method)

 Occupancy sum of asymmetric unit =    36.00 for non-hydrogen and    46.00 for H and D atoms



 Principal mean square atomic displacements U

   0.0264   0.0177   0.0167   Ag1  
   0.0677   0.0307   0.0175   Cl6  
   0.0234   0.0143   0.0131   P1  
   0.0389   0.0256   0.0126   S1  
   0.0252   0.0189   0.0111   O6  
   0.0290   0.0115   0.0050   C9  
   0.0248   0.0224   0.0124   C13  
   0.0353   0.0226   0.0171   C16  
   0.0361   0.0210   0.0097   C17  
   0.0240   0.0176   0.0138   P2  
   0.0256   0.0182   0.0119   C3  
   0.0412   0.0279   0.0122   C5  
   0.0254   0.0168   0.0142   C1  
   0.0335   0.0215   0.0110   C10  
   0.0436   0.0243   0.0225   C2  
   0.0206   0.0177   0.0091   C4  
   0.0318   0.0222   0.0173   C19  
   0.0394   0.0271   0.0158   C20  
   0.0638   0.0372   0.0137   C6  
   0.0669   0.0507   0.0234   C7  
   0.0388   0.0335   0.0246   C8  
   0.0601   0.0318   0.0127   C11  
   0.0541   0.0498   0.0215   C12  
   0.0601   0.0345   0.0164   C14  
   0.0394   0.0258   0.0172   C15  
   0.0329   0.0237   0.0162   C18  
   0.0563   0.0323   0.0138   C1A  
   0.0583   0.0316   0.0082   C1B  
   0.0518   0.0321   0.0188   C1C  
   0.0762   0.0336   0.0201   C1D  
   0.0691   0.0497   0.0164   C1E  
   0.0403   0.0307   0.0187   C1F  
   0.0632   0.0254   0.0226   C1G  
   0.0589   0.0342   0.0298   C1H  
   0.0438   0.0369   0.0146   C1I  
   0.0920   0.0555   0.0142   C1J  

     0  atoms may be split and     0  atoms NPD



 Analysis of variance for reflections employed in refinement      K = Mean[Fo^2] / Mean[Fc^2]  for group


 Fc/Fc(max)       0.000    0.069    0.101    0.129    0.156    0.182    0.210    0.246    0.297    0.381    1.000

 Number in group       583.     590.     579.     577.     593.     581.     577.     572.     579.     585.

            GooF      0.919    1.078    1.202    1.325    1.240    1.170    1.303    1.082    0.983    0.890

             K        1.060    1.036    1.021    1.024    1.032    1.010    1.013    1.021    1.003    0.981


 Resolution(A)    0.80     0.84     0.88     0.92     0.97     1.03     1.11     1.23     1.41     1.76     inf

 Number in group       583.     593.     584.     572.     580.     584.     573.     588.     576.     583.

            GooF      1.931    1.334    0.985    1.002    1.052    0.929    0.951    0.901    0.890    0.867

             K        0.960    1.009    1.057    1.055    1.061    1.033    0.981    0.957    0.996    0.991

             R1       0.107    0.076    0.065    0.063    0.064    0.052    0.053    0.047    0.045    0.038


 Recommended weighting scheme:  WGHT      0.1077      1.3636
 Note that in most cases convergence will be faster if fixed weights (e.g. the
 default WGHT 0.1) are retained until the refinement is virtually complete, and
 only then should the above recommended values be used.



 Most Disagreeable Reflections (* if suppressed or used for Rfree).
 Error/esd is calculated as sqrt(wD^2/<wD^2>) where w is given by the weight
 formula, D = Fo^2-Fc^2 and <> refers to the average over all reflections.

     h   k   l          Fo^2          Fc^2    Error/esd  Fc/Fc(max)  Resolution(A)

    -8   4  11         16.25        346.80       9.36       0.131       0.81
    -8   2  10         98.16        808.56       9.07       0.200       0.86
     5  13   7         50.22        430.61       8.78       0.146       0.81
     2  -5  13         69.36        570.01       8.53       0.168       0.83
    -9   5   7         72.93        537.42       8.38       0.163       0.86
     4  11   9         53.71        403.22       8.36       0.141       0.84
     1  -8  13        212.54       1040.16       8.19       0.227       0.80
     4  16   4         37.12        314.45       8.11       0.125       0.83
     4  14   7        102.86        477.58       7.36       0.153       0.82
    10   4   1        298.86        989.79       6.96       0.221       0.82
     4  13   8         57.42        278.12       6.85       0.117       0.82
     3  12   9        226.32        733.57       6.56       0.190       0.84
     4  15   6         51.43        239.57       6.48       0.109       0.82
    -8   1  11         -8.05         87.78       6.44       0.066       0.83
    10   1   3         35.47        175.85       6.30       0.093       0.81
    10   2   2         79.24        264.78       5.68       0.114       0.82
    -8   4  10        345.22        898.28       5.44       0.211       0.85
   -10   1   7        214.99        563.65       5.43       0.167       0.82
     3 -11   8        552.01       1301.73       5.38       0.253       0.92
     0  -8  13        180.79        505.26       5.32       0.158       0.82
     3  13   8        489.59       1132.67       5.27       0.236       0.85
   -10  -1   7        270.95        650.43       5.23       0.179       0.82
    -8   6  10        152.81        429.77       5.23       0.146       0.82
    10   3   2         78.03        223.71       4.97       0.105       0.82
     3  11  10         48.20        156.89       4.89       0.088       0.83
     1 -18   1         53.27        360.02       4.83       0.133       0.85
    -7   2  11        441.38        990.77       4.81       0.221       0.88
     3  15   7         56.54        176.11       4.81       0.093       0.82
    -3   8  13        550.17       1170.75       4.80       0.240       0.82
     2  14   9        158.49        381.14       4.80       0.137       0.81
     3  16   5        167.50        412.12       4.74       0.143       0.84
     3  13   9         42.43        139.46       4.64       0.083       0.81
     3  16   3        407.60        861.80       4.60       0.206       0.88
    -9   2   9        480.74        983.62       4.53       0.220       0.83
    -1   6  14        292.24        612.78       4.49       0.174       0.81
    -3 -18   3        464.30        936.60       4.46       0.215       0.81
     3  14   8         38.58        127.81       4.43       0.079       0.82
     2  11  10        564.17       1103.39       4.40       0.233       0.86
     3  11   9        101.93        246.31       4.09       0.110       0.88
     3  15   6         46.15        140.32       4.08       0.083       0.85
     0 -19   2          3.34         45.29       4.06       0.047       0.81
    -2   7   1        712.70       1282.04       3.94       0.251       1.96
     5   9   0       1006.73       1764.22       3.91       0.295       1.21
    -3   5  14        354.95        668.27       3.86       0.182       0.82
   -10   5   4        567.22       1003.12       3.82       0.222       0.83
    -8   0   3        359.76        674.62       3.76       0.182       1.08
     0   0   3        372.42        222.48       3.53       0.105       3.93
    -5  -2  10        761.86       1300.39       3.42       0.253       1.05
     2  13   9        151.25        292.73       3.42       0.120       0.84
    -6  -4  10       1598.32       1032.61       3.36       0.226       0.96



 Bond lengths and angles

 Ag1 -       Distance       Angles
 P1        2.4318 (0.0021) 
 P2        2.4324 (0.0020)  130.47 (0.07)
 Cl6       2.4910 (0.0023)  116.48 (0.07) 112.98 (0.08)
               Ag1 -         P1            P2           

 Cl6 -       Distance       Angles
 Ag1       2.4910 (0.0023) 
               Cl6 -        

 P1 -        Distance       Angles
 C13       1.8535 (0.0084) 
 C18       1.8851 (0.0085)  104.92 (0.39)
 C15       1.8940 (0.0093)  104.22 (0.41) 113.72 (0.43)
 Ag1       2.4318 (0.0021)  115.37 (0.29) 108.62 (0.30) 110.01 (0.32)
               P1 -          C13           C18           C15          

 S1 -        Distance       Angles
 C19       1.7503 (0.0092) 
 C1        1.7589 (0.0087)   97.34 (0.40)
               S1 -          C19          

 O6 -        Distance       Angles
 C9        1.4004 (0.0096) 
 C4        1.4026 (0.0094)  117.43 (0.61)
               O6 -          C9           

 C9 -        Distance       Angles
 C19       1.3902 (0.0116) 
 O6        1.4004 (0.0096)  119.67 (0.75)
 C13       1.4011 (0.0115)  120.09 (0.73) 120.08 (0.70)
               C9 -          C19           O6           

 C13 -       Distance       Angles
 C9        1.4011 (0.0115) 
 C17       1.4036 (0.0120)  117.67 (0.73)
 P1        1.8535 (0.0084)  122.25 (0.61) 120.08 (0.63)
               C13 -         C9            C17          

 C16 -       Distance       Angles
 C20       1.3788 (0.0130) 
 C19       1.3998 (0.0132)  121.65 (0.85)
               C16 -         C20          

 C17 -       Distance       Angles
 C20       1.3832 (0.0129) 
 C13       1.4036 (0.0120)  123.32 (0.77)
               C17 -         C20          

 P2 -        Distance       Angles
 C3        1.8430 (0.0082) 
 C1F       1.8882 (0.0105)  101.94 (0.42)
 C8        1.8890 (0.0107)  106.55 (0.43) 113.37 (0.50)
 Ag1       2.4324 (0.0020)  115.25 (0.27) 110.54 (0.32) 109.11 (0.33)
               P2 -          C3            C1F           C8           

 C3 -        Distance       Angles
 C2        1.3950 (0.0113) 
 C4        1.3973 (0.0111)  116.05 (0.75)
 P2        1.8430 (0.0082)  122.56 (0.66) 121.33 (0.58)
               C3 -          C2            C4           

 C5 -        Distance       Angles
 C2        1.3768 (0.0133) 
 C10       1.3875 (0.0132)  117.65 (0.80)
 C6        1.5003 (0.0116)  122.44 (0.89) 119.90 (0.88)
               C5 -          C2            C10          

 C1 -        Distance       Angles
 C4        1.3937 (0.0115) 
 C10       1.4064 (0.0115)  121.06 (0.78)
 S1        1.7589 (0.0087)  120.28 (0.62) 118.34 (0.65)
               C1 -          C4            C10          

 C10 -       Distance       Angles
 C5        1.3875 (0.0132) 
 C1        1.4064 (0.0115)  119.42 (0.78)
               C10 -         C5           

 C2 -        Distance       Angles
 C5        1.3768 (0.0133) 
 C3        1.3950 (0.0113)  125.29 (0.86)
               C2 -          C5           

 C4 -        Distance       Angles
 C1        1.3937 (0.0115) 
 C3        1.3973 (0.0111)  120.46 (0.73)
 O6        1.4026 (0.0094)  119.94 (0.69) 119.57 (0.68)
               C4 -          C1            C3           

 C19 -       Distance       Angles
 C9        1.3902 (0.0116) 
 C16       1.3998 (0.0132)  119.85 (0.82)
 S1        1.7503 (0.0092)  121.06 (0.69) 119.09 (0.69)
               C19 -         C9            C16          

 C20 -       Distance       Angles
 C16       1.3788 (0.0130) 
 C17       1.3832 (0.0129)  117.40 (0.82)
 C1G       1.5002 (0.0130)  120.72 (0.87) 121.88 (0.84)
               C20 -         C16           C17          

 C6 -        Distance       Angles
 C5        1.5003 (0.0116) 
               C6 -         

 C7 -        Distance       Angles
 C8        1.5211 (0.0171) 
               C7 -         

 C8 -        Distance       Angles
 C7        1.5211 (0.0171) 
 C1J       1.5281 (0.0147)  110.75 (1.15)
 C1E       1.5350 (0.0145)  109.06 (1.09) 107.27 (1.04)
 P2        1.8890 (0.0106)  105.13 (0.83) 118.18 (0.86) 106.13 (0.73)
               C8 -          C7            C1J           C1E          

 C11 -       Distance       Angles
 C1F       1.5233 (0.0140) 
               C11 -        

 C12 -       Distance       Angles
 C15       1.5513 (0.0148) 
               C12 -        

 C14 -       Distance       Angles
 C1F       1.5416 (0.0128) 
               C14 -        

 C15 -       Distance       Angles
 C1A       1.5301 (0.0139) 
 C1I       1.5316 (0.0136)  110.13 (0.83)
 C12       1.5513 (0.0148)  107.68 (0.83) 108.85 (0.82)
 P1        1.8940 (0.0093)  106.32 (0.65) 116.29 (0.65) 107.23 (0.70)
               C15 -         C1A           C1I           C12          

 C18 -       Distance       Angles
 C1B       1.5285 (0.0124) 
 C1H       1.5417 (0.0141)  110.21 (0.87)
 C1C       1.5419 (0.0133)  108.55 (0.75) 108.47 (0.85)
 P1        1.8851 (0.0085)  108.29 (0.61) 103.96 (0.62) 117.20 (0.65)
               C18 -         C1B           C1H           C1C          

 C1A -       Distance       Angles
 C15       1.5301 (0.0139) 
               C1A -        

 C1B -       Distance       Angles
 C18       1.5285 (0.0124) 
               C1B -        

 C1C -       Distance       Angles
 C18       1.5419 (0.0133) 
               C1C -        

 C1D -       Distance       Angles
 C1F       1.5203 (0.0140) 
               C1D -        

 C1E -       Distance       Angles
 C8        1.5350 (0.0145) 
               C1E -        

 C1F -       Distance       Angles
 C1D       1.5203 (0.0140) 
 C11       1.5233 (0.0140)  109.47 (0.87)
 C14       1.5416 (0.0128)  108.53 (0.88) 108.33 (0.85)
 P2        1.8882 (0.0105)  116.72 (0.74) 104.71 (0.69) 108.79 (0.69)
               C1F -         C1D           C11           C14          

 C1G -       Distance       Angles
 C20       1.5002 (0.0130) 
               C1G -        

 C1H -       Distance       Angles
 C18       1.5417 (0.0141) 
               C1H -        

 C1I -       Distance       Angles
 C15       1.5316 (0.0136) 
               C1I -        

 C1J -       Distance       Angles
 C8        1.5281 (0.0147) 
               C1J -        



 Selected torsion angles

   -44.12 ( 0.99)  C4 - O6 - C9 - C19
   140.34 ( 0.74)  C4 - O6 - C9 - C13
    -0.31 ( 1.20)  C19 - C9 - C13 - C17
   175.21 ( 0.72)  O6 - C9 - C13 - C17
   179.23 ( 0.64)  C19 - C9 - C13 - P1
    -5.25 ( 1.07)  O6 - C9 - C13 - P1
   120.22 ( 0.72)  C18 - P1 - C13 - C9
  -119.98 ( 0.73)  C15 - P1 - C13 - C9
     0.74 ( 0.79)  Ag1 - P1 - C13 - C9
   -60.25 ( 0.78)  C18 - P1 - C13 - C17
    59.55 ( 0.78)  C15 - P1 - C13 - C17
  -179.73 ( 0.60)  Ag1 - P1 - C13 - C17
     1.29 ( 1.33)  C9 - C13 - C17 - C20
  -178.26 ( 0.75)  P1 - C13 - C17 - C20
    75.18 ( 0.87)  C1F - P2 - C3 - C2
   -43.89 ( 0.96)  C8 - P2 - C3 - C2
  -165.07 ( 0.71)  Ag1 - P2 - C3 - C2
  -101.91 ( 0.80)  C1F - P2 - C3 - C4
   139.02 ( 0.76)  C8 - P2 - C3 - C4
    17.84 ( 0.84)  Ag1 - P2 - C3 - C4
   -36.82 ( 0.76)  C19 - S1 - C1 - C4
   149.64 ( 0.75)  C19 - S1 - C1 - C10
    -0.98 ( 1.33)  C2 - C5 - C10 - C1
   179.56 ( 0.90)  C6 - C5 - C10 - C1
    -1.15 ( 1.30)  C4 - C1 - C10 - C5
   172.33 ( 0.69)  S1 - C1 - C10 - C5
     1.52 ( 1.48)  C10 - C5 - C2 - C3
  -179.04 ( 1.01)  C6 - C5 - C2 - C3
     0.14 ( 1.47)  C4 - C3 - C2 - C5
  -177.09 ( 0.76)  P2 - C3 - C2 - C5
     2.89 ( 1.25)  C10 - C1 - C4 - C3
  -170.47 ( 0.66)  S1 - C1 - C4 - C3
  -179.13 ( 0.77)  C10 - C1 - C4 - O6
     7.51 ( 1.05)  S1 - C1 - C4 - O6
    -2.33 ( 1.27)  C2 - C3 - C4 - C1
   174.94 ( 0.61)  P2 - C3 - C4 - C1
   179.68 ( 0.76)  C2 - C3 - C4 - O6
    -3.05 ( 1.12)  P2 - C3 - C4 - O6
    37.78 ( 1.00)  C9 - O6 - C4 - C1
  -144.21 ( 0.79)  C9 - O6 - C4 - C3
  -175.94 ( 0.76)  O6 - C9 - C19 - C16
    -0.40 ( 1.28)  C13 - C9 - C19 - C16
     3.96 ( 1.09)  O6 - C9 - C19 - S1
   179.50 ( 0.65)  C13 - C9 - C19 - S1
     0.20 ( 1.40)  C20 - C16 - C19 - C9
  -179.70 ( 0.74)  C20 - C16 - C19 - S1
    31.19 ( 0.79)  C1 - S1 - C19 - C9
  -148.91 ( 0.76)  C1 - S1 - C19 - C16
     0.71 ( 1.42)  C19 - C16 - C20 - C17
  -179.67 ( 0.95)  C19 - C16 - C20 - C1G
    -1.49 ( 1.43)  C13 - C17 - C20 - C16
   178.89 ( 0.95)  C13 - C17 - C20 - C1G
   -51.08 ( 0.93)  C3 - P2 - C8 - C7
  -162.40 ( 0.80)  C1F - P2 - C8 - C7
    73.95 ( 0.87)  Ag1 - P2 - C8 - C7
    73.06 ( 1.11)  C3 - P2 - C8 - C1J
   -38.26 ( 1.15)  C1F - P2 - C8 - C1J
  -161.91 ( 0.93)  Ag1 - P2 - C8 - C1J
  -166.57 ( 0.80)  C3 - P2 - C8 - C1E
    82.11 ( 0.90)  C1F - P2 - C8 - C1E
   -41.55 ( 0.91)  Ag1 - P2 - C8 - C1E
    45.88 ( 0.75)  C13 - P1 - C15 - C1A
   159.55 ( 0.65)  C18 - P1 - C15 - C1A
   -78.36 ( 0.68)  Ag1 - P1 - C15 - C1A
   -77.11 ( 0.76)  C13 - P1 - C15 - C1I
    36.55 ( 0.87)  C18 - P1 - C15 - C1I
   158.64 ( 0.64)  Ag1 - P1 - C15 - C1I
   160.85 ( 0.70)  C13 - P1 - C15 - C12
   -85.48 ( 0.78)  C18 - P1 - C15 - C12
    36.60 ( 0.75)  Ag1 - P1 - C15 - C12
   169.60 ( 0.67)  C13 - P1 - C18 - C1B
    56.34 ( 0.80)  C15 - P1 - C18 - C1B
   -66.51 ( 0.70)  Ag1 - P1 - C18 - C1B
   -73.20 ( 0.75)  C13 - P1 - C18 - C1H
   173.54 ( 0.68)  C15 - P1 - C18 - C1H
    50.69 ( 0.72)  Ag1 - P1 - C18 - C1H
    46.45 ( 0.84)  C13 - P1 - C18 - C1C
   -66.80 ( 0.86)  C15 - P1 - C18 - C1C
   170.35 ( 0.67)  Ag1 - P1 - C18 - C1C
   -45.95 ( 0.87)  C3 - P2 - C1F - C1D
    68.16 ( 0.89)  C8 - P2 - C1F - C1D
  -168.97 ( 0.72)  Ag1 - P2 - C1F - C1D
    75.24 ( 0.67)  C3 - P2 - C1F - C11
  -170.64 ( 0.63)  C8 - P2 - C1F - C11
   -47.77 ( 0.67)  Ag1 - P2 - C1F - C11
  -169.12 ( 0.68)  C3 - P2 - C1F - C14
   -55.00 ( 0.83)  C8 - P2 - C1F - C14
    67.87 ( 0.73)  Ag1 - P2 - C1F - C14


 FMAP and GRID set by program

 FMAP   2   1  21
 GRID    -2.778  -2  -2     2.778   2   2

 R1 =  0.0466 for   3261 unique reflections after merging for Fourier


 Electron density synthesis with coefficients Fo-Fc

 Highest peak    0.89  at  0.2550  0.2418  0.2739  [  1.16 A from AG1 ]
 Deepest hole   -1.77  at  0.0796  0.2524  0.3428  [  0.79 A from AG1 ]

 Mean =    0.00,   Rms deviation from mean =    0.14,   Highest memory used =     5227 /    27363


 Fourier peaks appended to .res file

              x       y       z       sof     U      Peak   Distances to nearest atoms (including eq.)

 Q1    1  -0.2550 -0.2582 -0.2739   1.00000  0.05    0.89   1.16 AG1  2.06 O6  2.30 P2  2.33 H11C
 Q2    1  -0.1076 -0.2517 -0.4166   1.00000  0.05    0.86   1.15 AG1  1.89 CL6  2.28 H12A  2.38 H1EC
 Q3    1  -0.2614 -0.2461 -0.4038   1.00000  0.05    0.81   1.02 AG1  2.03 H1HA  2.13 P1  2.18 CL6
 Q4    1  -0.2230 -0.2079 -0.3097   1.00000  0.05    0.75   0.89 AG1  1.78 P1  2.32 O6  2.71 P2
 Q5    1  -0.0759 -0.2522 -0.2763   1.00000  0.05    0.71   1.01 AG1  1.63 P2  2.26 H1EC  2.42 H7A
 Q6    1  -0.0985 -0.2127 -0.3823   1.00000  0.05    0.69   1.04 AG1  1.85 H12A  2.38 P1  2.44 H1EC
 Q7    1   0.0047 -0.2527 -0.3191   1.00000  0.05    0.64   1.41 H1EC  1.49 AG1  2.10 C1E  2.16 P2
 Q8    1  -0.3520 -0.3225 -0.4046   1.00000  0.05    0.60   1.63 H1HA  1.99 AG1  2.09 CL6  2.25 H11C
 Q9    1  -0.0586 -0.1245 -0.5331   1.00000  0.05    0.57   0.67 H12C  1.08 C12  1.21 H12A  1.71 H12B
 Q10   1  -0.1765 -0.3228 -0.4038   1.00000  0.05    0.56   1.24 CL6  1.37 AG1  2.47 H14A  2.67 H11C
 Q11   1  -0.1455 -0.2485 -0.2212   1.00000  0.05    0.55   1.38 AG1  1.46 P2  2.07 O6  2.25 C3
 Q12   1  -0.1046 -0.2964 -0.3609   1.00000  0.05    0.53   0.98 AG1  1.90 CL6  2.22 H1EC  2.37 P2
 Q13   1   0.0299 -0.2829 -0.4211   1.00000  0.05    0.52   1.39 H1EC  2.18 CL6  2.19 AG1  2.24 C1E
 Q14   1  -0.0057 -0.2718 -0.4532   1.00000  0.05    0.52   1.85 H1EC  1.95 CL6  2.16 AG1  2.37 H12A
 Q15   1  -0.3650 -0.1051 -0.3023   1.00000  0.05    0.52   0.85 C13  1.12 P1  1.81 C9  2.10 C17
 Q16   1  -0.0058 -0.2479 -0.0883   1.00000  0.05    0.48   1.01 C3  1.29 P2  1.96 C2  2.05 H7C
 Q17   1  -0.3982 -0.2504 -0.2723   1.00000  0.05    0.47   1.91 O6  2.09 H1HC  2.20 H1HA  2.25 AG1
 Q18   1  -0.2068 -0.1146 -0.3173   1.00000  0.05    0.46   1.02 P1  1.82 H1AC  1.83 C15  2.00 C13
 Q19   1  -0.2855 -0.2485 -0.6494   1.00000  0.05    0.46   1.22 H1BC  1.88 H1GB  2.00 C1B  2.19 H1BB
 Q20   1  -0.4105 -0.2232 -0.3008   1.00000  0.05    0.46   1.72 H1HC  1.93 H1HA  2.07 O6  2.11 C1H

 Shortest distances between peaks (including symmetry equivalents)

     13  14  0.48     17  20  0.54      2   6  0.72     10  12  0.84      5   7  0.93      1   4  0.95      2  12  0.96
      5  11  0.97      1  11  1.06      2  14  1.10      7  12  1.20      5  12  1.21      6   7  1.23      1  17  1.25
      3   4  1.26      2  10  1.27      2  13  1.30      4  11  1.31      6  12  1.32      7  13  1.36      2   3  1.37
      2   7  1.39      5   6  1.39      3  10  1.39      3   8  1.42     15  18  1.42      1  20  1.44      4   5  1.44
      4  18  1.45      3   6  1.48     12  13  1.48      4   6  1.50      8  10  1.52     12  14  1.55      1   3  1.56
      6  14  1.56      1   5  1.56      3  12  1.57      7  14  1.62      2   5  1.65      4  20  1.66      6  13  1.67
      4  17  1.78     11  16  1.83      6  10  1.83     10  14  1.86     15  20  1.87      4  12  1.87      2   4  1.88
      7  11  1.89      1  12  1.89     11  12  1.91      1   8  1.92     10  13  1.94      5  10  1.95      3  20  1.96
      6  18  2.01      4  15  2.02      3   5  2.02      8  17  2.03      7  10  2.03      1  10  2.06      8  20  2.09
      6  11  2.11      4   7  2.11      3  17  2.12      5  13  2.14      1   6  2.15      8  12  2.16     11  17  2.17
      4  10  2.17      5  16  2.23      3  11  2.24      4   8  2.29      3  18  2.29     15  17  2.30      1   2  2.30
      5  14  2.32      6   9  2.33      1  18  2.33      3   7  2.36     11  20  2.37     11  18  2.38      1   7  2.40
      2   8  2.41      2  11  2.41      5  18  2.42      3  14  2.42     10  11  2.44     18  20  2.47      9  14  2.48
      2   9  2.48      1  15  2.55      3  13  2.63      2  18  2.64      3  15  2.72      6   8  2.75      7  16  2.78
     17  18  2.78      5  17  2.80      7  18  2.81      8  11  2.83      1  16  2.83      9  13  2.83      5   8  2.83
      5  20  2.90     10  17  2.90      3  19  2.91      9  19  2.92      4  14  2.92      2  19  2.95     10  20  2.97
     11  15  2.97      4  13  2.98


 Time profile in seconds
 -----------------------

      0.01: Read and process instructions
      0.00: Fit rigid groups
      0.00: Interpret restraints etc.
      0.00: Generate connectivity array
      0.00: Analyse DFIX and DANG restraints
      0.00: Analyse SAME and SADI restraints
      0.00: Generate CHIV restraints
      0.00: Check if bonds in residues restrained
      0.00: Generate DELU and RIGU restraints
      0.00: Generate SIMU restraints
      0.00: Generate ISOR restraints
      0.00: Generate NCSY restraints
      0.00: Analyse other restraints etc.
      0.05: Read intensity data, sort/merge etc.
      0.00: Set up constraints
      0.00: OSF, H-atoms from difference map
      0.02: Set up l.s. refinement
      0.00: Generate idealized H-atoms
      0.18: Structure factors and derivatives
      0.46: Sum l.s. matrices
      0.00: Generate and apply antibumping restraints
      0.01: Apply other restraints
      0.04: Solve l.s. equations
      0.00: Generate HTAB table
      0.08: Other dependent quantities, CIF, tables
      0.02: Analysis of variance
      0.04: Merge reflections for Fourier and .fcf
      0.01: Fourier summations
      0.02: Peaksearch
      0.00: Analyse peaklist

 ** WARNING: These times are only approximate for multiple threads.
             To get better estimates run with -t1 **

 +++++++++++++++++++++++++++++++++++++++++++++++++++++++++++++++++++++++++++++
 +  mrmnea        finished at 21:42:15   Total elapsed time:      0.94 secs  +
 +++++++++++++++++++++++++++++++++++++++++++++++++++++++++++++++++++++++++++++
